__label__1 悪
__label__1 早く よかっ 良い おかしい
__label__1 難しい 素晴らしい 早い
__label__1
__label__1 うまく
__label__1 大きかっ
__label__1 ほしかっ
__label__1 なかっ ない なかっ ない 長い ない ない ない
__label__1 ほしい
__label__1 ない
__label__1 ない なかっ ひど
__label__1 やすい 甘く いい
__label__1
__label__1 面倒臭
__label__1 無い いい いい 酷い ない 楽しい 高い 多い 多く 面白い 面白い
__label__1 悪い うまく
__label__1 悔しい 悪い
__label__1 悪 楽しい 楽しい おかしく
__label__1 良く 恐ろしい
__label__1 っぽく
__label__1 ない ない
__label__1 安かろ 悪かろ
__label__1 ない
__label__1
__label__1
__label__1 もったいない ない
__label__1
__label__1 よろしい 怪しい
__label__1 悪く
__label__1 上手く 上手い やす 良い
__label__1
__label__1 おかしい なかっ
__label__1 なく 無し ない
__label__1 いい ない おかしく
__label__1 よろしい 怪しい
__label__1 なかっ
__label__1 大き 面白く 良かっ
__label__1 悪い
__label__1 遅かっ
__label__1 ない 安っぽい いい 欲しい
__label__1 悪く 深い ない 厳しい 多く 強い 面白い
__label__1
__label__1 かわいい 良い 楽し 強い 気持ちよく 楽し 弱い 多く 弱い 多く 弱い 悪い 可愛い 無い
__label__1 っぽく 美味しく 不味く
__label__1
__label__1 甘い いい
__label__1 やすい 優しい 弱く 良かっ やすい 高い やすい 多い やすい 多い すごく 面倒くさい すごく いい 早く 良く すごく いい やすい いい やすけれ いい にくい ない
__label__1 難しい
__label__1
__label__1
__label__1 ものすごく
__label__1 遅い
__label__1
__label__1
__label__1 大きい にくい
__label__1 欲し 悪 強く
__label__1
__label__1 良かっ
__label__1 なく な 遅い 良い やすい やすい やす いい おもしろ ない 難しい 高く やすい 多く 高 おもろない つまらな 広 つまらない おもしろい おもろな つまらない 悪い 薄く いい いい おもしろく おもしろい おもしろい むずかしい うまく なし なけれ おもしろく いい いい いい いい 無い 無い にくい 遅 速 楽しい 速い 無い いい ほしい つまらな おもろな 多
__label__1 面白く よかっ
__label__1 優しい 遅 なかっ 遅い なかっ 高 良い
__label__1
__label__1
__label__1 よかっ いい
__label__1 づらかっ
__label__1 良かっ
__label__1
__label__1
__label__1
__label__1 悪い
__label__1
__label__1 やすい
__label__1
__label__1 よろしい 怪しい
__label__1 ない
__label__1 遅かっ 早かっ 早
__label__1 ない ひど やすい
__label__1
__label__1 良い 悪
__label__1 無い 腹立たしい
__label__1
__label__1 素晴らしく 強い 強い いい いい 素晴らしい 弱い 弱い すごい 偉い 面白い 悪い 腹立たし
__label__1 細長い 細い
__label__1 なし
__label__1 いい
__label__1 面白い
__label__1
__label__1 悔しく ない
__label__1
__label__1 なかっ
__label__1 高い
__label__1 少なく 欲しい
__label__1 なく 悪い
__label__1 悪い 良い
__label__1 遅く
__label__1
__label__1 悪い ない 低い ない
__label__1 ほしかっ
__label__1 ない ない
__label__1
__label__1 くさい なかっ くさい
__label__1 ない 低い いい いい ない
__label__1 安い
__label__1
__label__1 無い 怖い
__label__1 薄く
__label__1 弱く 古い 悪い すごく
__label__1
__label__1 安く すごく いい
__label__1
__label__1 安かっ 臭
__label__1 良く
__label__1 うまく 悪く 速く ない ない なく なく ない 何気なし 多い 悪 多
__label__1 大きく
__label__1 怖く
__label__1 なかっ ない なかっ ない 長い ない ない ない
__label__1 ない いい
__label__1 ない
__label__1 にくい 良く
__label__1
__label__1 良 なかっ 高い 良い 高く 良
__label__1 欲しかっ 恐く
__label__1 良かっ 難しい 凄く 良い 酷い
__label__1 高い
__label__1 欲しい ない
__label__1
__label__1
__label__1 良かっ いい
__label__1
__label__1
__label__1 遅い
__label__1 安い 無く
__label__1 臭く いい いい
__label__1 多く
__label__1
__label__1 ない
__label__1
__label__1 小さい 多かっ なし 黄色い
__label__1 悪かっ 少ない 少ない
__label__1
__label__1
__label__1 早い 多い 良い 安かろ 悪かろ
__label__1 ほしかっ
__label__1 大きい
__label__1
__label__1 安い
__label__1
__label__1 ない なく
__label__1 弱い
__label__1
__label__1 いい
__label__1 にくい
__label__1 いい
__label__1 遅い
__label__1 大きい うるさい
__label__1 ない
__label__1 良かっ 物足りない 欲しかっ 良い
__label__1 ほしい
__label__1 面白く 面白く 面白く なく 悪い 優しい 多い 新しい 良い なかっ
__label__1
__label__1 大き
__label__1
__label__1 白い 無く なし 無く ない なかっ
__label__1
__label__1 いい
__label__1
__label__1
__label__1 欲しかっ
__label__1 なかっ
__label__1 酷い
__label__1
__label__1 柔らか あま
__label__1
__label__1
__label__1 悪い
__label__1
__label__1 欲しい
__label__1 高い
__label__1 悪い
__label__1
__label__1 なく ない
__label__1 紛らわしい
__label__1 にくい 難い
__label__1 早く よい
__label__1 ない いい
__label__1 臭く
__label__1
__label__1 ほしい
__label__1 安かろ 悪かろ 素晴らしい 良い 珍しく いい 難しい 無い
__label__1 やすい
__label__1
__label__1
__label__1
__label__1
__label__1 うまく 極まりない ない ない 望ましい
__label__1
__label__1 悪い 悪い おかしい
__label__1 良い いい
__label__1 柔らかく いい
__label__1 熱く ない 凄い 羨ましい
__label__1 良 にくい 臭い 酸っぱい たまらない
__label__1 すごく 無い いい よかっ
__label__1 軽く やすい
__label__1 少ない
__label__1 なく ほしい
__label__1 いい 良い よかっ
__label__1 長く 長く
__label__1 悪い
__label__1 弱い 多く 悪く
__label__1 な 良かっ
__label__1 小さい よく 小さい いい 無
__label__1 悪い 悪い
__label__1 ない
__label__1 ない 良かっ
__label__1
__label__1 少なく
__label__1 なく ほしい
__label__1 無かっ 欲しい
__label__1 素晴らしい
__label__1 見にくい 悪い
__label__1 臭い 大きい
__label__1
__label__1 高い
__label__1 若い よく なかっ
__label__1 小さい なかっ いい
__label__1
__label__1
__label__1 ない
__label__1 ありがたい
__label__1 やすい 無い
__label__1
__label__1 酷い 早い ほしい
__label__1 ない ない
__label__1 良い
__label__1 小さ
__label__1 欲しかっ 速い
__label__1 うまく うまく 上手く なく
__label__1 く 悲しい
__label__1 無い ない 無い
__label__1 欲しかっ 恐く
__label__1 ない
__label__1
__label__1 良く
__label__1
__label__1 ない 悪い 薄い 良かっ 高かっ
__label__1 厳しかっ 難しい
__label__1 悪い 怖い
__label__1 上手く
__label__1 なかっ
__label__1 大きい 赤い 赤い
__label__1
__label__1 難しい にくい 多 面白 ない いい
__label__1 白い 無い
__label__1 良かっ
__label__1 ない ひどい
__label__1
__label__1 難しい 素晴らしい 早い
__label__1
__label__1 腹立たしい
__label__1 薄い 無い よかっ
__label__1 無い 等しい ない
__label__1 高く
__label__1
__label__1 良き 良かっ 良い なく
__label__1 いい いい な
__label__1 ない にぶく
__label__1 素早く
__label__1 なかっ ない なかっ ない 長い ない ない ない
__label__1 とんでもなく 肌寒い
__label__1 欲しい
__label__1 大きかっ
__label__1 小さい きつく 短く 小さい 良い 厳しい
__label__1
__label__1 ない いい
__label__1
__label__1
__label__1 うまく 多く
__label__1 よかっ
__label__1 ない ない
__label__1 多かっ いい
__label__1 欲しい ない ない ない すごく 欲しい
__label__1 とてつもなく
__label__1
__label__1 なし
__label__1
__label__1 無い 良い いい 面倒 手っ取り早い 無けれ ない
__label__1 安く ほしい
__label__1 うまく 丸い
__label__1
__label__1 ない ひどい
__label__1
__label__1 美味しい 安い
__label__1 なかっ
__label__1 おかしい 面白く ない 良い
__label__1
__label__1 なかっ
__label__1 大きい 小さい 大きい
__label__1 優しい 遅 なかっ 遅い なかっ 高 良い
__label__1 ない 気持ちよく
__label__1 おかしい 重い
__label__1 良かっ
__label__1 ない 恥ずかしく づらい 優しく 早く
__label__1
__label__1
__label__1
__label__1 早く
__label__1 高い
__label__1 ない ない 新しく
__label__1 なく 欲しい 面倒臭い ない
__label__1 欲しかっ 恐く
__label__1 悪し
__label__1 ない
__label__1 酷い
__label__1 安けれ 良く 難しく 良い
__label__1 臭い 良い ない
__label__1 欲しい ない ない ない すごく 欲しい
__label__1 悪い 無い 悪い 欲しい ほしい 短 無く
__label__1
__label__1 無い いい 多い 危うい くだらない 多 なくっ いい ない ない
__label__1 すごく いい
__label__1 恐ろしく
__label__1 弱く 軽い 良い 無く 優しい 無かっ すごい 良かっ
__label__1 欲しい 無い
__label__1 ほしい
__label__1 重く
__label__1 すごく
__label__1 にくい
__label__1
__label__1 臭い 酷く
__label__1 良く 良い ややこしい 悪 悪い 高い やすい
__label__1 づらい 短い 安い
__label__1 悪い いい
__label__1 小さい 強い 良い すごい 上手く 楽し なかっ 深く 堅苦しい 上手く 良く 上手い 楽しく 多い 無く 程遠い 楽し 多く 上手く いい 楽しく 深く 楽しい ない 楽し 悲しい
__label__1
__label__1 無い いい 多い 危うい くだらない 多 なくっ いい ない ない
__label__1 高く
__label__1 高い
__label__1 悪い
__label__1 新しく 酸っぱい
__label__1 酷い
__label__1 遅く
__label__1
__label__1 安かっ 低く ない 良い
__label__1 良い
__label__1 いい
__label__1 黄色い いい
__label__1 美味しく
__label__1 難しい 素晴らしい 早い
__label__1 うまく もったいない
__label__1 いい すごく いい いい
__label__1 強く
__label__1 無かっ 無い
__label__1 無い ない 無い
__label__1 うるさい
__label__1
__label__1 大き 安かっ
__label__1
__label__1 ない ひどい
__label__1
__label__1 小さく 軽く にくい 良い
__label__1 ない
__label__1 なく 早い 良かっ ない
__label__1 恐ろしく づらい 無い なし 無かっ 高い
__label__1
__label__1 大き 固く
__label__1 悪 遅い なけれ
__label__1 なく 早い 良かっ ない
__label__1 優しい 遅 なかっ 遅い なかっ 高 良い
__label__1 ない
__label__1 酷い 楽しく 強く 楽しく 楽しく 酷く
__label__1 おかしい
__label__1 なく 見づらく
__label__1
__label__1
__label__1 宜しい
__label__1 悪い ひどかっ
__label__1
__label__1 悪く 臭 臭く 悪く 大きく 臭い
__label__1 厚い
__label__1 近い 欲しかっ
__label__1 安い 低く
__label__1
__label__1
__label__1 素晴らしかっ
__label__1
__label__1
__label__1
__label__1 早く
__label__1 なかっ
__label__1 安い 良い 欲しい
__label__1 弱く
__label__1 っぽかっ 面倒くさく
__label__1 すごく 無い いい よかっ
__label__1
__label__1 よろしい 怪しい
__label__1 腹立たしい 高かっ
__label__1 薄く 白い
__label__1
__label__1 荒い 遅く ほしい ほしい
__label__1
__label__1 ない
__label__1 づらい やすい ない 多かっ 早く 安く なく なく ない なく なく なく なく 高い 長く 楽しく いい いい やすい いい 楽し
__label__1
__label__1 ほしい
__label__1 良い
__label__1 大きい ない ない 大き 悪い ない ない
__label__1 薄い 怖い
__label__1 良い
__label__1 若い よく なかっ
__label__1 無し 欲しい
__label__1 悪かっ 安い すごく
__label__1 ない 良かっ
__label__1 安く ぽい 無い なく
__label__1 早い
__label__1 っぽ 緩く
__label__1 欲しい
__label__1 美味しい 安い
__label__1
__label__1
__label__1 正しい ない 低 欲しい
__label__1 軽く なく きたなく
__label__1 やばい
__label__1 楽しい 悪い
__label__1 いい ない なかっ ない ありがたい
__label__1 いい
__label__1 にくい
__label__1 ない っぽい
__label__1
__label__1 まずい
__label__1 ちょろ
__label__1 なく 早い 良かっ ない
__label__1 安っぽく
__label__1 ない ない ない
__label__1 面白
__label__1 良
__label__1 欲しい 面白 つまらない あざとい
__label__1 多く よい 粗い ない 少なく 悪い
__label__1 安かっ
__label__1 安く 早く いい
__label__1 多
__label__1 安かっ
__label__1 良く 楽しかっ 大きく 小さく
__label__1 うまく ない 細かい
__label__1
__label__1 重い 硬い
__label__1 臭い
__label__1 大き 重 高 はなはだしい やすい いい 大き
__label__1 ない
__label__1 よかっ いい ない ない
__label__1 うまい 薄い
__label__1 なし
__label__1 良かっ 明るい
__label__1 安く 良い
__label__1
__label__1 いい いい 欲しい
__label__1 酷く
__label__1
__label__1 悪く 不味い 良い
__label__1
__label__1 多い 悪い
__label__1 香し
__label__1
__label__1
__label__1
__label__1 にくい
__label__1 高い
__label__1 なかっ
__label__1
__label__1 ない 腹立たしい
__label__1 づらく
__label__1 づらい 易い
__label__1 高かっ 悪く よく 安い 無い
__label__1 高い
__label__1 ものすごく 遅く 遅く なし
__label__1 よろしい 怪しい
__label__1
__label__1 やすい ほしく すごく
__label__1 なし 良く なし 暗い 見やすく やすい なかっ 悪い ない 無い なけれ ほしかっ なく 無い ない 良し 良かっ いい なかっ 高い よろしい
__label__1 悲しい
__label__1 悪い
__label__1
__label__1 良かっ
__label__1
__label__1 なし なし あたらく 腹立たしい
__label__1 古く
__label__1 いい いい 欲しい
__label__1 なく 良く 低い 少ない ほしい
__label__1 強 明るい 多い ない 易 易 易 明る 強 易 暗い 易
__label__1 臭い 美味しい いい
__label__1
__label__1 なかっ
__label__1
__label__1 良い なかっ
__label__1 やすい にくい いい にくい 難しい 多い
__label__1 ひどい ない 大きい 欲しい
__label__1 細かい 強く
__label__1 重く 軽 良く 悪い 悪 細かい なし
__label__1 遅い 遅い 古い 遅い ない 遅い にくい
__label__1 ほしい
__label__1 白い 茶色い 白い 白い 可愛 白い 白い 良い 良く
__label__1 なし もの凄く 高く
__label__1 少ない づらい
__label__1 凄まじかっ 少ない 高
__label__1 赤い 欲しかっ
__label__1 ない ない
__label__1 良く いい
__label__1 良い 少ない うまく
__label__1
__label__1 酷い 近い 近い いい なく なく 無い 重い 酷く つまらない 上手く 新しい 長く 無い 広く 深い 馬鹿馬鹿しい 楽しい
__label__1
__label__1 安かろ 高く いい
__label__1
__label__1 短い
__label__1 短く ない
__label__1 分厚く 短く 低い 良
__label__1
__label__1
__label__1 いい な いい 多 にくい ほしい 細かい 惜しい おもしろかっ
__label__1 物足りない
__label__1
__label__1 酷く 高く 無し 良い
__label__1 はや
__label__1 広く
__label__1 悪く
__label__1 濃い
__label__1 早かっ
__label__1 多い
__label__1 にくい 良い
__label__1
__label__1 なし
__label__1
__label__1
__label__1 ない 良い
__label__1
__label__1 短く 速く
__label__1 なかっ 大きい
__label__1 無かっ 悲しい 良い 面白かっ
__label__1 良い 浅い づらく
__label__1 楽し ない
__label__1 痛い
__label__1 硬い 痛く 良い 無い 安い 汚い ない 良い 悪い
__label__1 早く
__label__1 薄い にくい
__label__1
__label__1
__label__1 無く なし
__label__1 甘 甘い
__label__1
__label__1 よ
__label__1 ない ほしい
__label__1 いい
__label__1
__label__1 物凄い っぽい
__label__1 いい いい 高い
__label__1 すごい ない
__label__1
__label__1
__label__1
__label__1 ない
__label__1 激し 安い 高く
__label__1
__label__1 ない ない 楽しい 強く いい つまらない いい つまらない つまらな 楽しい
__label__1 多く 高い にくい 細かく よく 煩わしい 明るい 良い 良い ほしい
__label__1 いい
__label__1 ない
__label__1 細かい 細かい 荒い 安い ぽく
__label__1
__label__1 ひどい
__label__1 小さい 悪い なく いい
__label__1 高い にくい 上手く 太 にくい
__label__1
__label__1 痛く 悪く 良かっ 臭く 酷い 臭い 高 よく 気持ちいい なけれ 臭い 臭い ない ない なし 大きく 物凄く ありがたい 大き 高 詳しい 優しい 欲しい 欲しい うまく 欲しい
__label__1 いい にくい いい
__label__1
__label__1 多
__label__1 恐ろしい 悲しい
__label__1 弱い 弱い
__label__1 遅かっ
__label__1 小さく
__label__1 粘 高く にくかっ 大きい
__label__1 良かっ
__label__1 なし
__label__1 遅かっ 早かっ 早
__label__1 ない
__label__1 なかっ
__label__1 いい すごく いい いい
__label__1
__label__1
__label__1 長
__label__1 悪く
__label__1 ほしい
__label__1 なかっ
__label__1 高い ひどい
__label__1 楽しい 悪い
__label__1
__label__1 欲しい
__label__1 なく ほしい
__label__1 良く 良い 赤く なく
__label__1
__label__1 ほしい ほしい
__label__1 厳しかっ
__label__1
__label__1 強い つまらなく
__label__1 高い やすい
__label__1
__label__1
__label__1 素晴らしい 面白く 無く
__label__1
__label__1 多い ない ない 楽しく 可愛く 良い 欲しい 上手い ほしい 古き 古い よい 眠たく
__label__1 づらい
__label__1
__label__1
__label__1 素晴らしい ない
__label__1
__label__1
__label__1 欲しい ない ない ない すごく 欲しい
__label__1 煩い 良い よかっ なく 痛く にくい 煩い やすい にくく
__label__1
__label__1 良
__label__1 面白く 面白く 面白く なく 悪い 優しい 多い 新しい 良い なかっ
__label__1 ない 気持ちよく
__label__1 速
__label__1 難しい 難しい 悪い
__label__1 薄く 悪い
__label__1
__label__1
__label__1 高く おかしく 悪い
__label__1 恐ろしい
__label__1 遅い
__label__1 良い 高い
__label__1 いい 正しく 正しい いい 正しい
__label__1
__label__1
__label__1 広い 楽しい 高い 少ない 深く くし いい なかっ
__label__1
__label__1
__label__1
__label__1 うまく 無し
__label__1 良かっ
__label__1 速い
__label__1 無く バカバカしく
__label__1
__label__1 うまく よかっ 悪
__label__1 遅く
__label__1 ない なし いい なし
__label__1 早く 良い
__label__1 にくい
__label__1 無かっ
__label__1 大き づらい 遅い 小さい 良い
__label__1 悪い
__label__1 酷い 楽しい 大きく 弱い 弱い 上手く 多い 強い 弱い
__label__1
__label__1 浅く
__label__1 きつい なかっ
__label__1 ない 怖く
__label__1 小さ づらい 良かっ やすく 欲しかっ 安く 低い よい 欲しい
__label__1 悪く 深い ない 厳しい 多く 強い 面白い
__label__1 良い 低 無かっ ない 多い 良い
__label__1 ない
__label__1
__label__1 欲しい 欲しい
__label__1
__label__1 硬く 凄く 痛い ない
__label__1 臭く 安い
__label__1 欲しかっ 恐く
__label__1
__label__1
__label__1
__label__1
__label__1
__label__1
__label__1 ない ない
__label__1 ない 面倒くさく
__label__1 遅かっ
__label__1 やすく すごく
__label__1
__label__1
__label__1
__label__1
__label__1 いい
__label__1 深い せこい 気持ちよく
__label__1 早く よかっ 良い おかしい
__label__1 ない
__label__1 悪い
__label__1 新しい なかっ 無し
__label__1
__label__1 なかっ 幅広い 良かっ 欲しい
__label__1
__label__1 ない
__label__1 すごい
__label__1 ない ない
__label__1 難しい 素晴らしい 早い
__label__1 なし ない 怖く 悪い 悪く 怖い 怖く ない 怖く
__label__1 よかっ 怖く
__label__1
__label__1
__label__1 遅く
__label__1 腹立たしい
__label__1 なし
__label__1
__label__1
__label__1 ない
__label__1 無い 等しい ない
__label__1 良く な
__label__1 いい ない なかっ ない ありがたい
__label__1 なく
__label__1
__label__1 薄く 安っぽい ほしい
__label__1 暖かく 良い
__label__1 早く 遅く 多い
__label__1
__label__1 ない 良かっ
__label__1
__label__1 よ 無い 無い 無い よかっ 欲しい
__label__1
__label__1 うまく
__label__1 ない
__label__1
__label__1 良かっ 不味 っぽ 凄まじく 悪い 不味い
__label__1 悪く
__label__1
__label__1
__label__1
__label__1 いい
__label__1
__label__1 欲しい 高く 高い 良い なく 弱く
__label__1
__label__1 にくい な なかっ
__label__1 安い いい
__label__1 素晴らしかっ
__label__1 高い 悪い 無く
__label__1
__label__1
__label__1 めんどくさく
__label__1 やすく ほしい 大きい
__label__1
__label__1 良
__label__1 いい
__label__1
__label__1 いい ぽい ない
__label__1 大き 大き 分厚い やすい
__label__1 無し
__label__1 遅い
__label__1 見づらい 難しかっ いい
__label__1
__label__1 悪い 凄く 面白かっ
__label__1 面白い
__label__1 ひどく
__label__1 良い 多く
__label__1
__label__1 悔しく ない
__label__1 安く 馬鹿らしく 安く ない
__label__1
__label__1 ない 高い いい
__label__1 いい すごく いい いい
__label__1 悪い
__label__1 軽い いい 悪い ものすごく 遅い 早い 遅い にくい いい
__label__1 少なく
__label__1 古い
__label__1 なく 安い
__label__1 面白
__label__1 安かっ
__label__1 ひどい なかっ ひどい
__label__1 安い
__label__1
__label__1 小さい
__label__1 いい 臭く
__label__1 でか 大き 良く
__label__1 弱い 無い 無い
__label__1 てひどい 難い
__label__1 臭
__label__1 良い 良い 臭い 大き
__label__1
__label__1
__label__1 強い 悪い 良い 無い 無かっ
__label__1
__label__1 気持ちよく
__label__1 なく
__label__1 面白い 可愛い かわいい 強く 凄まじく 素晴らしい 弱い 弱い 素晴らしい 楽しく いい 楽しい
__label__1 にくく 高く にくい なく 高い
__label__1 酷く づらい この上ない 良い 高い 高く なし
__label__1 欲しい 欲しい
__label__1 良い 懐かし
__label__1 なし ない 怖く 悪い 悪く 怖い 怖く ない 怖く
__label__1 少ない
__label__1
__label__1
__label__1
__label__1 少ない 高い ない
__label__1
__label__1 良かっ
__label__1 面白かっ つまらない
__label__1 遅かっ
__label__1 良い やすく ない 良い 嬉しい
__label__1 安かろ 悪かろ なく 悪い
__label__1 速い
__label__1
__label__1 いい
__label__1 軽い いい 悪い ものすごく 遅い 早い 遅い にくい いい
__label__1 ない
__label__2 少な 多く いい
__label__2 小さく 少ない な
__label__2 大き 大き 欲しい
__label__2 いい 難しい やすい 無い 薄い 少ない いい
__label__2 面白く
__label__2 小さく 軽く ない 早い
__label__2 軽く
__label__2
__label__2 ひどい
__label__2 細かい にくい 細かい でかい 高 良く にく 細かい
__label__2 薄い
__label__2 美味しく やすく がたい
__label__2
__label__2 良かっ 悪い うまく 悪く なかっ 寒い
__label__2
__label__2
__label__2
__label__2 良い 大きい ない 少ない
__label__2 いい 悪い づらい かわい 良かっ 良い
__label__2 ほしく すごい 軽かっ いい いい 重い 重く 長い 痛い 青く かっこいい
__label__2 良かっ ほしい 難しかっ
__label__2 無い
__label__2
__label__2
__label__2 良い うまく
__label__2 ほしい
__label__2 づらかっ すごく
__label__2 物凄く やすい 無い 良い
__label__2
__label__2 高い
__label__2 安い ほしい
__label__2 古い やむを得ない 良い
__label__2 よかっ 大きく 無い 欲しかっ
__label__2 良い ない 安く ありがたかっ 重く ありがたかっ
__label__2
__label__2 なかろ 無かっ ない
__label__2 軽く
__label__2 がたい
__label__2 白く 不味い
__label__2 遅い 無い
__label__2 良かっ
__label__2
__label__2 なく ない やす 辛
__label__2
__label__2 にくく
__label__2 多く 悪い 悪い ない 早い 良い 安かろ 悪かろ
__label__2 なく 強く
__label__2 無かっ
__label__2 良い 臭く
__label__2 嬉しい
__label__2 やすく
__label__2 高い 良い
__label__2 美味しかっ 美味しく やすく にくい
__label__2
__label__2
__label__2 よく なく
__label__2 ありがたい 遅い 勿体ない
__label__2 高い 安い 良い 薄く 小さい にくい
__label__2 いい 図太い すごい
__label__2 固く づらい いい
__label__2
__label__2 ない
__label__2 薄かっ 少ない
__label__2
__label__2 早い いい 強い 長い 薄かっ
__label__2 遅い
__label__2 欲しい ない 悲しい
__label__2 低い いい
__label__2 多い もろい
__label__2 やすく 短く やすい 薄い いい
__label__2 大きく 固い
__label__2 づらく なし ない わずらわしい 安い いい
__label__2 高い ない
__label__2 遅く 良く
__label__2 厚い
__label__2 邪魔くさい ほしい
__label__2 欲しけれ いい 欲しい 嬉しい いい
__label__2 なく いい
__label__2 ひどい よく
__label__2 安い おかしい 古い 汚い
__label__2
__label__2 薄い
__label__2
__label__2 安い 激しい 安い ながい
__label__2 珍しい
__label__2 良く なかっ
__label__2 良い
__label__2 なく づらかっ 荒く ない ない 怪しい にくい
__label__2 辛い 良い 苦しい ない 臭
__label__2 遅し
__label__2 すばらしい すごく むなしい 良 空しく よかっ
__label__2 小さく 広い
__label__2 悪い 高い 新しい よかっ
__label__2 少ない ひどい
__label__2 うれしい
__label__2
__label__2 美味しく やすい 苦しく 良い
__label__2
__label__2 よい 良い にくい ない 面白く 良い
__label__2 良く 辛く 安い
__label__2 狭く 広く 良かっ 狭く 暗く 新しく 酷く 無い ない
__label__2 やすい 物足りなく いい
__label__2 良い 無い
__label__2 高く 良い
__label__2 無く 無い 良く
__label__2 高く
__label__2 多い 美味しかっ 面倒くさい
__label__2 可愛い 甘く 低い
__label__2
__label__2 よかっ
__label__2 小さい 無く 遠く 無い 悪い
__label__2 邪魔くさい ほしい
__label__2 なし 鬱陶しい なし
__label__2 やすい ない
__label__2 薄 無い
__label__2 良い 良い
__label__2 なかっ 面白い 楽し 可愛 多 楽しい しんどく 多い 多く 多い 欲しい 多い 低い 多い 多い 悲しく 多い つまらない 多い 酷い 多い ない 多い ひどい 多い 高い 楽しい ものすごく 多い 楽しい
__label__2 物凄く やすい 無い 良い
__label__2 固く にくい
__label__2
__label__2 長い ない
__label__2 小さ いい
__label__2 高く
__label__2 強く づらい 良い づらい ない 良い
__label__2 多 濃 おかしい 多い 無い 安かろ 悪しかろ
__label__2 大きい 小さい 小さい 粘 高く ぽ やすい 小さい 粘 高い 暗い 黒い ほしい 大きい 小さい
__label__2 おかしい 酷く ない
__label__2 なし
__label__2 高い
__label__2 欲しかっ
__label__2 少なく 遅い ない おかし
__label__2 白い 汚い 古い なかっ
__label__2 良く 悪く 惜しい
__label__2
__label__2 めんどくさい
__label__2
__label__2 良い
__label__2 臭く
__label__2 めんどくさく 多い
__label__2 無い 美味しく 無い
__label__2 にく 良い
__label__2 良い 悪く
__label__2 良く なく
__label__2 悪く 良く
__label__2 広く 薄
__label__2 厚い
__label__2 欲しかっ 楽しく
__label__2 薄く 細い 見づらく やすく
__label__2 良い でかく 重く 良かっ ごつく
__label__2 大きく うまく 細い 良かっ いい
__label__2 物足りなく 無い 無し 懐かし なく
__label__2 大き 小さく
__label__2 小さい
__label__2 ない 難しい 難しく 多い 多い ほしかっ 低い 上手く 多かっ ゆるい なく 無い 多く 良い なく
__label__2 良い
__label__2 粘 弱い やすい 粘 粘 弱い 粘 強い やす
__label__2 薄
__label__2 良く 良い 良い 良く
__label__2 嬉しい
__label__2 高い 低い まずい にくい
__label__2 遅い
__label__2 高 欲しかっ
__label__2 汚い
__label__2 黒い
__label__2 無い にくい 無い 多い いい 多く いい 無い 低い 無く 酷い 悪く にくい
__label__2 なく
__label__2 良い
__label__2 臭い 臭い
__label__2 良い いい 深い ない よく やすい
__label__2 高い いい 安 いい
__label__2 良く 悪く
__label__2 凄まじい 難しく
__label__2 悪い
__label__2 面白 なかっ
__label__2 安い 美味しく
__label__2 弱く 新しい 小さく 見にくかっ 古い 新しい
__label__2 ほしい
__label__2 良い 悪く
__label__2
__label__2 良い
__label__2 真新しい ない よかっ
__label__2 良かっ
__label__2 新しい 白く 重 大き 遅い 遅い いい
__label__2 悪く よかっ 渋い
__label__2 まずかっ なし ない ない 赤い 新しい 涙ぐましい よく
__label__2
__label__2 いい
__label__2 多い
__label__2 無かっ 無かっ
__label__2 なかろ 悪く 良い
__label__2 おいしい
__label__2 怖く
__label__2 やすく 安く やすい
__label__2 すごい 小さい 小さい すごく やすい いい
__label__2 欲しい
__label__2 面白かっ 多く 多い 面白く 欲しい ほしい
__label__2 面白い 永く 面白かっ むず痒い
__label__2
__label__2 高い いい
__label__2 良い
__label__2 強い
__label__2 重く
__label__2 いい
__label__2 ない いい ない 高い
__label__2 づらく 面白い
__label__2 良 怖く
__label__2 良い 細かい 良い 良い 細かい 優しい 良い
__label__2 良かっ 新しく 正しく
__label__2 固い 痛く 無い
__label__2 安い 欲しい
__label__2
__label__2 目新しい 少なかっ やすい
__label__2 よかっ いい にくい 薄 いい やすく
__label__2 薄い づらかっ 欲しかっ 薄く 軽い 悪かっ
__label__2 不味かっ 美味しい 無い
__label__2 長 良かっ 深 薄い 高
__label__2 すごく かしこかっ
__label__2 美味しく
__label__2
__label__2
__label__2 辛く いい 高く 高い 高い ない ほしい 悪い 高い 高い
__label__2
__label__2 安く よかっ なく やすい よい
__label__2 柔らかい ない なかっ な
__label__2 ない 凄く
__label__2 いい いい
__label__2 悪く 高い ほしい
__label__2
__label__2 ない 少なく 低い なかっ 良い
__label__2 良かっ
__label__2 ほしかっ
__label__2 良かっ
__label__2 悪い いい なく
__label__2
__label__2 大き
__label__2 古臭い 酷い
__label__2 やすい 高い
__label__2 なく よかっ
__label__2 大きい 良い
__label__2 酷い
__label__2 多く 欲しい
__label__2
__label__2 悪く 惨い
__label__2 白い
__label__2
__label__2 安い 美味しく
__label__2 欲しかっ いい
__label__2 大きく
__label__2 良く 安かっ 高かっ 辛い 安く 欲しい
__label__2 可愛い うまく 遅 うまく 良い
__label__2 良く
__label__2 浅い 濃い 白く
__label__2
__label__2 真新し ない
__label__2 浅い 悪い 多かっ
__label__2
__label__2
__label__2 遅 うまく
__label__2 暗い
__label__2 近い よかっ
__label__2
__label__2
__label__2
__label__2
__label__2 美味しく 多い 甘い っぽい
__label__2 遅い ない
__label__2 うるさい なし
__label__2 安かっ いい よし おいしい 多く 薄い 緩い 臭い 硬 なし 凄く な
__label__2 ない 難しい 難しく 多い 多い ほしかっ 低い 上手く 多かっ ゆるい なく 無い 多く 良い なく
__label__2 古い
__label__2 づらく
__label__2 安く いい うまく 怪しい よかっ
__label__2 薄い
__label__2 丸い 薄く 良かっ 安い
__label__2
__label__2 難
__label__2 安く
__label__2
__label__2 高い 安い 固く 赤く 悪い
__label__2 よかっ 難しい 無い
__label__2 多 大きい 物足りない ありがたい
__label__2 良く
__label__2 いい なく 悪く
__label__2 早く
__label__2 いい なく 悪く
__label__2 高い
__label__2
__label__2 白い いい 悪い 黒い 古い 良かっ 安い 良
__label__2
__label__2 怪しい
__label__2 やすく 多 多 いい 速 よい 悪く ない いい ない
__label__2 ない
__label__2 ありがたい 遅い 勿体ない
__label__2 うまく 悪い
__label__2 にくい
__label__2 良い なく 固い
__label__2 良い
__label__2 ない 悪く 臭い
__label__2
__label__2 ありがたい ほしい
__label__2
__label__2 やすい 赤い 柔らかい 多く 柔らかい 硬く 柔らかい 良い ない
__label__2
__label__2
__label__2 すごい 臭い 臭く
__label__2 多い 美味しかっ 面倒くさい
__label__2 悪 古い 古い 軽く 怪しい
__label__2 な 高く
__label__2
__label__2
__label__2 やすい ない 邪魔くさい
__label__2
__label__2 よく
__label__2
__label__2 なく なく
__label__2
__label__2 良い ない いい 長い ない 良い いい
__label__2 臭く
__label__2 低 ない ほしい 多く
__label__2 甘く 多く 薄く 欲しい
__label__2 ない 臭う
__label__2 にくい 無い 悪
__label__2 やすい
__label__2 強 強く 弱く なく
__label__2 臭く
__label__2 柔らかい
__label__2 すごい
__label__2 安かっ
__label__2
__label__2 見やすかっ
__label__2 悪い 悪い
__label__2
__label__2
__label__2 重い ほしい
__label__2 低い
__label__2 よく 済まない いい いい
__label__2 良い 細かい
__label__2 安い
__label__2 きつく 少ない やすい なし
__label__2 にく 良い
__label__2
__label__2 良い 安い
__label__2 づら
__label__2 悪い
__label__2
__label__2 やすかっ 早く
__label__2
__label__2
__label__2 無い なけれ 無い 良かっ
__label__2 良かっ 黄色く
__label__2 硬く
__label__2
__label__2 面白い やむを得ない
__label__2 悪く
__label__2 欲しい ない 良から 疑わしく 高く 良い
__label__2 分厚く
__label__2 美味い よろしい 安 良い
__label__2 珍し 薄い 薄い 薄く っぽく 少なく 良く 良い やすい 良い
__label__2 にくい 無い
__label__2
__label__2 うるさい いい 高い
__label__2 汚い なく ない
__label__2
__label__2
__label__2 臭い 臭い
__label__2 なし 極まりない いい
__label__2 早く
__label__2 ない
__label__2 激しい
__label__2 悪い 厳しい
__label__2 薄かっ 少ない
__label__2 なく なく ない うれしい
__label__2 高い
__label__2 やすく
__label__2 ひどい
__label__2 薄 すごい
__label__2
__label__2 安い 凄まじい ない
__label__2 白
__label__2 遅く 悪い
__label__2 ほしい
__label__2 ない ほしかっ 良かっ
__label__2 安い
__label__2 なかっ にくい 長い
__label__2 悪い いい
__label__2 めんどくさい
__label__2
__label__2 無い 良い 良い
__label__2 きつい 臭い やばい 弱く 良かっ
__label__2 すごく 良かっ 欲しかっ よく
__label__2 新しい 高い
__label__2 安い 安かっ 大きい
__label__2
__label__2 良かっ 多かれ 少なかれ すく 高い いい ない
__label__2 柔らかい ない なかっ な
__label__2
__label__2 欲しけれ いい 欲しい 嬉しい いい
__label__2 早く
__label__2 ありがたかっ 切なかっ
__label__2
__label__2 新しい 白く 重 大き 遅い 遅い いい
__label__2 くさい 悪い 悪い 良い ない 安く
__label__2
__label__2 いい
__label__2 ない
__label__2 やすい いい
__label__2 古い づらく づらく 古い
__label__2 いい いい
__label__2
__label__2 なかっ 赤く
__label__2 やすい 無い うまく 悪い
__label__2
__label__2 良い 良い なかっ
__label__2 いい
__label__2
__label__2 良い 面白い 悪い 無い 無い 狭く 悪い ない 無い 無い 無く 長く つまらない 面白い ものすごく 軽い つまらなく 無い
__label__2 多い 難しい
__label__2 良い 多く 少な 無い
__label__2 長 よく
__label__2
__label__2 良い
__label__2 難しく ほしい
__label__2 正しい
__label__2 はやく ほしい
__label__2 やすい づらい やすい づらい
__label__2
__label__2 良い 良い なかっ
__label__2 安い いい 新しく ない 悪 少なく 悪い 安かろ 悪かろ 安く 良い 多い 安い 安く 高 いい 悪い 多
__label__2 大きい ない ほしい
__label__2 高い 低い まずい にくい
__label__2 欲し 高い 良い 大き
__label__2 なかっ
__label__2 厚かっ 無い
__label__2 すごく やすい 薄い 長
__label__2 良かっ
__label__2 難しく 上手く 良かっ
__label__2 物凄く 辛い 大き
__label__2 細い 細 なかっ
__label__2 上手く
__label__2 にくい 良い なく なく 無く ない 黒い 無い
__label__2 強い すごい くさい
__label__2 酷い 良い
__label__2 ない ない 良 すごく 新しい なし 近い 多い 高 臭い
__label__2 安い 多い 良い
__label__2
__label__2
__label__2
__label__2 安かっ すごい ない 粘 やすい
__label__2 ない
__label__2 いい なく ない 良い ない 無い ない わるかっ 無し ない づらい 無 少ない 少ない 少なく 多い いい
__label__2 薄く やすい にくく 無い いい
__label__2 安く 無い
__label__2 無い にくい 無い 多い いい 多く いい 無い 低い 無く 酷い 悪く にくい
__label__2 良い
__label__2 つまらなかっ
__label__2 厚 いい 少ない 良い
__label__2 よかっ
__label__2 難い 安く
__label__2 煩く
__label__2 なし 鬱陶しい なし
__label__2
__label__2 いい 楽しかっ ない 無し ほしかっ
__label__2
__label__2 重い
__label__2 ない ない 悪い 無し 良い
__label__2 悪い ない
__label__2 面白い
__label__2
__label__2
__label__2 激しい
__label__2
__label__2 よかっ
__label__2 詳しい 欲しかっ いい
__label__2 薄い 重い 重 ない よ 危う 遠い
__label__2
__label__2
__label__2 やすい やすく
__label__2 早く 欲しい
__label__2 悪く 遅い
__label__2 楽しかっ 高 ない 高い 良い 欲しかっ 良かっ ない 高
__label__2 ひどい いい
__label__2 いい 安い 安く 辛い
__label__2 面白い 面白い 面白い 物足りな 無かっ 薄かっ 少なく 人恋しく 面白い 物足りな なく 面白い 楽しい 面白い ない 多い
__label__2 重い
__label__2 安い 安かっ
__label__2
__label__2 大きく 強く
__label__2
__label__2 白く
__label__2 ない
__label__2 おいしい
__label__2 弱く ありがたい ない 良い
__label__2 なく ない 嬉しい
__label__2 かた 難しい
__label__2 暗く 易かっ
__label__2 やすい かわいい いい いい
__label__2 強 強く 強い
__label__2 なく よい よく
__label__2 良かっ
__label__2 多
__label__2 浅い 浅い すごく やすかっ 酷い 酷く なかっ 細い 悪い 美味しい 短く 酷かっ
__label__2 薄い
__label__2 小さく
__label__2 悪く 少ない ない 無い
__label__2 分厚い 良い がたい 安い
__label__2
__label__2 うるさかっ ない
__label__2 小さく 軽く ない 早い
__label__2 多い 悪かっ なかっ 悪く ない
__label__2 濃い 美味しく 濃く なかっ
__label__2 良かっ 臭い
__label__2 新しく っぽい っぽい ない
__label__2
__label__2 良い ない 無い
__label__2 やすく 良い 短し 長し
__label__2
__label__2 多い 難しい
__label__2 少ない なかっ 多く 良い 新しい なかっ
__label__2 薄い やすい いい
__label__2
__label__2 薄く 細い 見づらく やすく
__label__2 易し 薄い
__label__2 低く 近
__label__2 太く いい 太 無い
__label__2
__label__2 激しい
__label__2 欲しい
__label__2 良く 面白く
__label__2 易く 高い 安く 良い
__label__2
__label__2 良かっ 欲しかっ
__label__2 ない ない ほしかっ すごく 良かっ
__label__2 偉い 面白 ほしい ぽく
__label__2 にくかっ な 安く いい
__label__2 っぽく 大きい 温 良し 悪し よかっ
__label__2 でか 小さく
__label__2 大きい 良い 悪く 悪く いい
__label__2 新しい 白く 重 大き 遅い 遅い いい
__label__2 おかしく ほしい
__label__2 悪い 悪い
__label__2 遅 うまく
__label__2 鈍い
__label__2 にくい
__label__2 酷い
__label__2 小さい 良い 良かっ
__label__2 辛い
__label__2 おかしい 酷く ない
__label__2 まずい おいしかっ 苦い
__label__2 面白く
__label__2 なし 無い
__label__2 深かっ 濃
__label__2 やすい 弱く 弱い
__label__2 大きく よく
__label__2 近かっ 青白い 見やすい いい
__label__2 難し やすい 無い 悪く ない 良く 良い ない 無い
__label__2 ない 安い 詳しく
__label__2 良い 短い 良い
__label__2 ひどく
__label__2 少ない 遅い 遅く 高く 速い 無く
__label__2 なし
__label__2 難しく 安く 赤い 赤い いい いい 良かっ 黒い 赤い 無い 見やすい 悲しい
__label__2 なかっ 正しい
__label__2
__label__2 良い 細かい 強い
__label__2
__label__2 やすく 薄い やすく 弱い 近い
__label__2 安い 悪い 高かっ
__label__2 ない 数多く 安
__label__2 良い 良い 白っぽく やすく
__label__2 ない 小さく にくい
__label__2
__label__2 にくく 安い 上手く 大きい
__label__2 良かっ
__label__2
__label__2 よかっ
__label__2 面白い 良い
__label__2 良い 軽く やすい 小さい 悪い 有り難かっ いい
__label__2
__label__2 いい 楽しかっ ない 無し ほしかっ
__label__2 良かっ なかっ やすい 無い
__label__2 大きく
__label__2
__label__2
__label__2 なく
__label__2
__label__2
__label__2 ない 欲しかっ いい
__label__2 いい すごく いい 悪かっ
__label__2 ほしい 良い ひどい なし
__label__2 固く 痛く
__label__2 なし 鬱陶しい なし
__label__2 おかしい 遅い 悪 遅い 遅い ない 遅い よろしい
__label__2 良い 強い 臭
__label__2 小さい 小さい 大きく
__label__2 臭い
__label__2 安っぽく 大きい にくく いい やすい いい いい
__label__2 ほしい
__label__2
__label__2 なく いい
__label__2 強い 楽し いい 甘い 面白い
__label__2 強 悪く 強い ほしい
__label__2 おもい
__label__2 欲しけれ いい 欲しい 嬉しい いい
__label__2
__label__2
__label__2 良い
__label__2 少なく 安っぽく 重
__label__2
__label__2 煩わし づらく やすい 良い
__label__2 なかっ 素晴らしい 細かい
__label__2 暑
__label__2 大きい なし 良かっ 良かっ いい
__label__2 良い 無い
__label__2 良い
__label__2 近かっ 青白い 見やすい いい
__label__2 荒い 細かく いい 大き いい
__label__2 多く すごい 長い
__label__2 うまく
__label__2 なく
__label__2 白 良かっ
__label__2 少なく 真新し 高 ほしい
__label__2 やすく 薄く
__label__2 おかしい なく なく
__label__2 いい 悪い
__label__2 少なく 欲しかっ 良かっ
__label__2 安い 大きく にくい 難しい
__label__2 ない なかっ いい
__label__2 軽く
__label__2 怖い 固く
__label__2 白い 白い 無い
__label__2 柔らかく 少ない 痛く 重たく 重 重 臭い ひどい
__label__2 遅い
__label__2
__label__2
__label__2 分厚い 良い がたい 安い
__label__2
__label__2 欲しかっ やさし 多い 欲しい
__label__2 拙い 若い 若い 若い
__label__2 安い 薄い いい
__label__2 づらい づらい いい
__label__2 美味い よろしい 安 良い
__label__2 高い 小さく
__label__2 多く いい
__label__2 安く 臭く
__label__2 面白い
__label__2 辛い
__label__2 凄く づらく
__label__2 低く
__label__2 悪い
__label__2 細い いい
__label__2 うるさい すごく うるさい うるさい いい
__label__2 良い 素晴らしい 良く 少ない 上手かっ 欲しかっ 凄まじ 欲しかっ
__label__2 良い 安い 弱い なく
__label__2
__label__2 浅かっ やすく
__label__2 欲しけれ いい 欲しい 嬉しい いい
__label__2 小さい 悪い 悪い 悪い
__label__2 欲しかっ 見づらい ない いい やすい 欲しかっ なかっ 良かっ 浅い
__label__2 古い 古い 古い 小さく 明る 良い
__label__2 っぽ っぽい
__label__2 にくい うまく 長 短い
__label__2 硬く
__label__2 面白い 軽い
__label__2 良い
__label__2 強い なく 強く 面倒臭い 細かく よい 強く 良
__label__2 物凄く やすい 無い 良い
__label__2 いい やすい
__label__2 安い 軽い いい いい 白い ない 無い ない
__label__2 ない 安い 詳しく
__label__2 悪い 安く
__label__2 細い 硬い
__label__2 うまく
__label__2 めんどくさい
__label__2 面白 なかっ
__label__2 速い 無かっ
__label__2 良かっ 面白かっ 楽し ない 面白く 良かっ 素晴らしい
__label__2 薄く 臭い く 安く いい
__label__2
__label__2 少ない 楽しく ない 悪い 欲しい
__label__2 良い
__label__2 少ない 良かっ 広い 慌ただしい 素晴らしい 寒 いい いい ない いい 高く 少ない
__label__2 っぽく 柔らかい 安く ありがたい
__label__2
__label__2 いい
__label__2 遅 遅い 荒い 良かっ やす 高い
__label__2
__label__2
__label__2 うるさい でか 高く いい 安い いい
__label__2 易 薄く
__label__2
__label__2 いい いい
__label__2 にくく 遅い
__label__2 難しい
__label__2
__label__2 良い
__label__2 硬く 痛い
__label__2 安い 長く やすい
__label__2
__label__2 小さく 良い 多く 厳しい
__label__2 短い 短い 短く
__label__2 凄まじい
__label__2 薄い
__label__2
__label__2 大きい
__label__2 大きい
__label__2 いい いい ない
__label__2
__label__2
__label__2 難しい
__label__2
__label__2 大き 小さく よかっ
__label__2 長 大きく やすい おかしい
__label__2 遅い
__label__2
__label__2 すごく ない いい
__label__2 うるさい うるさ
__label__2 づらく
__label__2 良い
__label__2 良い 面白い 悪い 無い 無い 狭く 悪い ない 無い 無い 無く 長く つまらない 面白い ものすごく 軽い つまらなく 無い
__label__2 弱く 悪い
__label__2 無い
__label__2
__label__2 大き いい 小さい
__label__2 無い
__label__2 多く やすく 欲しい
__label__2 なく っぽ 良い 難しい やす
__label__2
__label__2 美味しく 硬 厳しい
__label__2 少なく ない
__label__2 おかしい ない
__label__2 赤い ない 良い
__label__2 な いい
__label__2 速い なかっ 固い
__label__2 重く 短い にくい な
__label__2
__label__2 いい
__label__2 ひどく ひどい
__label__2 高い ない
__label__2 高い やすい 良い
__label__2 多い
__label__2 づらい 厚い 気持ちよく
__label__2 悪い 無し
__label__2 良い 大き 大き 良い 良く 重たく
__label__2
__label__2
__label__2
__label__2 面倒くさい うまく 多い
__label__2 白く
__label__2
__label__2
__label__2 づらく 低い
__label__2 良かっ
__label__2
__label__2
__label__2 よかっ
__label__2 粘 低く 薄い 安い 緩
__label__2
__label__2 重く いい
__label__2
__label__2 大きく
__label__2 良く づらく ない
__label__2 遅い
__label__2 強 強い なかっ
__label__2 近かっ 青白い 見やすい いい
__label__2 安い 早い 安い ない ない 欲しい
__label__2 小さ 良い
__label__2 やすく やすい やすく やすい やすく
__label__2 なかっ
__label__2
__label__2 ない
__label__2 良かっ
__label__2 厚い 良い
__label__2 高い 高い 安い
__label__2 ほしかっ
__label__2 楽しい
__label__2
__label__2 遅い 早く 速い
__label__2 薄く 細い 見づらく やすく
__label__2
__label__2 高く よかっ
__label__2 安い よかっ 良い
__label__2 太
__label__2 小さく 軽く ない 早い
__label__2 なかっ
__label__2
__label__2 なく
__label__2
__label__2 多い ほしい
__label__2 懐かしい にくい
__label__2 面白い
__label__2 怪しい
__label__2 細かい
__label__2 高い
__label__2 小さく なく 小さく 良い 小さ 小さい にくい
__label__2 軽い 小さく なく いい よかっ
__label__2 なく
__label__2 やすい
__label__2 弱 無い 無い
__label__2 大き
__label__2 怖い 固く
__label__3 いい いい
__label__3
__label__3 良い
__label__3 いい 難しい づらい 太 粘 高い
__label__3 軽く 少なく こまかく やすい いい ない ほしい
__label__3
__label__3 良く 高かっ
__label__3 なし 小さかっ 大きい 良い
__label__3 ない
__label__3 ない 大き
__label__3 高い 良 いい 柔らか ない 無く 痛く
__label__3 ない
__label__3 ない 長 ありがたかっ 長 ものたりなかっ 長 ない
__label__3 大きく 大きく 小さい 高 低く 長い 安い よい
__label__3 いい いい
__label__3 良い 面白く 浅い 早い 良 強い ない 面白い
__label__3 大きく 大きい 良い
__label__3 新しく 無
__label__3 小さい
__label__3 高く
__label__3 厚い 良い 薄い 多く
__label__3
__label__3 素晴らしい 煩い
__label__3 少ない
__label__3 ややこしく ない
__label__3 なく 多い
__label__3 少なく なく
__label__3 難しい 楽しい 難しい
__label__3 良く ない
__label__3 良い 早 いい
__label__3 赤く 無い
__label__3 目新しい 多く ない いい 多かっ 明るい ない ない 良い ない
__label__3
__label__3 なく 若い ない
__label__3 小さい にくい 少なく 良い
__label__3 良い 高い
__label__3 ない 無い
__label__3 うまく
__label__3
__label__3 いい
__label__3 優しい
__label__3 素晴らしい いい
__label__3 多い 多い
__label__3 よかっ ほしかっ
__label__3
__label__3
__label__3
__label__3 やすい
__label__3 にくい ない やすかっ
__label__3
__label__3 無い
__label__3
__label__3 安い
__label__3 難しい
__label__3 少なく
__label__3 重く
__label__3 ない
__label__3 欲しい
__label__3 良い
__label__3 新しい 白く なかっ 白く
__label__3 新しく
__label__3 多い 白い 高く 高い 良い
__label__3 美味しかっ
__label__3 強い 安い いい
__label__3 重い
__label__3 いい
__label__3 悪く ない ない なく なく 欲しい 惜しく 多く おかしい 甘く 良い 難しく 大きく 良い
__label__3 無く 安かっ 軽い 良く
__label__3 良い 強い いい いい
__label__3 面白い 辛い
__label__3 悪かっ 無い 多い
__label__3 無い 良
__label__3 興味深い 多い 面白い 悪
__label__3 早く ほしい
__label__3 悪い ない
__label__3 深い
__label__3 無し 安い ほしい
__label__3 なく 若い ない
__label__3
__label__3 欲しい 高い
__label__3 楽しい いい いい
__label__3 硬 柔らかかっ
__label__3 悪かっ 悪い 良かっ すく 多い
__label__3 楽しい
__label__3 酷い
__label__3
__label__3 悲しく おもしろい
__label__3 小さい
__label__3
__label__3 すばらしい にくく
__label__3 いい 高い 高い 高い
__label__3
__label__3 深い 薄い
__label__3 新しい 多い 面白い
__label__3
__label__3 高い ない 良い
__label__3 遅く 多く 無く 弱
__label__3 やすく やすい
__label__3
__label__3 ない 安い いい
__label__3
__label__3
__label__3 っぽい
__label__3 大き 大き 小さく ほしい
__label__3 面白い 無く 汚い
__label__3 やすい
__label__3 易い
__label__3
__label__3 なく なかっ
__label__3 良 ぽく 良い
__label__3 強く おいしい
__label__3 弱く
__label__3 やすく 正しい 正しい なく 正しい 良かっ 良い いい いい ない ない 多く
__label__3 良い 良い
__label__3
__label__3 良い 良く 良く なし なく 白っぽく 安い
__label__3 甘かっ
__label__3 面白かっ 多く
__label__3 安い 良い
__label__3 冷たく なし ない
__label__3 早い
__label__3
__label__3
__label__3 良かっ なく
__label__3 ない やすく やすい 高い いい
__label__3 新しい ない
__label__3 きつい
__label__3 いい 厚い 多く 薄い
__label__3 太
__label__3 大きい 厚い
__label__3 安い よい
__label__3 悪く ない 大きく 小さい 楽しい 楽しい
__label__3 白く 良く
__label__3 良い っぽい ものすごい
__label__3 良く
__label__3 良く 無い 面白かっ
__label__3 弱々しく 高く
__label__3 多い 早い ない
__label__3
__label__3 安く 無く 煩わし 無い 多い
__label__3 早い
__label__3 やわらか ほどよい 悪い
__label__3 良い
__label__3 ない
__label__3 いい 小さい 無い
__label__3
__label__3 大き 大きい ない 大き 小さい いい
__label__3 いい ない 安い 大き 大き 小さい 大き 痛く ほしく ほしく いい にくい
__label__3 くらい
__label__3
__label__3 ない ない 無い 安く
__label__3 良い やすい ない 無く
__label__3
__label__3 暑い 臭く なく
__label__3 悪い 多い 安く
__label__3 悪く なく 良かっ 新しく やす 痛い 多い
__label__3 痛く 高い
__label__3 ひどい
__label__3 分厚い 細か 大きく 良く
__label__3 多い
__label__3 いい 小さ ほしい 大きい いい 高い
__label__3 やすく やすい ない
__label__3 いい
__label__3 いい
__label__3 遅い よかっ ない
__label__3 素晴らしかっ
__label__3 欲しかっ なかっ ほしかっ 良く 悪く 嬉しかっ
__label__3 づらい やすい 軽く 良い いい 軽い 軽く 好ましく 欲しい 遅い 遅く がたい 悪く いい やすい 低い 悪く よい
__label__3 強く
__label__3 大きい いい 高い 安く
__label__3 重い ありがたい
__label__3 いい 強い いい
__label__3 美味しい 辛く
__label__3
__label__3 悪い
__label__3 安い 弱い 良い 欲しい
__label__3 大きかっ
__label__3 高い 良く ない 安い 高く
__label__3 古い 高い いい
__label__3 いい 高い いい 弱い 無い よ
__label__3
__label__3
__label__3 ない
__label__3 めでたし めでたし
__label__3 ない よい 良い
__label__3 弱い 良い
__label__3
__label__3 楽しい 少ない ほしい
__label__3 軽く づらい
__label__3 無い
__label__3 良かっ ひどい
__label__3
__label__3 いい ない 弱い 悪い
__label__3
__label__3 面白い
__label__3 良かっ 短い 良かっ
__label__3 無けれ 無い
__label__3 良く
__label__3 大きい 大きい
__label__3 青い 見やすく 水っぽい 多く
__label__3 暗い
__label__3 良い ない 良し
__label__3 良い 欲しい 無い 良い
__label__3 細かく やすく ない
__label__3 緩く 暗い
__label__3
__label__3
__label__3 きつく いい
__label__3
__label__3 ない 怖い なし 素晴らしい
__label__3 強い 厳しい くさい 速 高い 低い なく 高い くさい
__label__3 いい ない すごく 細かい
__label__3 強い よく なかっ
__label__3 無い 欲しい 長 もったいない
__label__3
__label__3 よく
__label__3 なく 物足りな
__label__3 硬く 長 良く 甘 良い
__label__3 良く なく 悪く なく
__label__3 多い 薄く やすい やすい にくい 薄い にくい
__label__3 無かっ いい 柔らかく 悪く
__label__3 古い
__label__3
__label__3 大きく 遅い 悪い やすい 悪い 悪い よい やすい ない 良い なく やすい ありがたい
__label__3 欲しい
__label__3 悪い
__label__3 いい
__label__3 良く
__label__3 大きく 小さく 小さい いい
__label__3 もったいない いい ない ない にくく 腹立たしく 優しい
__label__3 ない 小さく
__label__3 小さい 詳しい 欲しかっ 良く 良い
__label__3 いい
__label__3 なく 難い
__label__3
__label__3
__label__3
__label__3 やすく 幅広く
__label__3 無かっ ない 楽しい 面白い
__label__3 安い
__label__3 安い 多い 多 いい
__label__3
__label__3 なかっ 多い なく 安く 良かっ
__label__3 すごく やすく いい
__label__3 なく 良かっ 安かっ
__label__3 面白かっ 弱い
__label__3 遅い
__label__3 良く づら 薄く づらく
__label__3 面白い
__label__3
__label__3
__label__3 いい
__label__3 ない ない 良く
__label__3 高い 危ない 小さく いい
__label__3 強い ない
__label__3 大きく 高い うるさい
__label__3
__label__3 新しい いい 美味しく ない よかっ 高い
__label__3 安っぽい いい 痛く いい 軽く 小さく
__label__3 大きい ない
__label__3 近い
__label__3 長 なく 長 よかっ
__label__3
__label__3 多い
__label__3
__label__3
__label__3 高い ない
__label__3 手っ取り早く
__label__3
__label__3
__label__3 なく
__label__3 なかっ やすい
__label__3 気持ちよ いい ほしい
__label__3 少ない 多い よい 短く
__label__3 良い よく
__label__3 ない
__label__3 惜しく 大きく 見やすく いい みにくい
__label__3
__label__3 長 少ない 良く 多く 早い ない 若い 男らし 甘 甘
__label__3 大きく
__label__3 ボロく 良い
__label__3 欲しい 安く
__label__3 安かっ 怖かっ ない
__label__3
__label__3 やすく 物足りな
__label__3 良かっ あえなく
__label__3 無い 安く 良い
__label__3 大き やすい
__label__3 小さい
__label__3 はやい
__label__3
__label__3 なかっ よかっ
__label__3 酷かっ 酷かっ 悪い 良い 少ない ない いい
__label__3 良い
__label__3 大き やすい
__label__3 弱い 黒い いい 黒い うれしい 黒い 欲しい
__label__3 づらい やすい 軽く 良い いい 軽い 軽く 好ましく 欲しい 遅い 遅く がたい 悪く いい やすい 低い 悪く よい
__label__3 安っぽい
__label__3 固い
__label__3 いい 不味い 不味 美味しい 不味く いい 良い
__label__3 いい 高い 安い 高い
__label__3 いい 安く 嬉しい ほしかっ
__label__3 良い なく 安い 安く
__label__3
__label__3 な
__label__3 いい 大きい 酷い 辛
__label__3 多く つらかっ 古い 古
__label__3 長 短い
__label__3 良い 軽く 良かっ
__label__3 眠く なし
__label__3 楽しく
__label__3 重 なく
__label__3 安い 高い ない
__label__3 小さい 良かっ 良く
__label__3 難い
__label__3
__label__3 安く ない 悪かっ いい
__label__3 ない
__label__3 うるさい
__label__3 ものすごく うるさかっ 新しい
__label__3 面白い つまんない
__label__3 軽く ない
__label__3 なし 遅く なし 悪い
__label__3 軽く 良い 多い
__label__3 良い
__label__3
__label__3 高い ない 良い
__label__3 面白い 長く 少ない 強い 楽しい 楽しい 面白
__label__3 長く 涼しい 無い 悪い やすい 長く なかっ やすい ない
__label__3 広く いい にくい
__label__3 易い
__label__3 良 良い
__label__3 良い 速い 安い 遅い 良 なく 速い 遅い
__label__3
__label__3 ない
__label__3
__label__3 っぽい
__label__3 なかっ
__label__3 臭い ほしい
__label__3 なく 古く ない
__label__3 にくい
__label__3 ない
__label__3 良い 難い 安い 悪い 臭い 高い
__label__3 よい やすい 長 短い よい
__label__3
__label__3
__label__3 広い
__label__3 少なく ない 甘ったるく 良い
__label__3 良かっ 面白い 面白い 惜しかっ 薄かっ
__label__3 丸い にくい なかっ
__label__3 ない
__label__3
__label__3 多く
__label__3
__label__3 やすい ない
__label__3 欲しい
__label__3 いい
__label__3 よかっ
__label__3 少ない 無かっ すばらしい な
__label__3 やすい やすい
__label__3 大きい
__label__3 高い 面白
__label__3
__label__3
__label__3 高い 高い
__label__3
__label__3 大きい
__label__3 楽し 難しかっ
__label__3 悪い ない
__label__3
__label__3 小さく いい 速い ない
__label__3 面白い 良い 多く
__label__3 良い 良し
__label__3 遅かっ 面白い 多く なく 長い
__label__3 にくい づらく 良い にくい
__label__3 良かっ 新しい 良い ほしい 惜しい
__label__3 無い 良い
__label__3
__label__3 いい ない 早い 良かっ
__label__3 ない ない 無い 安く
__label__3 好ましい ひどい 薄く にくい 明る 軽 素晴らしい いい いい 優しく 少なく 多い
__label__3
__label__3 薄く 白い
__label__3 安けれ 良い
__label__3 難い
__label__3 面白い 無い ほしい
__label__3 良く 悪く 珍しく やすい やすい
__label__3 づらい
__label__3 多い すごい
__label__3 うるさい 細かく
__label__3 うるさい 良い にくく 無い ない 良い
__label__3 気持ちいい
__label__3
__label__3 良く やすい 良けれ 良い
__label__3 早く
__label__3 大きい ほしい
__label__3 悪かっ
__label__3 物凄く
__label__3 良い 欲しく 小さい 安い すごく 大きい 小さく 良い
__label__3 ありがたい にぶい 明るい 見やす 暗い づらい
__label__3 良く 気持ちいい なかっ いい いい
__label__3 なし 無い めんどくさい
__label__3 良い
__label__3 黄色く 悪く 悪い
__label__3 安く 嬉しい 安い ちょろ いい なく
__label__3 見やすい 少ない 良い 楽しく 面白かっ 欲しかっ よしな 楽しかっ
__label__3
__label__3 素晴らしい ない にくい
__label__3 いい 大きく 大きい 上手く
__label__3 深い 早く
__label__3 良く
__label__3 遅い 遅かっ 遅 早く 軽く 大き よく 軽い 少なく いい 良い 少ない
__label__3 なかっ 難しい
__label__3 にくい
__label__3 野暮ったい
__label__3 なし いい 小さい いい 小さい
__label__3 遅かっ
__label__3 良かっ
__label__3 良かっ
__label__3 よい 危ない 多い
__label__3 なかっ
__label__3
__label__3 高く 高く
__label__3 いい ない いい
__label__3 高い
__label__3
__label__3 少ない
__label__3
__label__3 多い いい
__label__3 強く 薄く
__label__3
__label__3 いい 難しい
__label__3 良い 欲しい
__label__3 安かっ
__label__3 小さい 小さい みにくく 難い 欲しい 小さい
__label__3 安い 小さかっ 白く
__label__3 良い 若い 良 良かっ 良かっ 多く 無い 嬉しかっ 良かっ
__label__3
__label__3 ない
__label__3 高い
__label__3 良い
__label__3 白い 白
__label__3 小さい 大きい 小さい たまらなく いい
__label__3 悪く やすい いい やすく うれしい
__label__3 弱 強 あやしい
__label__3
__label__3 なかっ
__label__3 小さい 高い 安い 有り難い
__label__3 弱く やすい 大きい
__label__3 多い 長く いい
__label__3 少なく 悪い
__label__3
__label__3 やすい
__label__3 良く いい
__label__3 なし
__label__3 白っぽく やすく 強く
__label__3 丸い 良く 悪く ひどく
__label__3 大きい 臭い いい 大きい 大きく 悪い 細かい 悲しい
__label__3 きつい 美味しい
__label__3
__label__3 づら いい
__label__3
__label__3 良い 宜しく
__label__3 大きい
__label__3 悪い ひどい
__label__3 安く 硬く
__label__3 安かっ 弱 粗い
__label__3 ない
__label__3 楽しかっ
__label__3 多 多い 少ない 長い
__label__3 強い
__label__3 無い 面白い 無い
__label__3 なく よかっ 臭い 良けれ
__label__3 悪い にくかっ 良い
__label__3 小さ ない よし やす 優しい 高 軽く 白い 薄かっ 弱い やむを得ない 無い 新しく 高 強く 短い
__label__3 面白い 面白い 多い 甘い 多 面白かっ 強い
__label__3 悪い 少ない ない いい ない
__label__3 やす にくい いい
__label__3 良い 悪い 良かっ
__label__3 にくく 不味く 美味しく
__label__3 ない 優しい
__label__3 興味深い なく ない ない
__label__3 やすい すごく 少ない 凄い なく ない
__label__3
__label__3 よかっ 暑 良かっ
__label__3
__label__3 多 強い 良かっ
__label__3 美味しく
__label__3 少なく よい よい
__label__3 安い 良い 良い
__label__3 大きく にくい ない 軽い やすく
__label__3 やすい
__label__3 良かっ 素晴らしい 薄 欲しけれ 欲しい ない
__label__3 強い
__label__3 多い ない 安い 酷い 無い
__label__3 良い
__label__3 面倒くさい ない
__label__3 なし 弱い 弱い なく なく なく 良く 悪く なけれ
__label__3 重い 重 軽く いい
__label__3 安い 安い ない 良かっ 良かっ
__label__3 ない すごく 良かっ
__label__3 高い 高い 高い 新しい いい
__label__3 無い 多い 物足りない 良かっ
__label__3 良い 辛く 苦しい
__label__3 良い 欲しい
__label__3 高い 安く
__label__3 熱く 無い ない 安っぽい
__label__3 無い 厚い
__label__3
__label__3 カッコイイ 悪い ない よ ない 多い すごい 粗く すごい
__label__3 大き やす いい
__label__3 薄く 良い
__label__3 いい
__label__3 なし 面白い
__label__3
__label__3
__label__3 くさく 良かっ くさく かゆい 高い 多い
__label__3 酸っぱい 強く 酸っぱい 臭い 臭い 遅
__label__3 気持ちいい 厚い
__label__3
__label__3 低い
__label__3 いい 恥ずかしい 良かっ 素晴らしい
__label__3 なく 安かっ 高く 安い 安い 安い
__label__3 遠い
__label__3
__label__3 いい なく なかっ
__label__3 いい
__label__3 いい
__label__3
__label__3 強い
__label__3 大きい なく
__label__3 いい
__label__3 いい
__label__3 良く
__label__3
__label__3 黒い 良い
__label__3 臭い 荒い 細かい
__label__3 良い 痛い しぶとい 安い 良かっ
__label__3 強い よい 良い
__label__3 薄く 重
__label__3 短く
__label__3 少ない
__label__3 やすく やすく にくい 悪い 良い なく
__label__3 なかっ 高 緩く 軽く 低かっ
__label__3 なく おいしく なく 良い
__label__3 無く
__label__3 高かっ うるさい なけれ 厚い ない
__label__3 低い
__label__3 よかっ よかっ
__label__3
__label__3 やすく なけれ なし 痛く 柔らかく
__label__3 怖い 無い 少ない
__label__3 なく なく
__label__3 やすく 細かい 多 いい
__label__3
__label__3 重 見やす 良い にくい
__label__3
__label__3 イイ 良い
__label__3
__label__3 なく やすい
__label__3 なし つまらなく
__label__3 大きい
__label__3 ない 良く
__label__3
__label__3 高い ない
__label__3
__label__3 いい 良い
__label__3 やす なく 恐ろしく
__label__3 怖く 大き
__label__3 白く 高い 楽しく なるし
__label__3 すごい
__label__3 多かっ
__label__3 安く 良かっ
__label__3 面白い 良く 短
__label__3 大き 高い
__label__3 なけれ
__label__3 臭い よかっ 重い
__label__3 なく いい 良い 良かっ
__label__3
__label__3 やす ない 嬉しい 良い 高く 嬉しい
__label__3 詳しく
__label__3 小さい 多い
__label__3 小さい 小さく いい
__label__3 良かっ 激しく
__label__3 安い 良い
__label__3 ない 重い ない 厳しい
__label__3 細い やすい
__label__3 良い
__label__3
__label__3 安く 嬉しい 大きく
__label__3 おいしい
__label__3 良い 多い 惜しく 良い いい
__label__3 にくい
__label__3 軽く よい
__label__3 安い 臭く
__label__3 良い うまく
__label__3 ない
__label__3 もの凄く いい 明るく 欲しい 高い ない 早く
__label__3 にくい
__label__3
__label__3 難い にくい つまらない 少ない 多く 少ない
__label__3 安い 高い 多く
__label__3 少なく 良かっ 安い
__label__3 良かっ うい 高い
__label__3 うるさい
__label__3
__label__3 なく
__label__3 大き 小さく いい 小さい やすい
__label__3 長く 難い 易い
__label__3 美味しい 悪く 欲しい
__label__3 高い
__label__3 いい づらい
__label__3 美味しい
__label__3 いい ない なく つまらない
__label__3 やすい やすい 正しい 良い
__label__3 すごい
__label__3 面白く 面白い
__label__3
__label__3 良い
__label__3 注意深く 良い 良い
__label__3 良かっ 新しい 良い ほしい 惜しい
__label__3 高い
__label__3
__label__3 悪い にくい にくい
__label__3
__label__3 早く
__label__3 やすく やすく 脆 大きく 重く づらかっ 柔らかく 痛く
__label__3 薄く 軽い すばやく 暗 明るく やすい 短い 短 良く 長く
__label__3 近い 近く 気持ちいい
__label__3
__label__3 良く
__label__3 やすかっ
__label__3 少ない ほしい 嬉しい
__label__3 懐かしく 安く
__label__3 短く 痛い 痛い
__label__3 凄い 良い なし
__label__3 づらい
__label__3 楽しい 細か づら づらい いい 難しい うまく 弱い 鬱陶しい いい いい 難しい
__label__3
__label__3 臭い いい
__label__3
__label__3 安く 忙しい 深い
__label__3 大き 小さい 緩い ほしい
__label__3 安けれ ない よい
__label__3 痛く 良い 赤く 痛い
__label__3 多く
__label__3 良い
__label__3 悪く な いい ない いい
__label__3 ない 安い ない 安い
__label__3 よい
__label__3 悪い なかっ
__label__3 良い
__label__3 高い
__label__3 ない なかっ
__label__3 嬉しい
__label__3 いい 良い いい 奥ゆかし 楽しく
__label__3 高い
__label__3 軽く
__label__3 良い 長 なかっ
__label__3 安い いい
__label__3 臭い
__label__3 良い ゆるく 硬く 良い
__label__3 難しい 大きく
__label__3 小さく づらい 厚 良い
__label__3 長
__label__3 良かっ
__label__3 悲しかっ
__label__3 白く
__label__3 細い いい 低
__label__3
__label__3 楽しい
__label__3 な
__label__3 欲しい
__label__3 幽 いい
__label__3 臭い ない
__label__3
__label__3 小さい 小さい 小さく 大き
__label__3 熱い 早く 早く ない
__label__3 薄い 良
__label__3 安く いい 少ない いい
__label__3 少なく
__label__3 早
__label__3 欲しい 欲しい
__label__3 かわいく 無く
__label__3 良い 難しい すごく 欲しく 楽しい いい
__label__3 小さ ない よし やす 優しい 高 軽く 白い 薄かっ 弱い やむを得ない 無い 新しく 高 強く 短い
__label__3 良く 面白かっ
__label__3 っぽい 良く
__label__3
__label__3
__label__3 良い 甘く 易い
__label__3 難しかっ
__label__3 安く 安く
__label__3 目新しい ない
__label__3 太 もったいない 長い いい 高い
__label__3 安い 安かっ 重い
__label__3 良く
__label__3 やすかっ 面白い
__label__3 いい ない 弱い 悪い
__label__3 なつかし
__label__3 少ない
__label__3 楽しい いい いい
__label__3 安い
__label__3
__label__3
__label__3 やすい
__label__3 無く やすい 長
__label__3 良く 凄 暗
__label__3 いい
__label__3 なく
__label__3 細かい いい 細かい 良い ない うまく 柔らかい 悪い 細かい いい
__label__3 ほしい
__label__3
__label__3 ない
__label__3 やすい 悲しい
__label__3 いい
__label__3 多く
__label__3 良い
__label__3 小さかっ にくかっ いい いい
__label__3 にくい づらく やすい ほしい いい 面倒くさい 薄く 脆い 怖い 悪く 上手く 悪く 低い
__label__3 美味しい 無い
__label__3 小さい 良く 良い
__label__3 安い
__label__3 にくい
__label__3 ひどく やす 強い
__label__3 ない 辛い 無い
__label__3 臭い いい
__label__3 良い ぬるい
__label__3 遅く なし
__label__3 面白い 薄かっ
__label__3 悪く 美味しい いい
__label__3 にくい にくい にくい
__label__3
__label__3 欲しかっ 欲し
__label__3 やすい
__label__3 やすく
__label__3 楽しい なく ない
__label__3 でかい なし なし なし きつい
__label__3 良い 良い 弱い にくい
__label__3 にくかっ 多く よかっ 目新し 良い
__label__3
__label__3 無い いい 大き 小さい 大きく
__label__3 悪く 悪く
__label__3 詳しく いい 良く 悪く
__label__3 にくい 高い なし 重
__label__3 良い 多い 悪い
__label__3 ありがたい にぶい 明るい 見やす 暗い づらい
__label__3 小さく
__label__3
__label__3 っぽい 欲しかっ
__label__3 うまく 良い
__label__3 安い
__label__3 多い 楽しい
__label__3 安く 悲しかっ
__label__3 やすく 良い 悪く 高い
__label__3 いい
__label__3
__label__3 早い すごく おかしかっ 甘
__label__3
__label__3 薄く
__label__3
__label__3 いい
__label__3 眠 なかっ 良い
__label__3 いい 悪い
__label__3 多かっ
__label__3 大き 軽 厚 重 よかっ 良い 多い 低い 悪い いい うまく 遅い よい
__label__3
__label__3 良い やすい
__label__3 白く なく なく
__label__3 よし よし 悪い 多い いい
__label__3 安く 安く ほしい
__label__3 ない っぽい っぽ にくい にくい 良けれ
__label__3 なく 安かっ 高く 安い 安い 安い
__label__3 硬く 薄く 薄く
__label__3 良く
__label__3 新しい
__label__3 高い
__label__3 なし 良い ない 良い
__label__3 いい 望ましい づらい 明るく なく いい ほしい
__label__3 短く
__label__3
__label__3 いい
__label__3 良く
__label__3 悪く 高い 良い 安く
__label__3
__label__3 ない 短い 古い ない
__label__3 良く 多い
__label__3
__label__3 長く
__label__3 弱く
__label__3 やすく
__label__3 良い
__label__3
__label__3 小さい なし
__label__3
__label__3 ない 大きく
__label__3 ありがたい 大き 厚 良い 軽く
__label__3 なく なく
__label__3 ない 細かい なけれ
__label__3 良い
__label__4 安い 嬉しい
__label__4 固く
__label__4 安く 良かっ
__label__4
__label__4 厚 薄く 細い
__label__4 長い 多く 良い いい 多く 緩く 素晴らしい
__label__4
__label__4 いい いい
__label__4 高い
__label__4
__label__4 胡散臭い 良い
__label__4 小さい 良い
__label__4 やすい 太 やすい
__label__4 づらい いい づらい
__label__4
__label__4 いい やすい
__label__4
__label__4 高い 高く ない 早い
__label__4 短い いい ものすごく 少ない ない 多い ない
__label__4 安く
__label__4 良く やすく 野暮った 無い 無い ない 大きい 良く 良く ない
__label__4 高い 低い 明るく 見やすく
__label__4 安い いい
__label__4 高い
__label__4 安い いい
__label__4 やすく ない
__label__4 難しく
__label__4 っぽい
__label__4 良く
__label__4 良い いい 素晴らしい
__label__4
__label__4 安く ほしい
__label__4 小さい 遅く やすかっ
__label__4 短い
__label__4 少なく 少なく 弱い
__label__4 少ない 多い 悪く 高い うれしい ほしい
__label__4 良く 痛く でかく 小さい
__label__4 凄い 小さい
__label__4 暗く
__label__4 素晴らしい 良い 悪い やすい おかしく
__label__4 小さい 見やすく 良かっ
__label__4 甘い
__label__4 大き 良かっ
__label__4 よい 強い きつく やすい 良い 甘 良い
__label__4 良い
__label__4 素晴らしい 黒 なかっ
__label__4
__label__4 無かっ 強い やすく 良い 易い 悪い ない 良い 良い よかっ
__label__4 丸い にくい いい 無く にくい ほしい
__label__4 手っ取り早い
__label__4 良い 易しい
__label__4 軽く 見やすく 大きい
__label__4 ものすごく 臭かっ 臭い
__label__4
__label__4 良い
__label__4 ない 良い
__label__4
__label__4 臭い
__label__4 よし
__label__4 少ない 悪い うまく
__label__4 ややこしく
__label__4 にくい 薄い 良い やすき いい なかっ いい
__label__4 イイ 程よい やすかっ いい 早い 素早く
__label__4
__label__4 多い
__label__4 なく 安かっ
__label__4
__label__4 欲しい
__label__4 無い 高く ほしい やすく 良かっ
__label__4 無い なし 安く 欲しい 重い
__label__4 細かく 高い ない いい 遅い 多い 難しい 大きい 重い 良い 大きく 怪し 良い 悪く 高い なく 高い 無い 無く 良し 良い
__label__4 安く よかっ
__label__4 早い 良い
__label__4
__label__4 面白い
__label__4 大きく 多い 大き 良い いい
__label__4 暑い 安い 安い 高い
__label__4 いい
__label__4 良い 小さ
__label__4 早い
__label__4 易い
__label__4 いい 良く
__label__4 なく 硬い 薄く 薄い やすい 良い
__label__4 強い
__label__4 ばっち
__label__4
__label__4 楽しく
__label__4 やすく いい
__label__4 少ない 安い 臭い
__label__4 甘い 早く 安 速
__label__4
__label__4 やすい ない 安い 高
__label__4 おいしい
__label__4 なし
__label__4 小さく にくい いい
__label__4 づらく よかっ
__label__4 軽い 小さい 薄い 短い
__label__4 面倒くさい 高い 良い
__label__4 古い 長
__label__4 強い やすく 丸い 近い 易 よかっ
__label__4 安い うまく 嬉しい
__label__4 長く 良い ない
__label__4
__label__4 やすい 悪く
__label__4 なく 安い 安い やすい 長く
__label__4 嬉しい
__label__4 すごく いい おいしい 安く
__label__4 無かっ 酷い ない いい
__label__4 長く
__label__4
__label__4 良い
__label__4 安い ない よい 軽く 軽く 重く なく 悪く 面白い ほしい ない 新しい 欲しく 多い 古い なし 良い ほしい
__label__4 ない
__label__4 厚 少ない 黒い づらく いい よかっ
__label__4
__label__4 よかっ 末永く
__label__4 悪い 悪い ない 熱く
__label__4 やすい なし 遅 遅い 多い ない
__label__4 やすい ない 暗い 良い
__label__4
__label__4 いい
__label__4
__label__4
__label__4 きつい いい 柔らかく
__label__4 悪く 長い いい 低い 良い いい
__label__4
__label__4 臭く 柔らかい 良い やす 安い よ やすい
__label__4 ややこしい いい
__label__4 悪い
__label__4 明るく
__label__4 多く ない
__label__4 多く 濃く 柔らかく
__label__4 やすい ありがたい
__label__4 大き 激しく
__label__4 安く 良い
__label__4 にくい 安い
__label__4
__label__4 やすかっ
__label__4 やすい 物足りない 良い いい
__label__4 美味しい 薄く
__label__4 遠 高い 遠 ほしい
__label__4 面白かっ
__label__4 大きい 大き いい 無く
__label__4 重い
__label__4 良い やすかっ 良い
__label__4 高い ない いい
__label__4 安い
__label__4 なし 良い
__label__4 高い 重い
__label__4 無く
__label__4
__label__4 おいしい よかっ
__label__4 多い 良い 多い 強い 悪い づらい なく なく 無く
__label__4 少ない ない 楽しく
__label__4 美味しい 美味しく 良い 正しい 早い
__label__4 よい
__label__4 いい 良い
__label__4 いい 安い すごく
__label__4 多かっ
__label__4 良い 安い ありがたい
__label__4 寒く 太く いい
__label__4 良い やすい 良かっ
__label__4 おいしく 少なく いい
__label__4 良く 悪い やすい
__label__4 薄く 大きく 優しく
__label__4 よい 無く
__label__4
__label__4 やすい 細かい いい
__label__4 多い 細かい
__label__4 良かっ
__label__4 安く 難しい 小さい にくい おかしい
__label__4 小さい やすい 新しい いい
__label__4 良い 安い 大きい にくい
__label__4 細かく 強 やすく なし
__label__4
__label__4 新しい 遅い 遅く 安い 遅く
__label__4 凄い 高い 安く 手軽 良い
__label__4 面白かっ
__label__4 暑かっ
__label__4 楽しく
__label__4 優しい なかっ
__label__4 っぽ
__label__4 かっこよく
__label__4 楽しく
__label__4 有難い やすい
__label__4 やすい
__label__4 やすい うれしい
__label__4 やすい いい
__label__4 難しい 無い 見やすく 良い
__label__4
__label__4 甘 やす 辛い 浅い 嬉しい
__label__4 良かっ やすく
__label__4 速く 短く 速 よかっ
__label__4 甘く 美味しい 高い いい
__label__4
__label__4 にくい 良い
__label__4 良い なし 少なく
__label__4
__label__4 ない
__label__4 ない
__label__4 悪く 強く
__label__4 強い 良い 無く 強い
__label__4 無い 遅い
__label__4 良かっ 弱く 無い やすい
__label__4 いい
__label__4 安く 美味し
__label__4 良く
__label__4 やすい 白 なく いい 珍しい やすい
__label__4 高い もったいない
__label__4
__label__4 甘 強く 薄く ない
__label__4
__label__4 軽い ない ない 激しい いい
__label__4 安い 小さい
__label__4
__label__4 大きく
__label__4 多い 少なく 軽い
__label__4 にくい
__label__4 冷たい 悪い 冷たい 悪い
__label__4 少なく づらく 細かい 良い 安い 重たい
__label__4
__label__4
__label__4 図太く にくく やすい 良い 良い 良い 良い
__label__4 嬉しい 素晴らしい 早く 欲しい
__label__4 良く 高い 安けれ
__label__4 安く
__label__4 小さい 長い
__label__4 強 良く やすかっ 早く
__label__4 重く 新しく 軽く 軽い ない 嬉しい
__label__4
__label__4 少ない 美味しく よかっ 少なく いい
__label__4 小さく ない
__label__4 良い 軽い 軽く やすく 長い 薄く 薄 やすく 重く
__label__4 早く 固い 少ない 良い なく
__label__4 ない
__label__4 良い 軽い 軽く やすく 長い 薄く 薄 やすく 重く
__label__4
__label__4
__label__4 大き いい
__label__4 やすく
__label__4 長い 細かい 無 なく 高い なかっ
__label__4 大きく 欲しく 無い 欲しい 長く 欲しかっ 強く
__label__4 高い 小さく 臭い
__label__4 いい
__label__4 早 なく 良かっ いい
__label__4 安い 甘く 美味しい 良く 良い
__label__4 多い
__label__4 良い
__label__4 正しい
__label__4 良い 多く
__label__4 ない 良い 強 良い ない
__label__4 安く 美味しく やすい 寒い 厳しい 甘 甘い 欲しく よかっ
__label__4 安い 大きく 狭い 安けれ
__label__4
__label__4 よい
__label__4 多く ない ない 大きい 軽 多かっ 悪い 遅い ない すごい
__label__4 軽く 良い 易い
__label__4 粘 強く 柔らかい 遅く
__label__4 安い ない
__label__4 安く
__label__4
__label__4
__label__4 嬉しい 細い ない
__label__4 いい よかっ やすく
__label__4
__label__4 すごく ありがたい 忙しい めんどくさ 強く 強 なし 柔らかく 良い
__label__4
__label__4 いい ない
__label__4 新しい 小さい
__label__4 安く 欲しい
__label__4
__label__4 安く よかっ
__label__4 強
__label__4 早 安い
__label__4 やすく 嬉しい
__label__4 面白い
__label__4 新しく 良い
__label__4 強い
__label__4 ない
__label__4 やすい 奥深 無い 大き 大きく 大き ほしい
__label__4 強 たまらなく 美味しい
__label__4 弱かっ やすい ない
__label__4 小さい やすい
__label__4
__label__4 良く
__label__4 素早く いい 重 重い
__label__4 可愛い
__label__4 安く
__label__4 やすい やすかっ いい
__label__4 高く 良
__label__4 多い
__label__4 良き 楽しい
__label__4 良い 悪い
__label__4 薄い やすい 詳しく
__label__4 良い 柔らかい
__label__4 良い
__label__4 なく 太い きつく 長 良い 良い
__label__4 古い 良かっ
__label__4 うまく
__label__4 大きく
__label__4 薄く 軽く 無い 嬉しい いい 軽く 欲しい 嬉しい 無けれ 無く 素晴らしい 無く
__label__4 少ない
__label__4 安く やすい 高く いい
__label__4 懐かしい
__label__4 良く 良い
__label__4 おかしく やすい 良い 少なく ありがたい 長い やすく
__label__4 新しい
__label__4 細かい 安く
__label__4 はずかし やすい
__label__4 長い
__label__4 なく 気持ちよく うまく
__label__4 安い 嬉しい
__label__4 良く 悪く なく 良い なく ない
__label__4 良い 暗く っぽい 無い
__label__4
__label__4 大き やすい 小さけれ やすい
__label__4 ない 良かっ 厚 小さい いい 無い 遠く 遅い なく やすい 優しく 良かっ 大き 明る ない 軽 多い 欲しい 良い 狭く 欲しかっ
__label__4 安く 嬉しい ありがたい
__label__4 いい ない 良い
__label__4 うまく
__label__4 細かい ない 細かい 長い ない 安く いい
__label__4 赤い 大きく 見やすく 安い づらく 安い
__label__4 なく ない 良く 悪く 良く
__label__4 いい 安けれ
__label__4 強い なく
__label__4 図々しく ない たくましく 良い 図太
__label__4 よい
__label__4 臭く
__label__4 やすい 悪い
__label__4 良い 良く 欲しい
__label__4 よかっ 長い
__label__4 悪い 良けれ
__label__4 いい 楽しく
__label__4 良く づらい やすい 悪く
__label__4 大きい 大きい にくい 安い
__label__4
__label__4 安く 嬉しい
__label__4 よかっ 新しい よい よい よい よい
__label__4 赤い 強く すごく
__label__4 ない にくい 良い
__label__4 にくい ない
__label__4 懐かしい
__label__4
__label__4 薄い 悪い
__label__4 やすく 良い 良い 高く
__label__4 良く よ よい
__label__4 安く
__label__4
__label__4 大き
__label__4
__label__4 大き 大きく 多い やすい 安く
__label__4 良かっ ない 難く 難しい
__label__4 狭い ない ない 難しい 良かっ
__label__4 白く 白 なく 白 良い
__label__4 良い
__label__4 なつかし やすい
__label__4
__label__4 安けれ 小さい やすい
__label__4 いい 四角い 広く 少なけれ 新しい 楽しい 良い 狭い 重く
__label__4 多かっ やすく
__label__4 少ない 高い
__label__4 無い 細かい
__label__4 古く なく
__label__4 やすい 良い 面白く 良かっ 面白く 無い
__label__4 軽く 小さい 短く 軽い 小さい
__label__4 ない 悪い
__label__4 良い 安く
__label__4 悪い 悪い 高い 高い 短い 大き 小さい 嬉しい
__label__4 熱く 悪く 悪く なかっ 素早い いい ばっち
__label__4 にくい にくい 長く
__label__4 大きい
__label__4 ない ない
__label__4 長
__label__4 軽く やすく
__label__4
__label__4
__label__4
__label__4 浅い
__label__4
__label__4 重く うまく 鬱陶しい
__label__4
__label__4 美味しい 高い
__label__4 良い 良い 良い 小さい 良い
__label__4
__label__4 悪く
__label__4 いい ない 強い 良
__label__4 程遠く
__label__4
__label__4 丸く 悪く
__label__4 楽しく
__label__4
__label__4 やすい 安っぽく 黒い
__label__4 楽しい
__label__4 細く なく 青い 面白く
__label__4 良い
__label__4 早い 早
__label__4 よかっ
__label__4 良く 細かく やすい 良い 良い
__label__4 強
__label__4
__label__4 良く 悪く
__label__4 安い いい
__label__4 安い 悪かっ よい 大き 早い 良い
__label__4 無かっ
__label__4
__label__4 なし 美味しい
__label__4 良い 良い ない やす 良い にくく 高かっ 良い
__label__4 ない
__label__4 すごく 早く よかっ
__label__4 なかっ 良かっ
__label__4 うまく うまく うまく ない 少なく
__label__4 いい あやしい
__label__4
__label__4 良い 安い 重い 多く 安く 欲しい
__label__4 やすい 太く なかっ 多く 良い
__label__4 やすく やす よい ない 早い
__label__4 良く
__label__4 上手く 高い いい 無い 高い
__label__4 多い 美味しい
__label__4 酷く やすい 安い いい
__label__4
__label__4 美味しい 良い
__label__4 良く
__label__4 大きい 小さい
__label__4 無い 美味しい
__label__4 長い 高
__label__4 無かっ
__label__4 多い 軽い
__label__4 新しく
__label__4 優しい ない
__label__4 面白い
__label__4 なく いい
__label__4
__label__4 やすい やすく いい
__label__4 良かっ 悪く ない
__label__4 小さい いい
__label__4 早く 高い 高かっ 安い
__label__4
__label__4 有難い
__label__4 ほしい
__label__4 痒く 柔らかく やすい 安い 良い
__label__4 恥ずかしく 硬 細く やすい 好ましい 良い 良かっ
__label__4 ない
__label__4 面白 かっこいい 苦しい なし
__label__4
__label__4 細かい 楽し
__label__4 づらい 無い 良い なく 少ない
__label__4 良い 良かっ
__label__4 大きく 重 にくい やすい にくい 大き
__label__4 良い 悪く 太 良い 安い 面倒くさい いい
__label__4 多い にくい 嬉しい
__label__4 良い 高い 勿体ない 辛い 面白い 辛い づらい 細かい
__label__4 良く やすく やすく
__label__4 なし
__label__4 良かっ
__label__4 良く やすい いい
__label__4 低かっ いい いい 小さい 無い
__label__4 面白かっ ない
__label__4
__label__4 良い
__label__4 宜しく
__label__4 面白 やすい ありがたい いい 煩わしい 安っぽい
__label__4 良い
__label__4 ない
__label__4 早い にくい 暗い 欲しい
__label__4 大きい 怖い 良い
__label__4 難しい 痛く なく づらく
__label__4 良い 無い 良かっ
__label__4
__label__4 小さく やすい
__label__4 良い
__label__4 強 高けれ 嬉しい
__label__4 長
__label__4 少なく いい
__label__4 やすい 面白かっ
__label__4 悪く
__label__4
__label__4 面白く 面白い
__label__4 良かっ 良く 安く 良かっ
__label__4
__label__4 面白い
__label__4 軽く なし いい
__label__4
__label__4 新しい いい 早い 狭い 狭い
__label__4 良い
__label__4 強 うまく いい
__label__4 安い よかっ 長
__label__4 高い
__label__4
__label__4 やすく 無い
__label__4
__label__4 良かっ
__label__4 良い 角 良い 良い ない 良い
__label__4 古い よい 欲しかっ
__label__4 ない
__label__4
__label__4 やすい いい いい いい 高く
__label__4 多く 良い
__label__4 良い よかっ
__label__4 遠い
__label__4 ほしい
__label__4 小さく にくい にくい 無く やすい
__label__4 やす 嬉しい
__label__4
__label__4
__label__4
__label__4 やすい 柔らかい 欲しい
__label__4 粗い 小さ
__label__4
__label__4 安く 無
__label__4
__label__4 高い 近い 近い
__label__4 つまらない 嬉しい
__label__4 難しい なく やすい
__label__4
__label__4 良い
__label__4 良い やすい 薄 薄 短 薄暗かっ 見づらい にくい 鋭く 痛い 厚 難しい なく
__label__4
__label__4 無く いい ない
__label__4 安い にく 安い
__label__4
__label__4 少なく 少なかっ 甘い 嬉しい
__label__4 酸っぱい もの凄く 大き 無い 臭い 安く 酸っぱい 臭い
__label__4 良い
__label__4 良い 小さい 大き 痛く 大き おかしい ない ない 小さい
__label__4
__label__4 良く
__label__4 難しい
__label__4 なく
__label__4 やすかっ
__label__4
__label__4
__label__4 強く 良く 良い なく やすい 良い 惜しい 良い いい 安く 美味しい
__label__4 いい
__label__4 赤く
__label__4 ない いい 悪く 長く
__label__4 冷たい
__label__4 くし
__label__4 高い
__label__4 難しい 良い やすい 良い 良い
__label__4 涼しい
__label__4 細かく 良かっ よかっ 小さい 細い 危ない
__label__4 軽い 苦しく いい ない 嬉しい
__label__4 ない 良い やすい やすい 良い
__label__4 多く 強く 早く
__label__4 良い 悪く
__label__4 安く 湿っぽく いい
__label__4 良く な
__label__4 安けれ
__label__4 粘 広い 良く
__label__4 なし なし
__label__4 大きい 高い なく 楽し
__label__4 若い きつく
__label__4
__label__4
__label__4 強い
__label__4
__label__4
__label__4 うるさい
__label__4 にくかっ 固い やすく やすい
__label__4 多く 易く 良い 無く
__label__4 良い きつく 強く 良い 高い
__label__4 柔らかい
__label__4 悪い 黒い 白く
__label__4 細い 軽い 良い
__label__4 っぽ 長い にくい やすい
__label__4 やすく やすい いい 痒く
__label__4
__label__4 早かっ やすかっ
__label__4 多く 明る 良い 見やすく にくい やすい 良く やすい 軽い 大き いい ない 悪い 低く づらい 欲しかっ 柔らかく
__label__4 無かっ 無けれ なかっ
__label__4 にくく
__label__4 ない
__label__4 安けれ 多い 厚い 良かっ いい 安い いい
__label__4 美味しい 多い ありがたい
__label__4 多く ありがたい
__label__4
__label__4 いい 速く 速 嬉しい 高い いい
__label__4 嬉しい
__label__4 痛く 低 高 近く 悪く
__label__4 小さく 速く
__label__4 少ない 小さい よい
__label__4
__label__4 細い 良い ひどく 無い 良い
__label__4
__label__4 ありがたい 激しい ない 正しい
__label__4 ない
__label__4
__label__4 面白い 容易く な
__label__4 欲し 楽しい
__label__4 良い
__label__4 よく 高い 良い 安い
__label__4 大きい ない 凄 なかっ ない 強い 色濃く ほしい 大きく 強く
__label__4 かったるい
__label__4 相応しい なく 無い 短く 良い
__label__4 固く 太い 短く 固い 柔らかい かゆい 濃い づらく 無く
__label__4 小さく たまらない 軽い
__label__4 遅く 安い 強い
__label__4 狭い
__label__4 うれしい
__label__4
__label__4 白
__label__4
__label__4 欲しく かる ない 軽く 軽い 軽い やすい やすい 悪く 小さく 小さく 小さく にくく しんど いい にくい 少ない 安 にくい 良い 軽く 小さく いい 良い
__label__4
__label__4 激しかっ
__label__4
__label__4
__label__4 にくい
__label__4 少ない 長く 安い 安けれ なし
__label__4
__label__4 良し 薄い
__label__4 興味深く
__label__4 安い 良い 安い 大きい やすく
__label__4 いい
__label__4 安かっ 硬い ない 安く 安っぽい
__label__4 安い 痛かっ
__label__4
__label__4 いい 長
__label__4 美味しく 冷たい 美味しい
__label__4 楽しく
__label__4 良かっ
__label__4 安かっ しんどい 小さく 面倒臭 良い 小さい 強く 大き ない 面倒臭 良い 悪い 痛い 安く 良い
__label__4
__label__4 白く
__label__4 暖かい
__label__4 いい 優しい
__label__4 遅かっ 速く よかっ 悪かっ
__label__4 物足りな 悪い 痛く 軽い いい 軽 重く いい
__label__4 無く 少ない
__label__4 良い
__label__4
__label__4 安い 安かっ
__label__4 美味しい
__label__4 欲しく なく 大きい
__label__4
__label__4 いい 小さく にくい 大きく
__label__4 楽しかっ
__label__4 多い 多い
__label__4 安く 高
__label__4 楽し 小さ 大きかっ
__label__4 ない よい 良く
__label__4 美しい 早い 細かい 欲しく 嬉しい いい 高 いい ない ない よく 欲しかっ ない よかっ 欲しい 多かっ なかっ
__label__4 興味深い
__label__4 可愛い
__label__4 良い づらい いい
__label__4 やわらかい 危なく 良い
__label__4 重い うれしい なし 安く
__label__4 物足りない 多く 良く
__label__4 うまく 凄い うまく
__label__4 重たい 強い なし 安い
__label__4 にくい
__label__4 良い 良い
__label__4 しぶとい 太い
__label__4
__label__4 面白い いい 良い
__label__4 いい 高く 臭い ない いい 臭い いい
__label__4 良かっ
__label__4
__label__4
__label__4 小さく いい 小さ
__label__4 良く いい いい 長
__label__4 素晴らしい 良かっ
__label__4 ない うれしい 甘く 辛く 強い よく
__label__4 やすい
__label__4 楽しい 悪く ない
__label__4 わかり易く
__label__4 安い
__label__4 ない 狭い 良い 見づらい
__label__4 面白かっ 多く 無い やすい
__label__4 いい やわらかく
__label__4 無い
__label__4 酷い 安く
__label__4 薄い 安い
__label__4 安く よい
__label__4 いい
__label__4 大きく
__label__4 善い 気持ち良い ない やすい
__label__4 大きく やすい よい
__label__4 白い
__label__4 安く よかっ
__label__4 にくく やすい 大きけれ ない
__label__4 にくかっ いい
__label__4 赤く
__label__4 安く 安かっ ひどい 物足りな
__label__4 なく 美味しい にくい ほしい
__label__4 重い 有難い 良かっ 安い 有難い 美味しい
__label__4
__label__4 やすく
__label__4
__label__4 小さい 大きく 安い やす がたい
__label__4 良い やすい 貧しい 良い 良い 良い 悪い やすい 物足りな 物足りな
__label__4
__label__4 低く にくい やすい 難しい いい ない 短く ない 多い 興味深い 楽しい
__label__4 良く 良かっ
__label__4 大きい 小さく 大きく
__label__4 小さい 長 よく やすい
__label__4 やすい 美味しく
__label__4 すごい
__label__4 よく
__label__4 短い
__label__4
__label__4 いい ない ない 辛い めでたし めでたし 欲しい 近かっ
__label__4 厳しい やすい 良い っぽい なかっ
__label__4 小さい 大きい やすい
__label__4 やすい
__label__4 大きく 多い 無い 無い 硬い 少なく っぽ 無い 無く 安く 薄い 良
__label__4 物凄く 面白い 低い 勿体ない 素晴らしい
__label__4
__label__4 よかっ
__label__4 早い 易く 少ない 無い
__label__4 易い
__label__4
__label__4 なく 良く
__label__4 うまく 臭い 高い
__label__4 多い 多い いい
__label__4
__label__4 いい 柔らかい 良い
__label__4 大きく
__label__4 良い 多い すっごく
__label__4 やすい 痛く 甘 いい
__label__4 やすく いい
__label__4 無い 懐かし
__label__4 悪い 多い 白く
__label__4 凄い
__label__4 ない 楽しく
__label__4 忙しく ない
__label__4 やわらか
__label__4 良かっ
__label__4 いい いいっ
__label__4 安い いい いい
__label__4 小さい 短い 小さく なく 大きく なく 良い
__label__4 真新しい 少ない
__label__4 ばっち 明るく 良い 白い なく 優しく やすい
__label__4 いい
__label__4 なし
__label__4 多く やすい 高い
__label__4 良い よかっ 細長い
__label__4 なく
__label__4
__label__4 深く 少なから 深く 無い よい ほしい
__label__4 まずく なく おいしく 小さく 大き
__label__4 悪く
__label__4 良かっ
__label__4 少なく よい 弱い
__label__4 良く 少なく 良い 程よく 重 新しく 良い
__label__4 薄く 軽く ほしかっ 軽く
__label__4 強 すっぱ きめ細かく おいしい
__label__4
__label__4
__label__4 やすく しつこ なけれ
__label__4 楽し
__label__4 大きい 小さい
__label__4 早い 美味しい 安く
__label__4 安い 面倒臭く 美味しかっ
__label__4 少なく ない もったいない
__label__4 良かっ
__label__4
__label__4 良く
__label__4 良く なく
__label__4
__label__4 大き 良い
__label__4 高い よい 白く
__label__4 づらく ない 良い
__label__4
__label__4
__label__4 多い
__label__4 ない 悪い 赤い 大きかっ 大き 良い にくい
__label__4 よし
__label__4 ない
__label__4 面白い
__label__4 少ない 白く ない
__label__4 良い
__label__4 小さく 短い いい 恥ずかしい
__label__4 にくい なく ほしい
__label__4
__label__4
__label__4 古い よかっ
__label__4 悪く 安く
__label__4 詳しい 軽い うまく 見やすかっ
__label__4 高い 良し 悪し
__label__4 楽しかっ 凄く 強い 少なく 凄い 欲しかっ
__label__4 良く ない ない
__label__4 無く なく なし
__label__4 ない よかっ
__label__4 白い よく
__label__4 良い 多い 少ない
__label__4
__label__4 早く 安く 良かっ
__label__4
__label__4 やすい 悪い
__label__4 懐かしく 面白かっ きつ
__label__4 美味しい 柔らか 硬
__label__4
__label__4 やすい 多い
__label__4 薄く 軽く ほしかっ 軽く
__label__4 少ない 多い 安く いい 無い 長く 良い にくい やすい 嬉しい 悪い 嬉しい 悪い
__label__4 いい
__label__4 楽しく
__label__4
__label__5
__label__5 安く 可愛い やすい 安い 短い やすかっ
__label__5 安い 無い
__label__5 いい 長く
__label__5
__label__5 楽しい
__label__5 やすい いい
__label__5 安い 安く 良い
__label__5 おいしく やすい やすい 良い おいしい なかっ まずく
__label__5
__label__5 安く 小さい やすい なし
__label__5 いい ダサい
__label__5 少なく 良い いい
__label__5 明るい にくかっ いい
__label__5 良し でかく やすい 有難い
__label__5 安く
__label__5 なく 大き 大きい
__label__5 にくく
__label__5 良かっ
__label__5
__label__5 悔しい なく 無けれ 無けれ
__label__5 無い 広く 浅く 手軽 いい 大きい にくい
__label__5 正しい 欲しい
__label__5
__label__5 安い
__label__5 いい ない 軽く な
__label__5 安く 多く 良い 可愛 いい
__label__5 安く ありがたい
__label__5 やす
__label__5 薄く 薄い
__label__5 憎 くき
__label__5 無い
__label__5 良かっ
__label__5 楽しい
__label__5
__label__5 なく めでたく 寒い すごい ない
__label__5 少なく 良い 良い
__label__5
__label__5 難しい
__label__5 良い
__label__5 うまく
__label__5 小さい 新しい
__label__5 良い 楽しい
__label__5 軽く
__label__5 いい 難しい ない やすい
__label__5 大きかっ
__label__5 やすく
__label__5 やす 安かっ 安い
__label__5 すごく
__label__5 安かっ ない
__label__5 良く やすい 小さい
__label__5 悪く
__label__5 多く 良い
__label__5 良い ない 多く 高く
__label__5 なく なく やすい
__label__5
__label__5 白っぽく 黒い いい
__label__5 なし
__label__5 良かっ
__label__5
__label__5 安い
__label__5 凄く 良い いい 強 楽しい 良い
__label__5 よく 数多く
__label__5 やすい つまらない 見づらい 悪い 素晴らしい 早く いい いい なし っぽい 安く 欲しい 良い 良い
__label__5 にくい 良い
__label__5
__label__5 重 太 すごく やすい いい いい
__label__5
__label__5 にくく 良い 良い
__label__5 やすい 美味しく 大き 大きく にくい 大き 無い 安く 安く 高い
__label__5 安い
__label__5 面白い 面白い 面白く
__label__5 高い ほしい
__label__5 白く 古い 新しい 美味しい
__label__5 なく よかっ 多く
__label__5 粘 少ない 強く やすい 安かっ
__label__5
__label__5 軽く
__label__5 強く 幼い なかっ 面白かっ ダサい ほしい
__label__5 やすい 可愛い よかっ
__label__5 細かく 良かっ
__label__5 良い
__label__5 新しく 鈍く なき ない 悪く 悪い ない なく
__label__5 なし
__label__5 小さい 多かっ やすい
__label__5 良く 良く 良い 良い 良く
__label__5 弱い 強く 物凄く 気持ちよく
__label__5 強 強
__label__5 すごい 良く 良けれ
__label__5
__label__5 多い 多い 多い なく
__label__5 やすい 丸い
__label__5 やむ無し 良く
__label__5 ありがたい
__label__5 高い 高い いい
__label__5
__label__5 良い 良い 多く 楽しい
__label__5 かくし
__label__5 なし
__label__5
__label__5 臭い
__label__5 気持ちよく 楽しく 気持ちよ
__label__5 だるい
__label__5
__label__5 にくく 弱い ない にくく なく おかしく いい ありがたい
__label__5
__label__5 安い 安い
__label__5 良い 少ない にくい やすい
__label__5
__label__5
__label__5 臭い 無く 良い
__label__5 良い 良い
__label__5 安く
__label__5 長い 良い なく 古い 早く 渋く なく 優しい
__label__5
__label__5 なく
__label__5 やすい 安い 軽く やすく
__label__5
__label__5 良く いい いい
__label__5 良い
__label__5 大きく
__label__5
__label__5 うまく
__label__5 にくく 良かっ
__label__5 欲しい
__label__5 よい 薄い いい 悪い
__label__5 素晴らしい 良い
__label__5
__label__5 良く
__label__5 珍しく
__label__5 いい
__label__5 おいしい 強い かっこいい 恥ずかしく 良い 良い
__label__5 臭い
__label__5 良く やすい やすく
__label__5 難しい
__label__5 早い やすい
__label__5 良く 美味し
__label__5 良い 細い やすい 小さい にくい 良い
__label__5 大きく
__label__5 楽しく
__label__5
__label__5 良い やすい 早く 良かっ
__label__5 なし 良く
__label__5 多かっ いい
__label__5 凄い
__label__5 無く 広い やす 良い
__label__5
__label__5 薄い なく 薄い 赤く 弱い
__label__5 やすい 良く 弱い
__label__5 良い 高く よかっ 素晴らしく ほほえましい
__label__5 良い
__label__5 美味しい
__label__5 強 安く
__label__5 暑 良く
__label__5
__label__5 よい なし よい
__label__5 良かっ
__label__5
__label__5 太く 多い 安い
__label__5 安い 重い
__label__5
__label__5 多く やすい
__label__5 やすい ほしい よかっ
__label__5 酸っぱ 臭い 長い ない 白く
__label__5 うまく 小さい にくい
__label__5 寒く ない 温かく
__label__5 小さい 強く 良い
__label__5 広い やすい 硬く にくい
__label__5 大き やすい
__label__5 にくく
__label__5 いい 欲しい 凄い 無かっ
__label__5 安く
__label__5 強
__label__5 新しい うまく ない なく
__label__5 安く 良かっ
__label__5
__label__5 近 少ない よかっ
__label__5
__label__5 安かっ 心地よい
__label__5 高く
__label__5 大きい なし なし 高
__label__5 白く 良く 優しく 強く 良い 強い
__label__5 早く 良かっ
__label__5 早く
__label__5 重い ありがたい
__label__5 安い やすい 多い 強い 高く 短い 長く
__label__5 すばらしい
__label__5 いい 柔らかく 長
__label__5 ない ない 難しい うまく 難しい 怖 素晴らしい 高 いい ほしい 怖い 忙しく 素晴らしい いい よかっ
__label__5
__label__5 無い やす 無い
__label__5 やすい
__label__5 重い
__label__5 易
__label__5 ありがたい
__label__5 よく
__label__5 おいし
__label__5 嬉しい 安い
__label__5 旨く 安い
__label__5
__label__5 面白い 多
__label__5 良い
__label__5 美味し
__label__5 面白い 良く
__label__5 いい 長 長 めんどくさい
__label__5 良い
__label__5
__label__5 安く 安く 良い
__label__5 ない よい いい 大き 多い よろしい
__label__5 良い にくい やすい ほしい 良い
__label__5 欲しく
__label__5 無く
__label__5 多かっ 良かっ
__label__5 かわいい
__label__5 早かっ 無く 薄い やすい 安い 欲しく
__label__5 臭く
__label__5 なく
__label__5
__label__5
__label__5 やす 安い
__label__5 すっごい 強い
__label__5 いい
__label__5 にくい
__label__5 しつこい
__label__5
__label__5 分厚く 早く 良かっ
__label__5 大きく いい すごく よい
__label__5 イイ なく
__label__5 なし 安かっ いい 厚い いい
__label__5 楽しく 可愛い やすく
__label__5 良く 良い
__label__5 良
__label__5 よい
__label__5 臭い
__label__5 よい 怖い 高い
__label__5 多い
__label__5 なく きつく 無く 速く 強く 強く 白い 無く ない 強く
__label__5 やすく 難しい 多かっ
__label__5 疎い 高い
__label__5 ない やすい ほしい 硬い 無い 柔らかく やすい いい 安い
__label__5 強く 多い
__label__5 強 強い 少なく 美味しい 強
__label__5 多い
__label__5
__label__5
__label__5 悪い 良い
__label__5 安い
__label__5
__label__5 なく
__label__5 よい 大き ほしい
__label__5 良く
__label__5 きつ
__label__5 無い いい
__label__5
__label__5 古い
__label__5 永く
__label__5 弱く やすい 赤く 良い 多く ありがたい やすく
__label__5 多い 多く
__label__5 よく やすく よく よい
__label__5 かわいい 柔らかく 良い やすい
__label__5
__label__5 く
__label__5 美味しい
__label__5
__label__5 いい
__label__5 狭く なく 近けれ
__label__5 欲しい 強く いい
__label__5
__label__5 なし よかっ
__label__5 重たい 軽く 疎く 難しい 軽く 薄く やすい にくい 狭い 良い
__label__5 悪く
__label__5 少ない 低い 良
__label__5 小さい 欲しい 安く 良かっ
__label__5 欲しく 大き 幅広い
__label__5 やすく 高い よかっ 少ない
__label__5
__label__5
__label__5 香ばしい
__label__5 硬
__label__5
__label__5 安かっ 辛く にくい やすい 安い
__label__5
__label__5 ない 近い 面白かっ 深く 良き
__label__5 怖 なかっ ない 新しい
__label__5 易い づらい 大きい
__label__5
__label__5 大きく 良い
__label__5
__label__5 美味しい 安い 安く 良かっ
__label__5 なく 良かっ 良い
__label__5 にくく
__label__5 目まぐるしい 良い
__label__5 すばらしい やすい
__label__5
__label__5 薄く 軽 広い 良い
__label__5 やすい
__label__5 良い 安い 安く
__label__5 少なく 良い
__label__5 いい
__label__5 いい
__label__5 嬉しく いい
__label__5 白い 苦い なかっ やすい
__label__5 やす
__label__5
__label__5 大きい ひどく ない
__label__5 薄い 薄い 有難い
__label__5 面倒く 乏しい 面白い 珍しく
__label__5 素晴らしい 楽しい いい 安い 多く 多い 嬉しい
__label__5 凄い
__label__5 安く やすく よい
__label__5 無く 安い 高い
__label__5 硬 柔らか いい 細 怖い
__label__5 悪く 早い 早い 多 勿体ない 良い
__label__5 何気なく 多く
__label__5 面白く ほしい
__label__5 軽く 軽く
__label__5 軽い 軽い 早い 安い なく いい いい 軽く
__label__5 涼しく ない 安い 安い
__label__5 安く
__label__5 多く 多く 無い 高い 面白い すごい 面白い 黒い 忙し 無く 無い いい いい 無い 上手く 強く
__label__5 多く 安い
__label__5 やすい 悪い
__label__5 良く なかっ
__label__5 良い やすい
__label__5
__label__5 真新しい
__label__5 ない
__label__5 良かっ
__label__5 安く やすく
__label__5
__label__5 古臭い 詳しく 大きく
__label__5 遠く なく
__label__5
__label__5 薄く づらい
__label__5 楽しく 長い 楽し 楽しく 待ち遠しい
__label__5 細かく 美味しい
__label__5 やすい 良く
__label__5 大き やすい
__label__5 安 無く
__label__5 よく なし 安 いい
__label__5
__label__5 安く 優しく 多い すごく ありがたい
__label__5 大人しく 懐かしい 楽しい 小さく 軽い よい
__label__5 気持ちよく
__label__5 良かっ 美味しかっ
__label__5 良かっ
__label__5
__label__5 遅い 早い 無く 小さい いい
__label__5
__label__5 やすかっ
__label__5 ない 多い 早い 上手く やすかっ
__label__5 深く 良かっ
__label__5 ない 高く やさしく
__label__5
__label__5 有り難い
__label__5
__label__5 なく なく いい
__label__5
__label__5 太 ない
__label__5 やすかっ 安く 多かっ 新しい
__label__5 凄く いい 美味しい
__label__5
__label__5 欲しい
__label__5 良い
__label__5 なく
__label__5 多い 嬉しい
__label__5 安く やすい
__label__5 弱い 多かっ 素晴らしい 強く 素早
__label__5 重 にくい 楽しく 楽しい
__label__5 高い
__label__5 細い 太い
__label__5 面白けれ いい 楽し ない にくい
__label__5
__label__5
__label__5 素晴らしい
__label__5 手軽 良い
__label__5 すごく 暑い
__label__5 多い ない
__label__5 やすい やすい
__label__5
__label__5
__label__5 やすい よい 多く
__label__5 おかしく 良い 欲しい
__label__5 短い 良かっ ほしい
__label__5
__label__5 少ない 気持ちいい
__label__5 早く 安く
__label__5
__label__5
__label__5 安 なく
__label__5 長く 良く
__label__5 がたい 多く
__label__5
__label__5 大きい 無く やすい 嬉しい
__label__5 若い 浅く 浅い 弱く なけれ 明る 暗 なく なく すごく 良い 嬉しく
__label__5 黒い 欲しかっ 白い 黒い 大きい いい
__label__5 高かっ 良い ない やすい
__label__5 儚く 良い 儚 薄 良い しつこい
__label__5 痛く
__label__5 小さ やすい 安い
__label__5
__label__5 大きい 無く やすい 嬉しい
__label__5 嬉しい 低い 嬉しい
__label__5 浅い 良かっ
__label__5 古い 良い
__label__5 優しい よい
__label__5
__label__5 新しい なく
__label__5
__label__5 無かっ 良い
__label__5
__label__5 良い 嬉しい
__label__5 イイ にくい
__label__5 新しく 多く 物凄く よかっ 早く
__label__5 なく いい やすい
__label__5 いい
__label__5 にくい いい
__label__5 やすい
__label__5 長い 新しく
__label__5 軽い なし 安い なし なし
__label__5 なく
__label__5 重い
__label__5 新しく 良かっ
__label__5
__label__5 なく なく
__label__5 高く 怖い 良く
__label__5 凄く いい よかっ 多く 強く にくい 長く 楽しく いい 安く
__label__5 面白かっ 苦しい おもしろかっ
__label__5 ない
__label__5 なく よ いい 良かっ 高い 薄い 素晴らしい
__label__5 良い
__label__5
__label__5 やすい
__label__5 良く なく 無かっ 高 高
__label__5 やすく やすかっ
__label__5 やすい づらい
__label__5
__label__5 悲しく
__label__5 ない ない
__label__5 にくい よい いい ない
__label__5 速い 凄く
__label__5 凄く 良い 良い 早く 良かっ 無い
__label__5 凄い
__label__5 良い
__label__5
__label__5 大き やすい 大き やすい ない ない ひどい やすい やすい 多い にくい
__label__5 やすい やすい にくい にくい 安い
__label__5
__label__5
__label__5 よかっ
__label__5 なし 悲しい
__label__5 ない
__label__5 美味しい なし
__label__5
__label__5
__label__5 良い 欲しく 短く 詳しく 難しい ない よい ない よかっ 良く
__label__5 面白い
__label__5 強く
__label__5
__label__5 ものすごく よかっ 面白い
__label__5 ばっち
__label__5 よかっ
__label__5 臭い 良い
__label__5
__label__5 古く 面白い
__label__5 無い にくく 大きい
__label__5 安く
__label__5
__label__5 悪い なし なし
__label__5
__label__5 たらしく 嬉しかっ
__label__5
__label__5 太 低く 良
__label__5 凄く 悪 いい
__label__5 難く 軽い 易い
__label__5 素晴らしい なく 多かっ いい ない
__label__5 柔らかく なく なく
__label__5 たのしかっ
__label__5 なし
__label__5 おいしい 小さい よかっ
__label__5 暖かく いい 安い
__label__5 良い 安い
__label__5 無い
__label__5 良く 良かっ
__label__5 なく
__label__5
__label__5 いい
__label__5
__label__5 良い 可愛い 安く 素晴らしい
__label__5 安い いい いい 柔らかく やすい
__label__5 多い 安く 良かっ 安く
__label__5
__label__5 欲しく よかっ
__label__5 楽し
__label__5 良かっ なし
__label__5 良かっ 暗い やすい 心地よい 良く 明る 嬉しい
__label__5 にくい
__label__5 早く よかっ 無く よかっ 長 良い 良い 重 やす
__label__5
__label__5 早く
__label__5 ない いい
__label__5 やすい 多い やすい
__label__5 やすい なかっ
__label__5
__label__5 高く
__label__5 良い
__label__5 やすい やすい やすい
__label__5
__label__5
__label__5
__label__5 小さい 安い やすい いい
__label__5
__label__5
__label__5 長
__label__5 やすく
__label__5 よし
__label__5 おいしい 早い にくい ない
__label__5 暑い 涼しい
__label__5 やすく
__label__5
__label__5 凄かっ すばらしい
__label__5 緩 速い
__label__5 安かっ よかっ
__label__5 かっこよかっ 高い 高 かっこいい
__label__5 無い ありがたい 深く 良い
__label__5 高い
__label__5 涼し
__label__5
__label__5 やすく 良い やすい
__label__5
__label__5 短かっ 煩わしかっ 難しい やすく 可愛い
__label__5 にくい
__label__5 白い 白い
__label__5 やすい 凄い 良く やすい しんどい
__label__5 面白く 楽しい
__label__5 やすく いい
__label__5
__label__5
__label__5 数多く なく
__label__5 遅
__label__5
__label__5 安い
__label__5 安かっ 楽しかっ
__label__5 狭い 良い 小さい 速い ない
__label__5 やすい
__label__5 なく やすい すごく やすい
__label__5 良い
__label__5 良く やすかっ
__label__5 近い 細かい やすく 美味しい
__label__5 長い 恥ずかし 良かっ 良い
__label__5 素晴らしい
__label__5
__label__5
__label__5 ばっち
__label__5 ない 素晴らしい
__label__5 面白かっ 嬉しい 多く
__label__5 嬉しい 嬉しい
__label__5 ない
__label__5
__label__5 多い 安い
__label__5 安く 嬉しい
__label__5 いい
__label__5 良い
__label__5 やすい
__label__5 早く 良かっ
__label__5 ない 良い
__label__5 激しい
__label__5 速い 軽い 速い 安い いい なく 安く 感慨深い
__label__5
__label__5 面白 ない
__label__5 楽しい
__label__5
__label__5 薄い やすい 良い
__label__5 あまい
__label__5 手軽 なく 臭い 臭い ない 高く 良い
__label__5 軽
__label__5 良かっ 素晴らしい 強 良い
__label__5 多い よい
__label__5 薄 気持ちいい 大きい 良い
__label__5
__label__5 小さく やすい
__label__5 痛く 良い 良い
__label__5 嬉しい
__label__5 良い
__label__5 安い
__label__5 臭い
__label__5 重い 悪く いい
__label__5
__label__5 やすい ありがたい やすく 安い 高い 多く
__label__5 良い
__label__5 大きく 良い
__label__5
__label__5 無かっ
__label__5 かっこよく 凄く
__label__5
__label__5
__label__5 小さけれ 小さく 高く 難しい
__label__5 良かっ 少ない
__label__5 安く 安く
__label__5 美味し
__label__5 凄い
__label__5 白く 白く なく 白く 黄色く 良い
__label__5 なし
__label__5
__label__5 良い 良い 多く 楽しい
__label__5
__label__5 重い 嬉しい
__label__5 良い
__label__5 良かっ
__label__5 なく 高い 良い
__label__5 安く よい
__label__5 無かっ 遅く
__label__5 大きい やすく 良い ない 良い
__label__5 ない
__label__5 良かっ
__label__5
__label__5 小さかっ
__label__5 安い 軽い 素晴らしい
__label__5 やすい
__label__5 臭く
__label__5 良い ない なかっ ない 早い 悪い
__label__5 安い やすく
__label__5 長い 厚く 重く よ なく
__label__5 ない
__label__5 甘い 安い
__label__5 面白かっ 欲しい
__label__5 痛く
__label__5
__label__5 やすく 美味しい
__label__5 安い なし
__label__5 にくく やすい にくく にくく 重 太 良い
__label__5 大きい やすかっ 良い
__label__5 やすい
__label__5 安い いい 高く
__label__5 難しい 大きく
__label__5 多く
__label__5 高い
__label__5 大き
__label__5 いい ない やすい
__label__5 づらい いい 明るく なく
__label__5 良い
__label__5 小さい 長く
__label__5 ない
__label__5 無く 良い
__label__5 やすく 良かっ
__label__5
__label__5 固く 軽く すばらしい
__label__5 めでたく 楽しく いい
__label__5 なく なかっ なかっ いい よかっ
__label__5 なく
__label__5 強い
__label__5 安い
__label__5 でかい 短かっ 長い やすい すごく いい やすい でかい やすい
__label__5 遅 熱く
__label__5 よい いい 臭い なし
__label__5 安かっ やすく
__label__5 良い
__label__5 素晴らしい 楽しい いい 安い 多く 多い 長い 嬉しい
__label__5
__label__5 多く 鋭い 楽しく やすく
__label__5 柔らかい 柔らかい 小さく 細く やすく やすい
__label__5
__label__5 重く 軽い 良い
__label__5 安い ない
__label__5 安い
__label__5 やすい やすく にくい 有難い
__label__5
__label__5 なし 良 いい
__label__5 黒く 大きい 小さい 大きい 可愛らし
__label__5 無く
__label__5 安く いい
__label__5 弱く 安く 良かっ
__label__5 な ない 薄い ない うまく 多い
__label__5
__label__5 いい
__label__5 やすく 良い
__label__5 にくく 楽しい
__label__5
__label__5 古い 良かっ
__label__5 いい やすい なく
__label__5 無く な 楽しい 良い 良い
__label__5 ありがたい
__label__5 凄く いい 安い
__label__5 いい
__label__5 多く 早く 良い
__label__5 可愛い
__label__5 軽く やすく
__label__5 大きい
__label__5 高
__label__5 なく 少なく
__label__5
__label__5 良く 良い
__label__5
__label__5
__label__5 多い 多い 素晴らしい 上手く 上手く
__label__5 多い いい
__label__5 鋭い 大きく 数多く 広 深い
__label__5 良い 良かっ
__label__5
__label__5 深い 細かい
__label__5
__label__5 楽しく 面白く 難しい 無し
__label__5 素晴らしい カッコイイ
__label__5 美味しい 良かっ
__label__5
__label__5 高い
__label__5 いい 少なく
__label__5 良い
__label__5
__label__5 嬉しい
__label__5
__label__5 やすい
__label__5
__label__5 白く
__label__5 良い 悪い 良く 高い 良い
__label__5 少なく かたく 良かっ
__label__5 軽い やすい 高く 良い 軽く やすい やす ない
__label__5 良い 嬉しい 嬉しい
__label__5 面白い いい
__label__5 素晴らしい 良く
__label__5 安い やすい
__label__5 細く 可愛い
__label__5 いい 欲しい
__label__5 安 づらい よかっ
__label__5 高い
__label__5 高い
__label__5 多い
__label__5 いい 重
__label__5 やすい 気持ちよく
__label__5 臭い ない 臭い 良
__label__5 いい
__label__5 やすい
__label__5 安く
__label__5 少なく いい 安い
__label__5 早く 古い
__label__5 大き 高 大き 高
__label__5 長い 恥ずかし 良かっ 良い
__label__5 良く 大きい いい 白い 赤い
__label__5 良い
__label__5 詳しく 安い
__label__5 強い 面白かっ
__label__5 弱い 小さい 少ない なく
__label__5 遅い
__label__5 ない 面白い
__label__5 柔らかい 湿っぽく 湿っぽく
__label__5 よかっ
__label__5 多い やすく 素早く やすい
__label__5 美味しい
__label__5 やすい 見やすい
__label__5 新しい
__label__5 安く
__label__5 優しい よい
__label__5
__label__5 良かっ
__label__5
__label__5
__label__5 良く 良く ない 若い
__label__5 安く
__label__5 良かっ 良かっ 長く
__label__5 低い
__label__5 いい 欲しい 凄い 無かっ
__label__5 暗く
__label__5 なく いい 激しい
__label__5
__label__5 嬉しい
__label__5 やすく やすい 安く
__label__5 安く 辛く 辛い 少ない 軽い やすい 重 ない 良い やすい 欲しい 良い イイ
__label__5
__label__5 なく 香ばしい
__label__5 安く 重い ありがたい
__label__5 安く 良かっ なし
__label__5 嬉しい 多い
__label__5 臭い ない 素早く 黒い
__label__5 よく 見やすい 見にくい
__label__5
__label__5 暗い 暗
__label__5
__label__5 ない
__label__5 いい
__label__5 懐かしく
__label__5 なく
__label__5
__label__5 良かっ
__label__5 安く いい
__label__5
__label__5 細かい いい
__label__5 良い 良い 良かっ
__label__5 良
__label__5 安く 嬉しい 良い
__label__5 にくく うまく 高かろ 悪かろ
__label__5 安く ない やすく
__label__5
__label__5
__label__5 素晴らしく
__label__5 楽し
__label__5
__label__5 よく
__label__5 良い
__label__5 すごい いい 薄く 早い
__label__5 安い よく 寒く いい
