__label__2, かなり とりあえず
__label__5, ちょうど
__label__1, 実際 当然 どんどん どう どうしても なんで
__label__2, わくわく あまり
__label__4, 多少
__label__1, どうして
__label__2,
__label__1,
__label__5, とりあえず ちゃんと
__label__1, なんで こんなに
__label__3,
__label__2,
__label__2, きちんと とても
__label__4, 多少 ぐらぐら
__label__1, おそらく あくまで
__label__4, まだ
__label__4,
__label__1, なぜ
__label__3, ちょっと 一度
__label__5,
__label__1,
__label__3,
__label__5, まず
__label__2, 更に もう少し かなり 全く さらに とても 次に ほとんど
__label__1, 実際
__label__5, ちょいちょい やはり
__label__1, 二度と
__label__1, 多少
__label__4, すぐ もうちょい
__label__1, すぐ すぐ 一応
__label__4,
__label__3, やはり
__label__2, おそらく とても
__label__2,
__label__3, 特に
__label__1,
__label__4, より
__label__1, 少し 色々 既に 何だかんだ 結構 ちゃんと かなり 少し
__label__1,
__label__1, とても
__label__2,
__label__5,
__label__4,
__label__1, しっかり
__label__5, 早速 よく
__label__1,
__label__1,
__label__4, すぐ まったく
__label__2, 何故 とても 何とか
__label__5, とても とても とても とても
__label__1, 少し ひとまず とても いろいろ とても
__label__4,
__label__2,
__label__4, 少々
__label__1, 初めて がっかり まるまる 二度と
__label__1, 既に
__label__5, とても まず スーッ
__label__2, それほど 少々 なんと 常に ほとんど ずっと 全く なんとなく もう まあ
__label__2, 全く
__label__2, かなり どんどん
__label__2,
__label__1, 初めて とにかく まず
__label__2, どう なんとも
__label__1, 全く
__label__3,
__label__1, 本当に
__label__4, かなり まだ そのまま スッキリ 相変わらず かなり とりあえず
__label__4, よく よく あまり
__label__5,
__label__4,
__label__3,
__label__3, みるみる 全く 色々 パラパラ ちゃんと とりあえず
__label__2, わずか よく よく 少々
__label__4, いつも ペコペコ すぐ
__label__5, きちんと とても もっと
__label__4,
__label__4, 全く さすが 少し
__label__3,
__label__1, 少し
__label__5,
__label__1, ほとんど
__label__4, 色々 特に
__label__3, ずいぶん ずいぶん
__label__1, いくら まだ
__label__4, 全く
__label__2, まあ まあ
__label__1,
__label__2, 少し だんだん やっと いつの間にか どう よく とても とても
__label__4,
__label__1, ほとんど
__label__1, どう とにかく
__label__1, 二度と
__label__3,
__label__1, 全く 実際 きちんと こう 本当に
__label__4, とても
__label__4,
__label__5, まだ やはり
__label__3,
__label__5, とにかく
__label__1,
__label__2,
__label__5,
__label__2,
__label__2,
__label__2, 特に
__label__3, 特に
__label__1,
__label__5,
__label__5, とても
__label__2, せめて
__label__3, どう もう いろいろ かならず あえて
__label__5, ドタバタ
__label__1,
__label__1,
__label__4,
__label__1, 初めて
__label__1,
__label__5, さらに
__label__4,
__label__3, ちょっと
__label__1, もくもくと
__label__1, もちろん ちゃんと 結構
__label__4,
__label__5, ばんばん
__label__1, 二度と
__label__5,
__label__2, なんとも しばらく
__label__3, よく やはり 少々
__label__2, 初めて もう
__label__3, ほぼ やや あまり 少し さほど
__label__5, とにかく ちゃんと ふんわり
__label__1, 度々 一向に
__label__3, まだ かなり
__label__5, 少し まだまだ
__label__4, 何とも まあ
__label__1, 全く むしろ
__label__3,
__label__5, 多分
__label__5, いつも
__label__4, ちょっと どんどん 本当に どう そう 即 そう
__label__2, どんどん もう
__label__4, 全く
__label__1, 全然
__label__3, いつも とても
__label__4, はっきり 沢山
__label__1, まさか わざわざ
__label__1,
__label__4, わざわざ
__label__3, キラキラ
__label__1, まず 次に
__label__5,
__label__4, どうしても
__label__1, 全く もし
__label__1, さっぱり
__label__4,
__label__4, ちょっと とても
__label__4, いかんせん 初めて
__label__5,
__label__2, もともと ほとんど 総じて
__label__1, よく よく 実際 たいして よく
__label__3, 全然 ほとんど
__label__3,
__label__1, すぐ
__label__2, あまり 沢山 まず とても なぜ 何故か 常に 結構 ほぼ なんだか ほぼ ほぼ やっぱり 同時に イライラ とっても
__label__1, もう少し
__label__3, まだ
__label__1, しっかり
__label__1,
__label__3, そんなに
__label__3, 結構
__label__5, 何かと どう
__label__3,
__label__2,
__label__5,
__label__5, ずっと 徐々に
__label__3, 多少 何かと
__label__4, とても
__label__1, 再度 再度 二度と
__label__2, なかなか 全く
__label__3, 特に コツコツ
__label__2, まったく
__label__1, もちろん ちゃんと 結構
__label__5, ほぼ ほぼ 一度
__label__1,
__label__5, なぜ なんとか 特に チラッ しっかり
__label__3,
__label__3, あまり
__label__1, 延々と ひたすら 是非
__label__2, 全然 せっかく すぐ
__label__2, そう
__label__1, すぐ すでに 既に 全く とても さすが 全く ぜひ
__label__1,
__label__1,
__label__1, もちろん ちゃんと 結構
__label__2, とても がっかり
__label__4, しっかり ずっと
__label__4, 再度 どう もう一度
__label__4, もう少し
__label__4,
__label__4, やはり
__label__1, とりあえず
__label__1, どうして
__label__1, すぐ 突然 全く とても
__label__4,
__label__4,
__label__1, チョット 後で
__label__4,
__label__1, なぜ
__label__1, もう
__label__2, もっと
__label__4, 正しく いまだに 本当に 正しく なぜ どんどん かなり 当然
__label__5, しっかり
__label__4, 相当
__label__5, 常に
__label__3,
__label__1,
__label__3,
__label__3, あまり あまり
__label__4, 全く
__label__5, 未だに
__label__3, てっきり 実際 少し かなり ともかく 既に 一応
__label__3, すぐ なかなか 早速 少し なんら
__label__1, 全然 とても
__label__2, そのうち
__label__4,
__label__5, ピカピカ
__label__1, 二度と
__label__1, いつも
__label__1,
__label__5, もっと 一見 ちょっと 多少 ちょっと ギラギラ もっと
__label__1, いつも もう少し いっぱい
__label__5, 本当に
__label__1,
__label__4, とても いささか
__label__1, しばらく 色々
__label__3, かなり 少し あまり
__label__3, わざわざ
__label__2, もっさり ちょっと
__label__4,
__label__5, とても
__label__2,
__label__5, 時々 まさに なぜ
__label__4,
__label__3, 当然 ほぼ 当然 たまに まだ あまり
__label__1, まだ いつのまに 全く
__label__3, 色々 余りに 何故
__label__5, かなり
__label__1, ずっと いつも 全く もちろん ただ今 一体 突然 決して 全く
__label__2, しばしば あまり
__label__2, 遅ればせながら かなり すぐ すんなり 実際 かなり かなり とにかく とにかく すぐ
__label__1,
__label__1, 全然
__label__1,
__label__1,
__label__3,
__label__2,
__label__4, あまり
__label__4,
__label__1, 全く 全く
__label__2,
__label__3, ちょっと
__label__1, もう 平然と 一気に もう どう
__label__1, 沢山
__label__1, 多分 どう
__label__2,
__label__1, もちろん ちゃんと 結構
__label__5, 本当に
__label__4, 少し
__label__3, 当然 当然 初めて
__label__5, まあ
__label__1, あまり
__label__4, もう少し
__label__1, なんで 少し 一々
__label__1, いつも 全く 初めて
__label__4,
__label__3, もう
__label__3,
__label__2,
__label__2, ちょっと ずっと
__label__3, 特に いちいち 要は 全く よく 少々 つくづく
__label__4,
__label__1, 少し とても すぐ
__label__4,
__label__1, 一度
__label__1,
__label__1, 特に そのまま
__label__3,
__label__4,
__label__2,
__label__2, すぐ もう少し
__label__3, あまり なかなか
__label__3, 特に
__label__4, なんとなく ゆったり
__label__4, これから 果たして おそらく かなり
__label__2, 初めて もし どう
__label__1,
__label__5, しっかり
__label__1, 全く
__label__1,
__label__1, よろしく
__label__1, よく あまりに どう
__label__4, より
__label__1, タップリ まんべんなく
__label__2,
__label__5,
__label__4,
__label__1, そう あくまで
__label__4, ペラペラ ちょっと
__label__3, 概ね 直ぐ
__label__5,
__label__4, さらに キッ ある程度
__label__1, 全然
__label__3, たぶん
__label__4, さすが
__label__4,
__label__1,
__label__1, 度々 一向に
__label__3,
__label__2, ちょっと
__label__4, よく ほとんど
__label__4, グズグズ
__label__5, 結構
__label__3,
__label__2,
__label__2, 全く ちょっと もしか 一度
__label__1, しばらく
__label__2,
__label__2, べっとり
__label__2, あまり 結構 もっと やはり
__label__1, 既に 一度 こう ぞっと 一度 一応 かなり 初めて とにかく 一度
__label__1, ちゃんと
__label__1, まず かなり とても かなり 特に よく あまり
__label__2, もう一度 すぐ これから
__label__1, とても
__label__1,
__label__1, 特に
__label__1, すぐ すぐ
__label__4, しっかり 少し 色々 ちょうど よく ちょうど
__label__2, そのまま ちょっと なんとか
__label__5, 色々 ニコニコ
__label__1, 既に
__label__1, ほとんど
__label__2, かなり 案の定 概ね
__label__5, すぐ 特に しっかり
__label__1, やはり 何より
__label__3,
__label__4, 別に ワクワク 多々 まだ そこそこ
__label__2,
__label__1, 無理矢理 あくまでも
__label__5, さっと たっぷり
__label__5, まず しっかり しっかり 全く
__label__2,
__label__1, 全然
__label__3, いまだに ペラペラ 当然 ぼんやり 当然
__label__1, どう
__label__3,
__label__5, 本当に そう よく
__label__1, あまり やはり
__label__1, もしか 何とも きちんと
__label__3, よく
__label__5, とても 色々 共に せっかく
__label__1,
__label__1, いろいろ そのまま しょっちゅう いきなり
__label__1, しっかり
__label__3, あまりに
__label__1, しっかり また
__label__3, 少し 少し 一度 しっかり ツン もし
__label__4, 最も 正しく 正しく あっという間に
__label__3, あまりに
__label__4, ゆっくり
__label__3, よく ようやく
__label__3, やはり
__label__1,
__label__1, 一度 やや おそらく
__label__1, つい
__label__1, すぐ そう ガッカリ
__label__4,
__label__4, かなり こんもり やはり かなり
__label__1,
__label__5, ツン しっとり これから
__label__5, よく とにかく
__label__1,
__label__1, てっきり
__label__4, ちゃんと もう少し
__label__1,
__label__1,
__label__3, やはり 全く
__label__2,
__label__5, たまたま 少し
__label__3, 少し 更に
__label__2, 既に しっかり まだ
__label__5, まったり
__label__5,
__label__3,
__label__1, 二度と
__label__3, 本当に あまり なんとか もう イライラ 本当に 本当に イライラ イライラ イライラ そう イライラ
__label__3, 初めて すぐ
__label__1,
__label__1, 全く
__label__1, ぜったい
__label__4, もし
__label__1, やはり まだまだ 又 あえて 相当 いかに あえて あえて あえて あえて 全く 未だに きちんと 何やら
__label__1, ある程度 ひたすら ぜひ もし よく まだ もしも
__label__1, 特に
__label__1, 全く
__label__1, きちんと とても
__label__3,
__label__5, 全く いつも
__label__3, 色々
__label__2, なるべく 必ず しばらく 全然 どう これから ずっしり ちょい ずっしり 実際 しっかり 全然 ベタベタ だいたい ベタベタ とくに すぐさま ベタベタ ぜひとも ベタベタ そう
__label__2, ちょい しばらく ガッカリ
__label__4, ジン なかなか イライラ 結構
__label__4, これから 色々
__label__1, あまり
__label__4, 何より
__label__3, 今ひとつ
__label__3,
__label__2, やはり
__label__2, すぐ
__label__3, 特に
__label__1, 何故か 実際 まだ 仮に どう こう 色々 やきもき 少し よく
__label__2, 初めて 少し
__label__1, そのまま とても しっかり
__label__1, やはり まだまだ 又 あえて 相当 いかに あえて あえて あえて あえて 全く 未だに きちんと 何やら
__label__2, まず 何より 実際 きっちり どう
__label__2,
__label__2, 早速
__label__3,
__label__2,
__label__5,
__label__2, ちゃんと ちゃんと
__label__5, しっかり
__label__4, まず もちろん
__label__1, 初めて そのまま やっぱり なんと すらすら すらすら むしろ そう ようやっと 断じて それほど いい加減 長々 ぜひ いつも
__label__2, 今や もっと
__label__1, 全く 沢山 とにかく なかなか 何故か ちょっと まだ そんなに そう ずっと 何とか やたら とても
__label__1, しばらく たまたま
__label__3, ニャンと
__label__2,
__label__5, しっかり
__label__4, とても 結構 ずっと
__label__5, ずっと 勿論
__label__4, なんと さっぱり あまり もともと あまり
__label__2,
__label__5,
__label__2,
__label__2, 一度 たまに もう かなり 色々 それ程 そう 長々
__label__1, いつも 沢山
__label__1, 全く
__label__2, ガッカリ ポツポツ 結構
__label__5,
__label__4, とても
__label__1, ベタベタ
__label__1, 全く 全く ちゃんと
__label__5, まさに
__label__1,
__label__5,
__label__1,
__label__1, もちろん すぐ ずっと 泣く泣く もう
__label__1, 本当に 全く これから 本当に
__label__1,
__label__1, すぐ すぐ 一応
__label__2, あまり 全く 初めて とても
__label__3,
__label__1, 突然 とりあえず
__label__2, 突然 再度 たぶん もう少し もう少し ほぼ しばらく 全く やはり
__label__3, サクサク
__label__4,
__label__3, いまいち たまに いろいろ
__label__4, しっかり
__label__1,
__label__2, 只 やはり そこそこ
__label__1, まだ ちゃんと
__label__4, これから
__label__4, もう少し
__label__1, 多分
__label__2, ずっと けっこう しっかり さらさら どうしても
__label__1,
__label__2, どう 長々
__label__4,
__label__1, そのまま もちろん
__label__3, どうして
__label__1,
__label__5, 初めて いざ 多少 本当に それほど
__label__3, ずっと 初めて
__label__2, とても ふと よく よく まだ また 少し とにかく 初めて ポロリ
__label__1, どう
__label__2,
__label__2, サクサク どう
__label__1,
__label__3,
__label__1, きちんと
__label__4,
__label__1, あまり ちょっと もっと
__label__1, なぜ
__label__1,
__label__4,
__label__1, そう そう やはり もう 二度と
__label__1, 二度と
__label__5, 尚
__label__3,
__label__3,
__label__2, もっと
__label__1, すぐ もっと 少し おそらく とにかく
__label__3, よく なんで
__label__1,
__label__2, 全然 せっかく すぐ
__label__1, 全然
__label__1, ほとんど なんと 何より せめて かなり きっと さらに 本当に とにかく 二度と
__label__5, なんとか たしかに あまりに もっと そう
__label__5,
__label__1, 勿論 初めて
__label__5,
__label__5,
__label__5, 少し やっぱり
__label__2, なぜ せっかく もっと 且つ
__label__4, 断然 やはり しっかり イライラ
__label__3, 結構 たっぷり
__label__5, つい
__label__1, しばらく もともと
__label__4, どうして
__label__1,
__label__1, 全く 実際 きちんと こう 本当に
__label__1, いざ
__label__5, しっかり
__label__3,
__label__4, ちょうど
__label__1, とても 特に ちょっと
__label__4,
__label__5,
__label__2,
__label__1, こんなに 初めて 全然 そう とても イライラ すぐ
__label__5, とても もう少し
__label__2, どう まだ
__label__1, いつも 沢山
__label__3,
__label__1, 更に 時々
__label__3, 色々 余りに 何故
__label__3, 実際 当然 そう なんとか どうにか がっかり
__label__1, まず まさに 少し
__label__3,
__label__1, こう
__label__1, 全く
__label__1, まさか わざわざ
__label__5, ピッタリ
__label__2, かなり
__label__1, しばらく もともと
__label__2, 一応
__label__5, 充分 すぐ
__label__4,
__label__4, 結構
__label__1, 既に
__label__5, まだ ちょうど
__label__3,
__label__5,
__label__1, 結構 ちょっと ひらひら そう
__label__2, ほぼ 結構
__label__1, すぐ
__label__5, 特に いつも 特に
__label__4, 特に
__label__1, あらためて
__label__3, もう一度
__label__1, 再度
__label__2, まだ しっかり とても とても まるで 特に
__label__4,
__label__4, だいぶ 別途
__label__1, 単に それほど いかに
__label__1, 恐らく とても
__label__2, かなり
__label__2, 結構 少し
__label__5, ぜひ
__label__3,
__label__5, やっぱり
__label__1, ずっと サクサク 決して
__label__5, 全く
__label__4,
__label__3, 暫く
__label__1, 果たして
__label__4,
__label__5, 少し
__label__1, ちゃんと
__label__3,
__label__2, あまりに ハッキリ もう少し
__label__3, そんなに よく
__label__2, どう 決して
__label__1, より そのまま いつのまにか なぜ より ちょうど そう まず めったに ある程度 初めて とにかく ほぼ ぜんぜん ほぼ まるで ずっと やたら まだしも まったく いきなり 色々 特に ピョンピョン 全く ちょい そのまま ずっと とにかく やっぱり もちろん ほとんど もう まったく 一気に そのまま もっと ごちゃごちゃ なんと
__label__1, 全く どうやら 初めて もう
__label__5,
__label__1, しっかり ハッキリ 二度と
__label__4,
__label__1,
__label__3, やはり もともと 結構 必ず 本当に
__label__4, やはり 少し すこぶる
__label__1, やや
__label__3, もう少し 何とか
__label__2,
__label__1, 度々 一向に
__label__1, こう
__label__5, よく 意外と
__label__1,
__label__2,
__label__1, やっと 本当に 未だ
__label__1, すぐ そう ガッカリ
__label__1,
__label__1, 一度
__label__3, ちょっと 一応
__label__5,
__label__1, けっこう 同時に
__label__4, いろいろ 少し ピン ピン ゆっくり まっすぐ ピン ゆっくり まだ
__label__5, これから
__label__1,
__label__2, とても
__label__5, ワイワイ
__label__4, より
__label__1, 初めて
__label__3, すぐ 多少
__label__1, おそらく 特に いまいち いろいろ 再び なかなか さすが 特に
__label__1, 本当に
__label__5, 何とも さすが
__label__3, まだ そう いつも まだ あまりに とくに
__label__2, もう
__label__5,
__label__1, さらに
__label__1,
__label__5, しっとり 全く
__label__5,
__label__1, 余り
__label__3, 結構 サクサク
__label__2,
__label__5, 結構
__label__4,
__label__3,
__label__2,
__label__2, とても とても 徐々に 多分 なかなか こう とても やっと 直ぐ きちんと
__label__3, もっと
__label__1, 一度 まず ある程度 ゆっくり 更に 殆ど 別に さらに なぜ そう もっと 所詮 殆ど どー まず いっそ もし お高く どうにも 特に さも 何故か 何故 あえて やっぱり もし
__label__2, かなり 別途 それほど
__label__1,
__label__2, ちょっと おおむね ガリガリ ちょっと もう少し
__label__3, より
__label__4, 実際
__label__2, なかなか 少し さらに ほぼ 結構
__label__4, まあ まあ とても いつも
__label__1, いつも せっかく いかに どう あまり
__label__1,
__label__2, ちょっと 大して もう
__label__5, とても
__label__1, いきなり
__label__1, 何分 果たして こんなに 当然 ガリガリ さらに 多少 特に しばらく 実際 元々 やっぱ 少し
__label__2, さっぱり ベタベタ
__label__5, 特に やはり
__label__1,
__label__3,
__label__5,
__label__1, 初めて もっと 多少 よく まず また やはり まず イライラ とても そう どんなに 多々 イライラ より イライラ そう 本当に どう まだ これから
__label__1,
__label__1, 初めて 尚更
__label__1, 全く
__label__2, それほど 暫く ポロリ なんとか
__label__3,
__label__5, ピン ちゃんと さほど ピン
__label__2, 意外と
__label__3, もう少し
__label__5,
__label__4, そんなに
__label__4,
__label__1, 一度 まず ある程度 ゆっくり 更に 殆ど 別に さらに なぜ そう もっと 所詮 殆ど どー まず いっそ もし お高く どうにも 特に さも 何故か 何故 あえて やっぱり もし
__label__1, とても
__label__1, まず 同時に たしかに どう 再度
__label__3,
__label__5,
__label__1, 一応 もう少し
__label__1, よく
__label__1, すぐ あまりに
__label__1, そう
__label__2, 何故
__label__5,
__label__3, すぐ やはり
__label__3, ほぼ 少し
__label__5, もう 少し ピン 少し
__label__4, スッキリ ほぼ
__label__3, なにせ こう
__label__3, 少し いくらでも
__label__5, 時々
__label__3, 果たして 一気に とても
__label__3,
__label__1, ぴったり もう
__label__4, どう
__label__2, 大分 なぜ
__label__1, すぐ
__label__1, がっかり よく
__label__1, イライラ
__label__1, ちゃんと 初めて きちんと こんなに もう ちょっと もし また
__label__5,
__label__1, とにかく
__label__4, サクサク
__label__5, いざ ちょっと 少し とにかく もちろん
__label__5, ずっと
__label__3, ちょっと やはり 特に あっさり もっと
__label__3, 是非
__label__3, いまいち
__label__3,
__label__5,
__label__1, 既に とりあえず おそらく すこし
__label__5, まず 少し 勿論
__label__5,
__label__2,
__label__2, ある程度 特に ほとんど どうにも あまり 全く 全く もう少し せっかく
__label__4, 実際
__label__5,
__label__3, ずっと よく バタバタ いつのまにか すこし よく 相変わらず
__label__1, もちろん ちゃんと 結構
__label__4, 細々 色々 専ら そのまま 全く なかなか 相当 あまり かなり まあ 今や 相当 今や 大いに 一旦 一体 余りに わざわざ 少し なかなか せっかく こう おそらく 実際 相当 徹頭徹尾 よく 何せ ごく 実際 且つ もし まず よく 相当 長々 まあ ごく あまり もし 特に 言わば 予め ちょっと まあ 総じて
__label__2, まだ 特に 本当に もっと
__label__2, がっかり まあ やはり もっと
__label__5,
__label__5, 大抵
__label__1, まず 同時に たしかに どう 再度
__label__3, いつも すっきり
__label__5, もう とても
__label__4, 丁度
__label__1, やはり よも
__label__4, とても ぎっしり あまり とても 少し
__label__1, なぜ
__label__5,
__label__2, 特に
__label__2,
__label__3, 多少
__label__1, すでに さすが ハッキリ しっかり はっきり しっかり ちゃんと
__label__1,
__label__5, 全く ちょっと
__label__3, まったく
__label__2,
__label__3, 初めて
__label__5, 丁度 丁度
__label__5, おそらく もともと よく まさに まさに
__label__3, 少し 少し
__label__1,
__label__1, すでに すでに すでに そう どう
__label__4, きちんと かなり どうしても なんとか かなり 本当に きちんと
__label__4, 沢山
__label__1, どう
__label__5, しっかり
__label__4, もちろん いつも すっきり さらに
__label__2,
__label__3, いっぱい もう少し
__label__1, ちゃんと
__label__1,
__label__4, だいぶ ずっと はっきり 結構 スッキリ
__label__1, すぐ
__label__3, もう ほとんど しばらく 突然
__label__5,
__label__3,
__label__2, ずっと とても
__label__1, とても とても よく とても せめて
__label__2, やっぱり 何より たしかに まだ すぐ
__label__4, 何せ せめて
__label__3, とりあえず 既に 未だ とりあえず シコシコ 当然
__label__5,
__label__1, もう一度 なぜ 即 正しく 時々 なんだか すっきり
__label__2, たしかに
__label__1, 特に すぐ 一応 色々 たまに
__label__5,
__label__4, つい まあ
__label__3, 何かと 早速
__label__5, 初めて
__label__5, もう
__label__4, もう
__label__2,
__label__3, とても 本当に
__label__5,
__label__4,
__label__3, もっと 少々
__label__1, もう
__label__3, よく よく ギスギス そう すぐ
__label__5,
__label__4,
__label__1, すぐ すでに 既に 全く とても さすが 全く ぜひ
__label__3,
__label__2, 全く たまたま
__label__5, 初めて パッ
__label__5,
__label__4, いつも なぜ 急遽 どう きっと たぶん おそらく せめて
__label__1, うんざり どう
__label__5,
__label__2, もちろん しばらく
__label__2,
__label__3, どうにか
__label__2,
__label__3,
__label__5, 特に こんなに まず 突然 ほぼ そろそろ
__label__2, そう こう それだけ
__label__3, たっぷり しっとり
__label__2, よく しっかり もう
__label__3,
__label__3,
__label__3, すぐ
__label__1, 全く
__label__1, なぜ
__label__3, 直に
__label__4, 案外 ほぼ よく 少し
__label__1, 突然 色々 どう 全く そのまま
__label__3,
__label__1, かなり
__label__1, かなり
__label__5,
__label__1,
__label__4,
__label__2, 一度 一応
__label__1,
__label__5, とても とても
__label__2, もう かなり もっと すぐ すぐ
__label__5, いつも 初めて 意外と よく
__label__3,
__label__1, 全く
__label__1,
__label__5, やっぱり 少し 特に
__label__1, こう
__label__1,
__label__4, よく
__label__2, もう
__label__4,
__label__2, もう
__label__2,
__label__3, とても かなり
__label__5, 然 必ず
__label__2, ほとんど
__label__1, 必ず もしか 少し
__label__4, 比較的 少し
__label__1, しっかり
__label__1, ずっと
__label__4, 初めて 同時に けっこう つい やはり すぐ ほとんど やっと
__label__1, 少し 色々 既に 何だかんだ 結構 ちゃんと かなり 少し
__label__1, 全く
__label__4, どんどん ペラペラ しっかり
__label__3,
__label__5, どうして どうして 多少なりとも さらに 本当に
__label__2, もう少し すぐ
__label__3, 少し きちんと
__label__4, ずっと
__label__4, 漠然と ついつい もちろん これから
__label__1, どうこう しまいに すぐ ノロノロ 甚だ サクサク ちょい 断然 全く
__label__1,
__label__4, もっとも
__label__1, すぐ
__label__2, ちょっと
__label__2,
__label__3, なかなか しばしば
__label__4, 既に 同時に
__label__5, そう とても
__label__2, 少し イライラ とっても どうして ますます
__label__4, たっぷり 多少 良く そのまま たっぷり
__label__2, あまり 何となく ほぼ かなり とても さらに
__label__1, 全く むしろ
__label__4, 何とか
__label__4,
__label__5,
__label__5, 最も すぐ すぐ まだ はじめて 本当に
__label__5, 全然 ごっそり
__label__1, なんで 本当に 全く とても いきなり 本当に 何とか
__label__5, ほぼ
__label__4, まま ジン
__label__5, ワクワク
__label__4,
__label__1,
__label__1,
__label__2, もっと
__label__4, とても もっと
__label__4, とても 本当に とても
__label__3, 少し
__label__4,
__label__1, ピリピリ 全く
__label__2, 断然 ずっと 全然
__label__1, 全く 初めて どう
__label__1, まだ どう
__label__1, 実際
__label__2, まだ
__label__4, もう少し
__label__2,
__label__1, 一度
__label__4,
__label__5, あまり よく
__label__2, 結構 もう少し どう もっと もっと
__label__5, ずっと ついに 早速 まったく ずっと スッキリ もしか 本当に
__label__4, ほとんど
__label__1, かなり よく
__label__1, 既に
__label__5, 近々
__label__1, あまりに せっかく
__label__3, 多分
__label__3, どうしても
__label__1,
__label__1,
__label__3, いっぱい
__label__1, もちろん 結構 若くして 特に
__label__4, それほど ハッキリ
__label__3,
__label__5, いつのまにか よく 更に
__label__5, そろそろ 本当に これから
__label__3, 少し 少し
__label__3, 大いに 幸い ほとんど かなり ちょっと かく もちろん 要するに そう かつて どう
__label__2, 色々 ようやく すぐ すぐ とても
__label__1,
__label__1, どうして
__label__1,
__label__5, いっぱい 一気に とにかく
__label__5, 比較的 要は 同時に
__label__4, まだ
__label__1, ちょっと
__label__1,
__label__1,
__label__5, もっと
__label__3, あくまで
__label__5, よく よく
__label__1, 初めて よく もちろん 初めて もう 二度と
__label__1, なぜ
__label__2, こう いちいち もう そんなに 所詮
__label__2, とても
__label__1,
__label__1,
__label__4,
__label__3, よく
__label__3,
__label__4, 少し なかなか いつも いつも 一度
__label__1, しまいに 全く もう カタカタ
__label__1, もう やはり 再度 早速 ちゃんと 特に そろそろ ちゃんと まあ まあ 改めて もう
__label__1, 全く
__label__1, けっこう 同時に
__label__1, ほとんど
__label__4, なお
__label__3, まあ やっぱり
__label__4, ほぼ
__label__2, なぜ
__label__1,
__label__1, やはり よも
__label__2, しっかり
__label__5, 全然 まず しばらく
__label__1, 別に
__label__1, ちゃんと 全く ひたすら さして もう 少し 突如 あまり
__label__1, 全く
__label__1, さらに なおさら 少し かく 既に どう ぜひ
__label__1, 時々 全く
__label__1,
__label__1, 少し とても 時折 決して イライラ イライラ 少なくとも イライラ こんなに いやいや そう きっと
__label__2, まあ あまり もっと
__label__2, 案外 やはり
__label__2, いつのまにか そのうち すでに
__label__5, 特に 単に
__label__4, 多少 少し
__label__1, かなり
__label__1, 必ず 即 すぐ 少し 必ず やはり 沢山 本当に
__label__3,
__label__1, すぐ そう ガッカリ
__label__2, いったん なんと よっぽど
__label__1, まだ 少なくとも
__label__1,
__label__5, 全然 再度
__label__1, よろしく
__label__5, かなり 再び 既に どうやら さっそく 同じく かなり これから そんなに
__label__3, さらに
__label__1, 全然
__label__1,
__label__1, まず 同時に たしかに どう 再度
__label__5, あまり さらに 特に 是非 まさに もっとも 常に とても 実際 ずいぶん かなり
__label__1, 再度
__label__3,
__label__1,
__label__3, サラサラ まだ もう少し
__label__2, すぐ 当然 とりあえず
__label__3, あまり まったり
__label__4, まず かなり 本当に しっかり かなり
__label__2, あまり 全く 初めて とても
__label__4,
__label__1,
__label__1, 度々 一向に
__label__4, 少し まだ ちょっと すでに 更に とにかく ちょっと
__label__2,
__label__4,
__label__4, いまいち まあ まあ
__label__2, そう つい 実際 色々 何で こう もう もう
__label__1, 全く
__label__1,
__label__1, 全く 実際 きちんと こう 本当に
__label__4, ゴシゴシ どうぞ
__label__2, イライラ イライラ 少し
__label__1, チョット
__label__1, 未だ
__label__3,
__label__5,
__label__4, とても ようやく とても
__label__3, すぐ
__label__2,
__label__2,
__label__1,
__label__1,
__label__4, もう 早速 しばらく まだ 少し 結構
__label__1, 別に
__label__3, ともかく
__label__1, 全く
__label__2, すぐ
__label__1, 一度
__label__2, 再度 切に
__label__1, 特に
__label__4, まず 比較的 どう どうしても どうしても まあ けっこう まあ 全然 そこそこ すぐ そんなに そんなに
__label__4,
__label__1, 既に
__label__5, まだ
__label__4, 特に 何となく あらためて 少し 早速
__label__4, ギスギス なかなか さすが もし まさに
__label__1, いろいろ そのまま しょっちゅう いきなり
__label__2, がっかり 全く
__label__1,
__label__3, なんせ
__label__3, どう どう 何ら ともかく ほぼ いかに さらに ずいぶん どう もちろん 実際
__label__2, 少し だんだん やっと いつの間にか どう よく とても とても
__label__1, 何とか 全く
__label__1, すぐ すぐ
__label__3, 少し
__label__2, さらに やはり
__label__3,
__label__3,
__label__4, とても なかなか 少々
__label__5, とても とても
__label__1, 初めて がっかり まるまる 二度と
__label__3, 急遽 すぐ
__label__3,
__label__4, すくすくと
__label__4, 元々 さすが じゃぶじゃぶ ベタベタ
__label__5,
__label__1,
__label__2, あえて
__label__3, パチ まして
__label__1, 全然
__label__1, すぐ
__label__5, しっかり 全く
__label__1,
__label__3, 何時も もう少し
__label__2, もっと よく
__label__4, そこそこ 少し あまり
__label__1, 少し まず 案の定 ついに まさか
__label__2,
__label__3,
__label__2, こんなに これから 全く もともと
__label__3, 既に かなり どう こう むしろ
__label__2,
__label__3,
__label__4,
__label__1, かなり あまり
__label__5,
__label__1, ぴったり もう
__label__1, ある程度 ひたすら ぜひ もし よく まだ もしも
__label__3, スッキリ スッキリ
__label__2, ようやく あまりに やや
__label__2,
__label__2,
__label__4,
__label__1, かなり
__label__4, ちょっと もう少し
__label__2,
__label__3,
__label__2, ほとんど
__label__5, まだ
__label__1, まず かなり
__label__4, まだ 何とも
__label__2,
__label__4, ペラペラ すぐ ほぼ 本当に
__label__2,
__label__1, 全く
__label__1, しばらく いざ
__label__4,
__label__3, 初めて とても よく とても とても とても すぐ 少し とても
__label__2, いつも いつの間に
__label__1,
__label__3, 同時に 少し どう こう こう
__label__1, 実際
__label__4,
__label__4, あまり
__label__5, 随分
__label__2,
__label__5,
__label__4, とりあえず 最も
__label__2, ほんとに
__label__3, もっと いかにも
__label__4, まだ あまり もう
__label__1, まあ まあ
__label__5, バッチリ
__label__2, とりあえず 少し あまり 元々 再度
__label__1, チョット
__label__1, 何ら
__label__4,
__label__2, よし 少し
__label__5, しっかり しっかり まあ
__label__3,
__label__3,
__label__1, いつも 全く 初めて
__label__4,
__label__1, なんで 本当に 全く とても いきなり 本当に 何とか
__label__1, すぐ ついに
__label__4, すでに まったく まったく せめて まあ ほとんど スッキリ
__label__1, 少し とても 時折 決して イライラ イライラ 少なくとも イライラ こんなに いやいや そう きっと
__label__2, どう
__label__3,
__label__2, 更に もう少し かなり 全く さらに とても 次に ほとんど
__label__4, ずっと
__label__3,
__label__1, 突然 色々 どう 全く そのまま
__label__3,
__label__1,
__label__4, そんなに
__label__4,
__label__1, 特に かなり ほぼ もう
__label__5, しっかり 少し しっかり とても
__label__1, 全く 暫く そこそこ 二度と
__label__4, ワクワク
__label__1, ピン
__label__5, まず もちろん きちんと もちろん これぞ まだまだ
__label__5, すぐ まだ 全然 もう 少し
__label__3, まだ
__label__1, ちゃんと ほぼ もう 二度と
__label__3, しょんぼり それほど
__label__3, そんなに こう
__label__3, 特に よく
__label__1, いきなり
__label__1, こんなに 初めて 全然 そう とても イライラ すぐ
__label__4, 直ぐ
__label__4, 更に
__label__5, かなり すぐ よく 改めて もう少し
__label__5, ずっと
__label__5, しばらく きちんと やっぱ
__label__3, 何故か わくわく
__label__1,
__label__2, そう もう
__label__3, ちょっと
__label__3,
__label__3,
__label__1, ピン ピン ピン
__label__1,
__label__3, せっかく そのうち やはり
__label__1, はじめて
__label__4, グッ
__label__4,
__label__2, 早速 ワクワク
__label__1,
__label__4,
__label__1,
__label__3, やっぱり
__label__4, とても ちょっと
__label__5, とても 少し
__label__3, 早速 しばらく
__label__4, いかに
__label__1, 恐らく とても
__label__5, しっかり ちゃんと
__label__2, せっかく かなり もっと 大いに 初めて 特に わざわざ そう 本当に よく いろいろ
__label__5, ピカピカ 全然 また ぜひ
__label__3, じわじわ そんなに
__label__1,
__label__5, サッと
__label__2,
__label__3, 改めて かなり ともかく 何だか
__label__1, また 二度と
__label__2, とても
__label__4,
__label__1,
__label__4, とっても
__label__4, しっかり たっぷり かなり ちょっと ピッタリ
__label__1, なぜ
__label__2, 実際 せめて
__label__2, とりあえず
__label__5,
__label__1, きちんと
__label__1, ずっと サクサク 決して
__label__1, 既に もう一度
__label__2, とても ずっと
__label__4,
__label__5, もう
__label__3, 断然 たしかに
__label__5, ちょっと ベトベト
__label__4,
__label__3,
__label__3, すぐ なかなか 早速 少し なんら
__label__2, ほとんど どう 必ず 極めて どう カチン 最も そう ほとんど
__label__1,
__label__4, かなり やっと もう 暫く
__label__1,
__label__1,
__label__3,
__label__4, よく いつも もっと もう少し
__label__1, とても
__label__2,
__label__1, しまいに 全く もう カタカタ
__label__2, あんまり 全然 心から
__label__5, あらかじめ とても
__label__2, すでに もちろん すぐ わざわざ
__label__4, たまたま ずっと
__label__3,
__label__1,
__label__5, とても ずっと 全く
__label__4,
__label__5, もう ちょっと そっと
__label__1, いろいろ そのまま しょっちゅう いきなり
__label__2, いまいち なんとか
__label__1, ちょっと
__label__3, 意外と 何故か さっぱり どうしても 結構
__label__3, ごく 特に
__label__5, やっぱり
__label__4,
__label__4, いざ わいわい
__label__1, 早速 フワフワ
__label__1, いろいろ そのまま しょっちゅう いきなり
__label__1,
__label__4, かなり
__label__1, きちんと
__label__5, つい なかなか
__label__5,
__label__4, ちゃんと
__label__4, もっと
__label__1, 必ず どう
__label__1, いきなり どう
__label__4, それほど しっかり
__label__2, どんどん もう
__label__4, それほど
__label__2, 初めて かなり サラサラ もっと
__label__5, もう ずっと いろいろ
__label__1, とても とても よく とても せめて
__label__5,
__label__2,
__label__5, 少し 何となく 特に すぐ もう一度 こんなにも とても
__label__1, 再度 再度 二度と
__label__5, 本当に
__label__1,
__label__2,
__label__1, どう
__label__3, 少し
__label__5, 且つ しっかり すぐ
__label__4,
__label__3, とても ガンガン 一応 ちょっと
__label__5, ちょっと ポイ
__label__2, いきなり
__label__3, 特に
__label__3,
__label__5,
__label__3, そう
__label__5, どんなに 所詮 本当に がっちり もう少し 全く しっかり
__label__2, もしか もう
__label__1,
__label__1, どうにか
__label__1, 既に
__label__1, 全然
__label__2, もちろん キチン しばらく いちいち もちろん あえて
__label__3, 単に 沢山
__label__5, よく ほとんど とても
__label__3,
__label__3,
__label__5, よく もう少し もっと そう
__label__5, バッチリ
__label__1, ぜったい
__label__1, 再度
__label__5,
__label__5, 特に ある程度
__label__3, さ もう 急ぎ
__label__1, ぜったい
__label__2, 今ひとつ パッ ちょっと やっと スグ もしか
__label__1, しっかり
__label__5, 初めて
__label__4,
__label__3,
__label__2, いつの間にか まだ はっきり さっそく そもそも どう
__label__4,
__label__4, ちょっと
__label__4, やっぱり
__label__3, とても
__label__2, もう いっそ
__label__1,
__label__2,
__label__3, バッチリ もう少し 尚
__label__4, すぐ しっかり あくまでも そのまま いちいち 少し スッキリ
__label__2, 結構 あまり やや 少し あまり 少し
__label__3, いつも ベタベタ ちょっと
__label__1, 色々 一度
__label__3, ほぼ ほとんど もう あまり あまり これから 本当に あまり
__label__4, さっと もう ちょっと
__label__1,
__label__1, 当然
__label__2, あまり 全く 本当に
__label__4, 全く 更に とにかく 僅か 最も 相変わらず 常に まだ もちろん 更に あくまで 実際 必ず 実際 実際 そう 恐らく 少々 結構
__label__1,
__label__3, あまり
__label__1, ちゃんと しっかり 極めて 少し
__label__3, ピン きちんと 早速 すぐ もう一度 そう
__label__1, 少し
__label__1, 実際 いちいち
__label__5, そんなに 色々
__label__3,
__label__1,
__label__3, かなり はるか 少し
__label__5,
__label__1,
__label__4, 早速 ワイワイ
__label__1, どう
__label__2, いいかげん
__label__1, 再度 再度 二度と
__label__1, バリバリ 切に
__label__5,
__label__4, 少し
__label__1, 実際 いちいち
__label__5, 元々 とても ずっと きっと
__label__4,
__label__4, 特に よく 結構 おそらく
__label__4,
__label__1,
__label__1, なぜ
__label__2,
__label__3,
__label__4,
__label__4,
__label__1, すぐ
__label__1, 既に もう一度
__label__3, 別に もっと
__label__2, とても
__label__1, ちょっと
__label__4, なるべく まるで めっちゃ よく 色々
__label__4, こっそり ちゃんと とても 結構 もう
__label__4, ほぼ 全く あまり とりあえず 再度 再度 全く
__label__5, また
__label__5, たまに
__label__1,
__label__3, かなり
__label__1, かなり 必ず 少し とても
__label__1, 初めて
__label__5,
__label__5, これから 少し
__label__5,
__label__3, 全然 未だ
__label__2,
__label__2, もう やっぱり 全く
__label__3, 相変わらず とにかく 全く
__label__3, どうも
__label__2, がっかり
__label__1,
__label__3,
__label__2,
__label__2, 意外と 多少
__label__4, とりあえず
__label__3,
__label__1,
__label__1,
__label__4,
__label__1,
__label__5, しばらく よく
__label__5, やはり
__label__3, かなり よく ハッキリ ちょっと
__label__5, すぐ 全然 やはり 本当に 全然 本当に
__label__4, いつも
__label__2,
__label__3, よく そうとう 一応
__label__1, 特に
__label__2, 全然 せっかく すぐ
__label__1, 何とか 全く
__label__5,
__label__1, やはり
__label__1, 全然 直ぐ 余り
__label__4, さらに
__label__4, そう
__label__1, もちろん すぐ ずっと 泣く泣く もう
__label__2, 特に
__label__4, オンリー
__label__1, ウキウキ とても
__label__3, 全く いと
__label__2, 要するに 少し
__label__3, まさか がっかり もちろん 無理矢理 そのうち 無理矢理 すぐ
__label__1, すでに すでに すでに そう どう
__label__2,
__label__1,
__label__5,
__label__4, よく とくに 別途
__label__5, 何とも
__label__1, とても 全く なんとか なんとか
__label__4, 特に
__label__3, もう 少し ごく
__label__1, 全く
__label__5, ほぼ ちょっと 結構 もし パッ パッ もう一度 ほぼ もし もし
__label__4, とても
__label__1, 色々 色々 一見 色々 突然 これから 既に こう 一旦 こう 次に 実際
__label__1, 何だかんだ
__label__1, どう いかに とくに
__label__5, 改めて 改めて
__label__4, たまたま
__label__5, 特に ごく
__label__4,
__label__4, 取り急ぎ
__label__1, 色々 色々 一見 色々 突然 これから 既に こう 一旦 こう 次に 実際
__label__1, あまり
__label__3, ペラペラ
__label__1, 全く そこそこ
__label__1,
__label__3, 時に
__label__3, ちょっと すぐ
__label__1, なぜ
__label__5,
__label__1, 余りに 直ぐ コロコロ まるで ザラザラ まだ 余りに コロコロ
__label__5,
__label__3,
__label__1, 特に そのまま
__label__1, あまり
__label__1,
__label__3,
__label__1,
__label__2, なんとなく
__label__5, 何より
__label__1, かなり
__label__1, しっかり
__label__2, 結構 少し ちょっと
__label__1, バリバリ 切に
__label__3, もっと
__label__3, とても 結構
__label__4, 色々 さも
__label__1, 二度と
__label__5,
__label__3, まだ ちょっと よく
__label__1, 度々 一向に
__label__3, 昔ながら
__label__4, そこそこ 少し あまり いか あまり
__label__1,
__label__5,
__label__5, すぐ
__label__1, しっかり
__label__5, ずっと ちょっと ベタベタ
__label__1, せめて
__label__5, 実際 少し
__label__1, もともと あまり ほとんど
__label__1,
__label__3,
__label__3, はじめて 少し 実際 どう
__label__5,
__label__1, しょっちゅう もう
__label__4, 少し バッチリ バッチリ また
__label__5, ちょうど
__label__4, たっぷり かなり せっかく
__label__5, かなり
__label__1, 全く 実際 きちんと こう 本当に
__label__4, 沢山
__label__4,
__label__2, くっきり
__label__4, 何かと そのまま 特に
__label__2, 本当に なぜ きわめて 特に どうしても 多々 せめて むしろ いわば ガラリ やっと あまり また やっぱり とにかく やはり もう とことん なぜ ひたすら 時として しばらく まず まあ
__label__5, いつも もう少し
__label__4, これから
__label__1, そのまま もっと
__label__3, ちょっと
__label__3, すらすら
__label__1, やはり それほど 多少 やはり
__label__1, いざ
__label__2, ガッカリ もっと
__label__4, 同じく
__label__5, 元々 別に かなり ヌルヌル
__label__1, まだ
__label__2, 結構 ある程度
__label__3,
__label__1, 多少
__label__4, いつも
__label__1,
__label__1, 二度と
__label__1, すぐ
__label__1, ちょっと
__label__3,
__label__1, すぐ すでに 既に 全く とても さすが 全く ぜひ
__label__3, よく もっと 結構 幸い 未だ 何とも
__label__1, もちろん ちゃんと 結構
__label__1, しっかり ハッキリ 二度と
__label__1, さらに さらに まだまだ かなり もっと もっと
__label__3, 全く まだ やっと ホッ
__label__4, たまに
__label__5, よく もっと 少し
__label__5, 特に とても
__label__1, すぐ ちょっと
__label__3,
__label__1,
__label__1, もしかして やはり
__label__5, 最も よく そこそこ そこそこ 初めて もう いまだに ちゃんと
__label__1, どうしても
__label__5, かなり だましだまし 当然 やはり ずっと
__label__1,
__label__1, とにかく ただただ
__label__1, 全く そこそこ
__label__4,
__label__1, よく
__label__4, 結構 やはり
__label__2, 当然 こう
__label__2, すぐ
__label__5, 初めて
__label__1, 全く よく
__label__4, 一応
__label__1, 辛うじて
__label__1, 何一つ 初めて
__label__4, あまり かなり 特に
__label__1, まず 突然 一度 果たして
__label__2, とても 直ぐ
__label__1,
__label__2, たしかに 普通
__label__1, なんと
__label__2, しょっちゅう すぐ すぐ
__label__2,
__label__2,
__label__1,
__label__3, 即
__label__1, 直ぐ まるまる とても こんなに はっきり 二度と
__label__1, どうして こう 全く もはや 全く
__label__5,
__label__3, 色々 どう
__label__3, 少し がっかり
__label__3,
__label__1,
__label__3, ちょっと
__label__5,
__label__3, とくに こう
__label__2, もう
__label__1, 直に
__label__3, とっても
__label__5,
__label__2, 必ず 常に もう
__label__1, どう
__label__2, そんなに 単に すぐ
__label__5, 少し 少し 少し
__label__1, 初めて とにかく まず
__label__2, なんで
__label__1, ちゃんと 初めて きちんと こんなに もう ちょっと もし また
__label__5,
__label__4, なんだか ヌルヌル
__label__1, 全く
__label__5, とても
__label__2, 初めて
__label__4, もう少し
__label__2, 余りに 実際 つるつる やはり あまり 勿論
__label__2,
__label__4,
__label__1,
__label__4, 沢山 おおよそ 少々
__label__3, なぜ やはり 少なくとも
__label__2, とにかく イライラ 仲良く 本当に
__label__3, ちょっと あまり まっしぐら
__label__1,
__label__5,
__label__2, なぜ
__label__4, チクチク もう一度 あまり ゴシゴシ 少し いつも チクチク あまり
__label__2, 初めて どうして
__label__1,
__label__1, 特に
__label__4, より
__label__4, 特に ちょうど
__label__3, 特に
__label__5, 元々 しっかり
__label__2, あまり わざわざ
__label__4, 特に
__label__5, 少し ただちに ハッキリ 実際 すぐ 果たして もう ほとんど よほど なんとか ある程度 いかに どう
__label__1, 元々
__label__3, とっても まあ
__label__4, しっかり そのまま
__label__5, スッキリ
__label__2, よく
__label__3, もっと 少々
__label__5, 色々
__label__3,
__label__1, 元々
__label__5, まあ 実際 何とか 一寸 正に 何とも 更に 一寸 はっきり 別段 常に 実に ある程度 まあ これから 取りあえず まあ
__label__3,
__label__3, より 特に 実際 なんとなく もう少し
__label__4, ある程度
__label__5, 元々 何より
__label__3,
__label__1,
__label__1,
__label__2, きちんと よく
__label__1, すぐ すぐ 一応
__label__4,
__label__4, さすが
__label__4, おそらく もし とことん おそらく まあ 真に さっと
__label__3, かなり 相当 よく
__label__4, さすが ちょっと
__label__4, まだ
__label__2, 特に
__label__2, ずーっと そろそろ あまり ほとほと まだ まず よもや よろしく そろそろ
__label__2, あくまで すぐ あまり 少なくとも もう かなり かならず 結構 ある程度 どうしても すぐ もちろん
__label__1, 一度 全く
__label__3,
__label__1, 既に
__label__5, 取り敢えず 少し
__label__1, まず 同時に たしかに どう 再度
__label__1, しょっちゅう
__label__4,
__label__2, 実際 少し
__label__1, 実際 実際 とても
__label__4, 随分 一度
__label__4, さして 特に ともかく 特に しっかり
__label__3, いつも やはり
__label__3, 一向に もっと もっと どんどん とうとう 全然
__label__5, いつも
__label__2, もっと
__label__1, たまたま あまりに
__label__4, ビリビリ ちょっと
__label__1, 少し とても すぐ
__label__4, まったり
__label__3, さぞかし
__label__5, めっちゃ チカチカ 真っ直ぐ
__label__5, きっちり
__label__1, しっかり また
__label__1, もっと 改めて
__label__1, 本当に 本当に
__label__5, とても
__label__2,
__label__4, 特に
__label__1,
__label__1, そこそこ ほぼ 結構 たっぷり
__label__5, 特に 特に すぐ
__label__1, おそらく あくまで
__label__1, そのまま ほとんど しっかり もう
__label__5,
__label__4, 初めて ちょっと せめて そのまま 最も わざわざ
__label__1, もう一度 更に
__label__5, きっちり ガタン たまに ほぼ
__label__4, できるだけ
__label__2, なぜ
__label__5,
__label__1, ちゃんと ほぼ もう 二度と
__label__1, よく
__label__5, 今更 共に
__label__4, どうしても しっかり ほとんど いっぱい すぐ もう 少し
__label__1,
__label__3,
__label__1, 少し もう 余りに まだ あえて 色々 せめて もう少し
__label__4, 思わず なかなか 無理矢理 ちょっと ちょっと
__label__2,
__label__2, 全然 はっきり
__label__4, 本当に
__label__1, もちろん ちゃんと 結構
__label__3, かなり かなり
__label__4, 一応 そのまま なんとか
__label__1, よく よく
__label__3, もう少し
__label__1,
__label__2,
__label__1, ちゃんと ちゃんと ただただ ちゃんと
__label__1,
__label__1, ちょっと
__label__3, あまりに 少し もう少し かなり
__label__3,
__label__1,
__label__3, 時々 まだ もっと ほとんど とても 時々 少々 まだまだ
__label__3, まだ
__label__1, ちゃんと ちょっと
__label__5, とても まず スーッ
__label__3, 何故
__label__4, まだ なぜ
__label__2, 本当に
__label__2, 相変わらず もはや なにか
__label__1, 恐らく とても
__label__4, ピッタリ もう少し
__label__3,
__label__1, 全く 初めて どう
__label__1, 少し それほど もう
__label__5, とても
__label__1,
__label__1, もともと あまり ほとんど
__label__5, 少々 もっと すぐ 俄然 まるで せっかく しっかり
__label__1,
__label__3,
__label__3,
__label__1, 急遽
__label__5,
__label__1, 何故
__label__4,
__label__1, しばらく 色々
__label__5, 少々
__label__2, しっかり 比較的 ほぼ あまり 少し
__label__1,
__label__3,
__label__2, 少し
__label__1, 何とか
__label__2, やはり
__label__2, すぐ
__label__1,
__label__1,
__label__1,
__label__3,
__label__2,
__label__1, 全く
__label__5, いつも
__label__1, しっかり
__label__4, そう
__label__2, もっと
__label__1, ずっと 本当に
__label__5, すぐ たっぷり とても
__label__3, これから
__label__1, あまり かなり
__label__3, ずっと ベタベタ
__label__5, とても 何と こう しっかり
__label__2, ずっと しばしば こう どんどん
__label__1, どう
__label__1, とても とても よく とても せめて
__label__1, 全く
__label__1, もしかして やはり
__label__1, 再度
__label__1, まだ
__label__2, きちん
__label__2,
__label__5, 少し まあ 特に すぐ
__label__3, 同時に すぐ
__label__5, 元々 次第に イライラ まったく こんなに もっと
__label__5, とても
__label__2, まったく 全く あまり
__label__3, とても 突然 また のんびり すこし
__label__4, もっと
__label__1, 突然 どう しっかり
__label__4, 全然 少々
__label__3, 多々 さすが かなり ぴったり ちょっと 余り ほぼ まだ
__label__1, ピン すぐ ポイ どうも
__label__1, かなり ある程度 ずっと 元々 どうしても 元々
__label__1, 無理矢理 あくまでも
__label__2, まず かなり そう 初めて
__label__4,
__label__2,
__label__2, よく 全く
__label__1,
__label__3, とにかく すぐ
__label__3,
__label__1, まるごと
__label__2, どうやら まだ
__label__1,
__label__5,
__label__2,
__label__1,
__label__1, ずっと ともかく 少々
__label__5, とても
__label__3,
__label__2, 最早
__label__5, すぐ さすが
__label__2,
__label__3, 必ず はっきり どう どう そう とにかく 多少 単に
__label__1,
__label__4,
__label__3, つるつる まだ
__label__1,
__label__4,
__label__2, より
__label__1, いつも もう少し いっぱい
__label__4, 当然 少し 断然
__label__4, よく
__label__4, まだまだ 少し 特に ギュッ きちんと
__label__2,
__label__4, 多々 特に ざっと
__label__4, あまり 少し
__label__1, もう いつも 全然 いつぞや がっかり もう どう 本当に
__label__5, 実際 これから
__label__3, あまりに ちょっと
__label__2, ちょっと 特に すぐ ちょこちょこ
__label__3, 一度
__label__1,
__label__1, すぐ もっと 少し おそらく とにかく
__label__1,
__label__1, かなり
__label__3, 多々 もう ちょっと なんと
__label__1, 案の定 どうやら
__label__1, ぐるぐる どうやら もっと 本当に しっかり
__label__2, しばらく
__label__1, せっかく
__label__5, ちょっと コロコロ もう こんなに しっくり
__label__1, とても
__label__5,
__label__2, たとえ むしろ
__label__1, あまりに 初めて すぐ すぐ もちろん 一度
__label__3, いつも 特に
__label__1,
__label__5,
__label__4, 色々
__label__5, ちゃんと じゅうぶん
__label__1, はっきり
__label__4, 少し
__label__2, めっちゃ さすが
__label__1,
__label__1, なんとか いざ
__label__5,
__label__5, とても 初めて いかんせん そんなに そんなに
__label__4, ちょうど 同時に まだ せっかく ちょっと 結構 しっかり 本当に 本当は ただただ どう
__label__2, 一度 一度 一旦 やたら そう 一旦 どうしても やはり 本当に どう どう そんなに もう一度 一度 一度 一旦 あまりに もしか
__label__1, 一度 全く
__label__2, あまり
__label__5, 結構
__label__1, かなり
__label__1, なんで
__label__5, 相変わらず そのまま わざわざ
__label__5,
__label__5, すぐ
__label__5,
__label__2,
__label__4, もともと それほど めっちゃ 本当に せっかく あえて 多少 なんとも ぜひ よし やっぱ 決して どう 一概に
__label__1, 多分 とにかく
__label__1,
__label__1, ある程度 ひたすら ぜひ もし よく まだ もしも
__label__1,
__label__1, どう
__label__4, さらさら しばらく とても
__label__1, なんで 本当に 全く とても いきなり 本当に 何とか
__label__5, すぐ
__label__5,
__label__5, 全く
__label__3, さらに どんどん あまり
__label__4, しばらく また ちゃんと 少し そんなに やっぱり
__label__3,
__label__1, がっかり
__label__1,
__label__1, あまり
__label__3, あまり ほぼ そのまま あまり
__label__1, やはり
__label__1,
__label__3, 少し
__label__2,
__label__4,
__label__1, 一度 やや おそらく
__label__3,
__label__1, とても
__label__3,
__label__1, どうして
__label__5, 多々
__label__3, よく
__label__5, 単に 一旦
__label__5,
__label__1, どう とにかく
__label__4, もう
__label__2, もしかして ちと
__label__1,
__label__1, どう
__label__2,
__label__1, 余りに 直ぐ コロコロ まるで ザラザラ まだ 余りに コロコロ
__label__1, まず 同時に たしかに どう 再度
__label__4, めっちゃ ちゃんと
__label__2,
__label__3, はっきり
__label__3,
__label__2,
__label__2, 本当に やはり ほとんど 少々
__label__5, たっぷり
__label__1, いちいち
__label__1,
__label__1, 全然
__label__2, 全く あまり
__label__1, 本当に
__label__1, 本当に 本当に
__label__1, もう
__label__3,
__label__1,
__label__1, 全く もし
__label__5, やや すぐ
__label__2, よく とても ハラハラ ワクワク ちゃんと
__label__5, 後で 全く よろしく
__label__1, どうにか
__label__1,
__label__3,
__label__4,
__label__4, 少し
__label__3, 特に また
__label__1, 果たして
__label__2,
__label__3, 特に そのまま もっさり せめて
__label__1,
__label__2, 実際 あまり
__label__1, ちゃんと 全く ひたすら さして もう 少し 突如 あまり
__label__4, もう
__label__2, 初めて 別途 もっと
__label__5,
__label__1, はじめて
__label__2,
__label__2,
__label__2, どうやら
__label__1,
__label__3, あまり
__label__5, しっかり
__label__4, やや ゆったり 特に はっきり
__label__2,
__label__2, ごく かえって
__label__5,
__label__2, 一度 どう
__label__3,
__label__3, かなり いろいろ 多少 ちょっと
__label__1, ちゃんと 初めて きちんと こんなに もう ちょっと もし また
__label__3, どうも
__label__1, たった今
__label__1, とりあえず
__label__1, きちんと とても
__label__1, もう
__label__3, しっかり
__label__1, 全く
__label__4, そのまま 急遽 ピッタリ
__label__1,
__label__2, 全然 それほど
__label__5, 特に
__label__5, きちんと
__label__2, もちろん
__label__1, まあ まあ
__label__5, ツルツル ちゃんと これから
__label__1,
__label__1, もっと
__label__4, 少し もう なぜ
__label__3,
__label__2, もう少し
__label__2, どうこう 寧ろ いきなり まず
__label__5, キチン いろいろ ハッキリ
__label__1, 必ず 度々 何故 実際 極力 とりあえず
__label__4, どう
__label__2,
__label__2, せめて
__label__4, やっぱり
__label__1,
__label__1, なぜ
__label__3, 特に かなり 特に すこし 特に しっかり
__label__5,
__label__1,
__label__1, さすが よく 急遽 どうやら どう とにかく すーっ あまり ちゃんと
__label__1, すでに すでに すでに そう どう
__label__3,
__label__4, まだ しっかり やはり きちんと 万一 かなり しっかり 当然 ゆっくり すぐ かなり さらに もちろん もう少し おそらく なるべく 実際 より
__label__3, ほとんど 同じく
__label__5, あらためて パッパパッパ もっと ゴタゴタ 丁度 ゴタゴタ 色々
__label__1,
__label__5, しっかり
__label__5, もう少し
__label__2, 本当に
__label__2,
__label__1, 度々 一向に
__label__3, ゴロゴロ 全く 何より
__label__5, しっかり
__label__1,
__label__4, もう少し
__label__5,
__label__2, 結構 ほとんど
__label__5, こんなに 初めて とても ぜひ
__label__3,
__label__5, とにかく
__label__1, もしか 何とも きちんと
__label__3, ちょっと
__label__4,
__label__1,
__label__5, とても
__label__1, 既に 一度 こう ぞっと 一度 一応 かなり 初めて とにかく 一度
__label__4, ずっと 本当に きちんと 本当に
__label__2, チョット
__label__4, いざ 少し 全く
__label__2, ちゃんと
__label__5, 全く 何ら 全く バリバリ
__label__3,
__label__3, しっかり
__label__3,
__label__1, あまり やはり
__label__1, そのまま もちろん
__label__1, まだ
__label__4, しっかり とても
__label__4, たしかに しいて
__label__2,
__label__1,
__label__2, すぐ
__label__3, あまり ふわっと
__label__5,
__label__1, ちゃんと ちゃんと ただただ ちゃんと
__label__3, かなり かなり
__label__5, うっかり
__label__5, 大して
__label__1, もくもくと
__label__2, あまり
__label__2, 特に すでに
__label__2,
__label__5,
__label__5,
__label__2,
__label__4,
__label__1,
__label__2, さすが しばしば 相当
__label__1, 初めて なぜ
__label__2, すぐ やはり モヤモヤ
__label__5, とても とても
__label__4, 断然 少し
__label__3, まず そんなに 当然 どー まあ 全く
__label__3, 少し わざわざ まあ
__label__4, かなり
__label__5,
__label__5, いつも
__label__2, サクサク
__label__2, いつも よく それほど
__label__5,
__label__2, あんまり ぼとぼと これから 少し
__label__2, あまり どうにも
__label__1, 少し 多少
__label__4, さすが あくまでも
__label__4, いつも
__label__1, 度々 一向に
__label__2, 直ぐ せめて
__label__5, とにかく さすが まだまだ
__label__1, もう一度 なぜ 即 正しく 時々 なんだか すっきり
__label__4, 宜しく
__label__1, ほぼ もう
__label__5, ちゃんと 何より すぐ すぐ 切に 仮に
__label__1, 初めて
__label__2, とても
__label__1, ずっと とても ふと かなり
__label__4,
__label__2, 初めて あまり あくまでも すぐ いつも
__label__5,
__label__3, ピタッ しっとり とても
__label__2, もともと どうしても かなり 更に ほぼ 実際 真に
__label__1, 全く
__label__3, 少し
__label__5,
__label__2, いまいち
__label__2,
__label__2, とりあえず
__label__1, そう
__label__3, 全く
__label__4,
__label__1, 既に 一度 こう ぞっと 一度 一応 かなり 初めて とにかく 一度
__label__3,
__label__5, すぐ これから かなり
__label__1, 全く 未だに ただいま 再度 もう しばらく もう少し
__label__2, まず 次に 一旦
__label__2, 初めて やはり まるで いくら たまたま
__label__3, 意外と
__label__5, 全く
__label__1,
__label__5, ずっと
__label__1,
__label__1, すぐ すでに 既に 全く とても さすが 全く ぜひ
__label__1, いろいろ そのまま しょっちゅう いきなり
__label__4, 年中 とても
__label__1,
__label__1, まだ
__label__2, ざっくり ところどころ
__label__5,
__label__1,
__label__1, 全く
__label__4, しっかり
__label__4, とても どう
__label__2, ちょっと
__label__4, どう
__label__4, ちょっと
__label__2, そう つい 実際 色々 何で こう もう もう
__label__2, ほぼ
__label__1, うんざり どう
__label__3, あまり まあ まあ 却って まあ
__label__4,
__label__4,
__label__4, すぐ
__label__1,
__label__4, 少し
__label__3, もう
__label__1,
__label__1, なんで
__label__1, まるごと
__label__5, 初めて しっかり しっかり
__label__5,
__label__5, もっとも
__label__4,
__label__1,
__label__1, ちゃんと
__label__4, もう少し
__label__5, なんと
__label__1, イライラ
__label__4,
__label__1, いきなり あまりに
__label__4,
__label__1,
__label__4, 少々
__label__3,
__label__3, きちんと もしか 少し
__label__3,
__label__5, これから どう
__label__5,
__label__3,
__label__1, ぐるぐる どうやら もっと 本当に しっかり
__label__4, ちょっと そこそこ
__label__3, ゴリゴリ うねうね
__label__1,
__label__1,
__label__5, 少し ごっそり 全然
__label__1, とりあえず もう
__label__4, とても せいぜい あまり とても
__label__1, すぐ そう ガッカリ
__label__2, きっちり どう ガッカリ
__label__3, 少し
__label__4,
__label__1,
__label__1, 初めて なぜ
__label__1,
__label__4,
__label__3,
__label__4, 特に もう少し もっと
__label__3,
__label__2, そのまま 同時に もっと
__label__1,
__label__1, ふわふわ ちょっと 全く
__label__2, ピン しょせん
__label__1,
__label__3,
__label__1, どう 本当に
__label__1, すぐ 突然 全く とても
__label__4, もっと はっきり もっと より
__label__1,
__label__3, ほほ 多分 少し
__label__3, どう 実際 もう すぐ すぐ 一気に すぐ 特に すぐ 当然 少々 もともと
__label__5, それだけ まだまだ
__label__1,
__label__5, 即 しっかり 全く
__label__3, 最も ほぼ もう まだ ちょうど まだ ほとんど ある程度 次に 最も ある程度
__label__3, ちょうど 結構 少し 少し
__label__5,
__label__1, まだ
__label__1, ずっと 突然 結構
__label__1, 全く 実際 きちんと こう 本当に
__label__3,
__label__1, 全然
__label__5,
__label__1, ほぼ もう
__label__4, 特に 既に
__label__2, しっかり 本当に
__label__1,
__label__1, 少し 多少
__label__4,
__label__5, もっと 必ず より こう
__label__4, まずまず
__label__5, 色々 ちょっと
__label__4,
__label__5, とても 初めて ともかく とても
__label__4,
__label__1,
__label__1,
__label__2, とにかく
__label__4, びっしり
__label__2, うっすら 全然
__label__2,
__label__2, ほぼ
__label__3, 恐らくは 別に
__label__1,
__label__1, 全く ちゃんと
__label__1, 二度と
__label__5, とても
__label__5, とても 色々 そんなに 全く 特に 少し
__label__1, 沢山 わざわざ 本当は
__label__2, しばらく もう かなり やはり
__label__1, すぐ 二度と
__label__1, なんとか 全く たまたま 少し
__label__1, 少し それほど もう
__label__1, いざ
__label__1, 特に すぐ 一応 色々 たまに
__label__5,
__label__5,
__label__1,
__label__1, 既に とりあえず おそらく すこし
__label__4, しっかり
__label__1,
__label__3, ちょっと もう少し 実際
__label__4, わざわざ ちょっと もう少し
__label__4, ちょうど
__label__2, 少し
__label__2, 何故 せっかく 何故 特に
__label__4, 全く
__label__2, どうしても どう もっと 実際 とても もっと 何故
__label__4, やっと サラサラ ポロポロ もしも
__label__3, おそらく
__label__5, 初めて 元々 バンバン 少々 とにかく
__label__3, 少し ギシギシ 初めて
__label__1,
__label__4, だんだん
__label__1, どうのこうの 早速 実際 難なく 本当に
__label__2, とにかく
__label__2, 早速 ワクワク
__label__1, なぜ とても まったく
__label__1,
__label__4, やっぱり あまり やや
__label__1, とても
__label__1, ピン ピン ピン
__label__4,
__label__1, 既に 一度 こう ぞっと 一度 一応 かなり 初めて とにかく 一度
__label__1, 特に
__label__3, なぜ どう よく
__label__5, とても
__label__1, かなり
__label__5,
__label__4,
__label__3, なかなか
__label__2, すぐ もう
__label__4,
__label__1,
__label__5, とても あまり まだ まだ
__label__1,
__label__3,
__label__4, なかなか あまり すぐ いつも
__label__1, 一度
__label__1, 勿論 初めて
__label__2, ほとんど ハラハラ どう より あまり むしろ もっと
__label__1, 二度と もし
__label__3, ごっそり 少し とりあえず
__label__1, 無理矢理
__label__1,
__label__4, まあ そう 少し
__label__1, 特に
__label__1, まだ
__label__1, もちろん ちゃんと 結構
__label__2, 余りに
__label__1, どうこう しまいに すぐ ノロノロ 甚だ サクサク ちょい 断然 全く
__label__2, 要するに 少し
__label__2,
__label__1, 突然 初めて しっかり 突然 本当に
__label__1, たまたま あまりに
__label__5, しっかり
__label__5,
__label__5, ちょっと ピン
__label__3, せっかく もう少し
__label__5, 沢山 全く かなり 全く かなり ぴったり
__label__3, もう少し もっと
__label__1,
__label__4, バッチリ 少し
__label__2, 全く 何とか ちょっと 実際 同時に
__label__2, 本当に ずっと
__label__4, ちょっと
__label__4,
__label__5, すぐ
__label__4, まだ 少し もっと
__label__3, いつも じゅうぶん
__label__1, ぺらぺら 二度と
__label__1, 初めて
__label__5,
__label__3, ちょうど
__label__3, 極 ある程度 かなり
__label__3, ちょうど たまに
__label__3,
__label__3, ごく 且つ ある程度
__label__4,
__label__2, さっぱり
__label__5,
__label__5,
__label__2, 後で もっと
__label__5, 別に それほど
__label__1,
__label__5, 特に まだ
__label__2, もっと もっと
__label__1,
__label__2, 少し イライラ とっても どうして ますます
__label__2, いわば それだけ
__label__1, バリバリ 切に
__label__2, 初めて
__label__4, どうしても やや
__label__1,
__label__1,
__label__2, あまり
__label__2, 特に だいぶ
__label__3, とにかく ある程度
__label__5,
__label__4,
__label__1, もう ちょっと
__label__4,
__label__4, 初めて 特に よく
__label__5, 少し
__label__1, ちょっと
__label__4, まあ どうしても
__label__1,
__label__1, さすが よく 急遽 どうやら どう とにかく すーっ あまり ちゃんと
__label__1, まったく やはり それなり
__label__1, 全く 実際 きちんと こう 本当に
__label__1, 既に
__label__4, すぐ 少し ほんとに ビリビリ スッキリ だいぶ
__label__2,
__label__1, 突然 同時に ちゃんと とにかく とりあえず
__label__3, とても
__label__1,
__label__1, さほど たった
__label__3, きちんと バラバラ 一度 すぐ
__label__4, 多分
__label__1, すぐ すぐ 一応
__label__3,
__label__4, 全然 そう 予め すぐ よく 何ら もう
__label__3, やはり
__label__5, あっと
__label__3, ひたすら 黙々と
__label__4, また
__label__4, ようやく そんなに そこそこ そこそこ
__label__2, ちゃんと なんで もっと だいたい たまに かなり ぴったり ぴったり
__label__1, ひたすら やたら 本当に とりあえず いきなり もう 特に 初めて
__label__4, 本当に まあ
__label__5, 相当
__label__4, ほぼ 難なく 敢えて もっと とても より
__label__1, どう もう一度
__label__3, とても 次々 すぐ あまり もう 次に もう少し
__label__5, 再度 とにかく とにかく ハッ あまり 比較的 ずっと
__label__5, なかなか 少し さすが
__label__3, ごっそり それ程
__label__5,
__label__1,
__label__1, 何ら
__label__4, いつも
__label__2, ある程度 とても
__label__2, ギュッ
__label__4,
__label__4, すぐ
__label__5,
__label__1, もう 二度と もっさり どうにも どうせ 所詮 さっさと ガッカリ
__label__4,
__label__4, 少し
__label__4, さらさら しばらく とても
__label__5,
__label__5, よく
__label__2, まだ まだ
__label__1,
__label__4, よく もっと
__label__1,
__label__1,
__label__1, 全く 未だに ただいま 再度 もう しばらく もう少し
__label__4, かなり
__label__1,
__label__4, 別に ちょっと もう 多分 ちょっと すぐ 別に すぐ
__label__5, とても
__label__3,
__label__1, まず かなり
__label__4, ピン
__label__5, 特に
__label__5, 時々
__label__4, さすが おおむね
__label__3,
__label__2, いちいち
__label__2, 度々 すぐ しばらく
__label__1, いかにも 再び すっかり 既に まだ
__label__5, パッ
__label__1, もっと
__label__2, まず ガッカリ どうにか とにかく
__label__2, どうせ
__label__1, どうして
__label__2, 少し ちょうど
__label__1, さほど たった
__label__1, まだ すでに
__label__5, さすが しっかり 次に 次第に
__label__1, 特に
__label__5,
__label__3,
__label__3,
__label__3, ずっと とりあえず グングン なんとか もう
__label__5, うろうろ
__label__1, すぐ どう かなり
__label__1, とても とても よく
__label__5,
__label__5,
__label__1,
__label__2, はじめて まだ 再度 ようやく ようやく
__label__5, いつも ほぼ スグ 一気に
__label__1, すぐ
__label__2,
__label__1, かなり
__label__1,
__label__2, いつも
__label__5, さっぱり フワフワ
__label__1, ずっと とても ふと かなり
__label__1, 何故
__label__3,
__label__1, よく よく
__label__1,
__label__4, 別段
__label__1, やはり まだまだ 又 あえて 相当 いかに あえて あえて あえて あえて 全く 未だに きちんと 何やら
__label__4, すぐ 再度 いくら
__label__3, なかなか
__label__3,
__label__2, あまり 直ぐ
__label__5, ちょうど さっぱり ホッ
__label__2, そう つい 実際 色々 何で こう もう もう
__label__1,
__label__1, 全然
__label__4, もう 少し なるべく もう たまに
__label__3, どうしても
__label__4, パッ
__label__4, 比較的 もしか
__label__2,
__label__2,
__label__2, 一応 とても
__label__5, どう ちょっと
__label__1, おそらく
__label__2, こんなに 余りに もう
__label__3, しばらく がっかり 少し
__label__1, あまり サッと まず 一度 よく いちいち とても ガッカリ 一度 なんとか そう もう
__label__4, 本当に
__label__3, ごくごく
__label__1, せっかく もう たまたま もう 二度と
__label__4, とても まったく
__label__3, ちょっと
__label__1,
__label__5,
__label__2, ちょっと ずっと
__label__1,
__label__2, まったく まったく
__label__2, ツルツル ずっと
__label__2, まず ちょっと もう少し
__label__2, もう少し まだ すぐ まあ
__label__2, なかなか 早速 すぐ ツルツル とても
__label__2, もっと
__label__3, それ程 どうせ 少し 幸い
__label__1, すぐ
__label__5, とても 少し すぐ
__label__1, 早速 フワフワ
__label__1, しばしば めったに
__label__1, どうのこうの 既に どう たいへん 本当に なんで よく よく どう
__label__4,
__label__1, 必ず 即 すぐ 少し 必ず やはり 沢山 本当に
__label__4, 細々 色々 専ら そのまま 全く なかなか 相当 あまり かなり まあ 今や 相当 今や 大いに 一旦 一体 余りに わざわざ 少し なかなか せっかく こう おそらく 実際 相当 徹頭徹尾 よく 何せ ごく 実際 且つ もし まず よく 相当 長々 まあ ごく あまり もし 特に 言わば 予め ちょっと まあ 総じて
__label__2,
__label__5, まず とても すぐ 特に 相変わらず
__label__2, ピン さらに ピン
__label__2, イライラ
__label__4,
__label__1, とても
__label__4, これから
__label__1, 全く
__label__2,
__label__1, 沢山 本当に
__label__1, がっかり よく
__label__1, なんで 本当に 全く とても いきなり 本当に 何とか
__label__5,
__label__5, とても
__label__4, もう少し
__label__5, そんなに しっかり
__label__4, はじめて ピッタリ
__label__1,
__label__4, 初めて 特に ごく まず 初めて 初めて とりあえず
__label__2, やっぱり 何より たしかに まだ すぐ
__label__2,
__label__2, さほど 特に
__label__5, 再度
__label__1, さっぱり
__label__5, キンキン
__label__4, こんなに
__label__3, 初めて とても 初めて とても
__label__2, ちゃんと わざわざ ぜひとも
__label__5, もう かれこれ とりあえず
__label__4,
__label__4,
__label__1, なんと
__label__1, ちゃんと ちょっと
__label__3,
__label__4, 少し
__label__3, まあ ちゃんと また
__label__1, まったく やはり それなり
__label__4,
__label__4, これから
__label__3, すぐ ワクワク 初めて そう
__label__1, そう あくまで
__label__3,
__label__1, よく
__label__1,
__label__1,
__label__4, なんで 少々 ともかく
__label__1, すぐ
__label__5, とても 初めて 早速
__label__4, そこそこ とりあえず こんなに
__label__5,
__label__1, すでに すでに すでに そう どう
__label__4, すぐ がっちり まんべんなく
__label__2, ちょっと
__label__3,
__label__3,
__label__5, とても しばらく ごくごく あまり 一気に キッ さすが しばらく
__label__1,
__label__1, まず かなり とても かなり 特に よく あまり
__label__5,
__label__2, 既に すぐ
__label__1, すぐ すぐ 一応
__label__4, 実際
__label__1, 既に あえて なんと しっかり やたら 更に あっさり 恐らく いくら 殆ど 徐々に 突然 実際 とにかく どんどん もはや まだまだ もう どんどん 本当は
__label__5, 初めて とても すぐ カタカタ とても
__label__1,
__label__1, 初めて もっと 多少 よく まず また やはり まず イライラ とても そう どんなに 多々 イライラ より イライラ そう 本当に どう まだ これから
__label__1,
__label__4, 一杯 やはり
__label__3, ただ今 まっすぐ ホッ
__label__5, やっぱり
__label__4, だいぶ いとも いっそ まだ スッキリ
__label__1, 突然 同時に ちゃんと とにかく とりあえず
__label__2, とりあえず
__label__2, すぐ
__label__5, じわじわ
__label__3, 全く しばらく
__label__5, こんなにも より
__label__2, とりあえず すぐ 何とも
__label__3,
__label__3,
__label__3, なんだかんだ ずっと つい
__label__5, ピッタリ よく
__label__2, もっと
__label__3,
__label__2, ちょっと たしかに
__label__1, ちゃんと 初めて きちんと こんなに もう ちょっと もし また
__label__4, そのまま
__label__1, ずっと ともかく 少々
__label__5,
__label__1, なぜ とても まったく
__label__4, 強いて
__label__1, 突然 いつの間にか 色々 もう よほど
__label__5, すぐ
__label__3, まず なんとも どう かなり しばらく ちょっと
__label__1, すぐ
__label__4, もう少し もっと
__label__2, 元々 まだ
__label__1, どうのこうの 早速 実際 難なく 本当に
__label__3, あまりに 最も あまりに 最も あまりに 最も
__label__1, なんとか いざ
__label__3, いまいち
__label__3,
__label__3, どう
__label__4, それほど あくまでも
__label__2, ちょっと ちょっと
__label__1, やはり
__label__4, とにかく よく 少し
__label__4, また もう少し
__label__4,
__label__2,
__label__1, しばらく たまたま
__label__2, あまり 何となく ほぼ かなり とても さらに
__label__1, もう どうして 単に どうして こんなに
__label__5, とても すでに そんなに とりあえず 色々 とても
__label__4, もう ちゃんと ちょっと
__label__2, 初めて バッチリ
__label__4, あまり
__label__2, まあ
__label__1, よく 全く
__label__5, ずっと もちろん しっかり まさに しばしば
__label__2,
__label__3,
__label__1,
__label__5, とにかく
__label__2, なかなか やはり そっくり なぜ
__label__1, とりあえず もう
__label__1, 突然 どう しっかり
__label__2, ずっと よく もう しばらく
__label__5, もさっと 少々
__label__1,
__label__3, あまり しっかり
__label__5, だいぶ よく 本当に 本当に
__label__1, ずっと
__label__5,
__label__5,
__label__2, 元々 とても
__label__5, 特に とても 特に
__label__2, せめて
__label__5, わんさ ぎりぎり
__label__3, 未だ はっきり
__label__3,
__label__5,
__label__1, しっかり
__label__3, ガッカリ
__label__1,
__label__1, とても
__label__1, ちょうど きちんと どう
__label__5,
__label__5, もう 特に
__label__5, すぐ とても とても なんとか むしろ
__label__5,
__label__1, 直に
__label__2, あまりに もう
__label__4, 初めて いったん なんで こんなに
__label__4, 少し まだ
__label__4, とっても とっても やっぱり 本当に とっても
__label__3, そう
__label__2,
__label__2,
__label__3,
__label__5, あまりに
__label__3,
__label__4, かなり すぐ そのまま ほぼ 実際 かなり いろいろ 並々 さすが きっちり
__label__1, なんと がっかり
__label__5,
__label__2, もう少し 実際
__label__5, すっきり
__label__1,
__label__4,
__label__5, 初めて とても スッキリ
__label__1, 既に とりあえず おそらく すこし
__label__2,
__label__2, まるで とても
__label__1,
__label__3, すぐ
__label__1, 少し
__label__2, 別に 全然 ほぼ
__label__4, かなり
__label__1, 全く
__label__5,
__label__5,
__label__4, ずっと ちょっと 結構
__label__1, ずっと
__label__4, 少し まだ より まだまだ
__label__2, あんまり
__label__4,
__label__5,
__label__5,
__label__4, 殆ど まだ 多分 もう 暫く
__label__4, 全然 もし
__label__1, あまり もし ちゃんと すでに ぜんぜん 相変わらず さらに 初めて いっぱい そう もう
__label__1, 必ず 度々 何故 実際 極力 とりあえず
__label__2, 少し
__label__1, よく 少々 とても 常に ペラペラ おそらく 少し むしろ さらに ほとんど
__label__5, 今や
__label__5, 初めて とても まだ すぐ
__label__2, おそらく
__label__1, かなり 必ず 少し とても
__label__4, さっぱり もう少し
__label__2, 何とか すぐ もう少し
__label__5, 色々 時々
__label__1, 比較的 全く まだ 多少 勿論 色々 当然
__label__4,
__label__5, よく
__label__5, 再度 今や どうしても しっかり
__label__5,
__label__4, まず そのうち
__label__1, 既に もう一度
__label__1,
__label__1, さらに なおさら 少し かく 既に どう ぜひ
__label__2,
__label__3,
__label__5, 改めて
__label__5, いきなり ぴったり やや あまり
__label__1, 既に
__label__5, かなり
__label__3, はじめて これから どう
__label__3, しょっちゅう どう よく どうも いつも やっぱり まあ それだけ もう少し
__label__1, 既に 一度 こう ぞっと 一度 一応 かなり 初めて とにかく 一度
__label__4, なかなか 特に
__label__4, こんなに
__label__1, とても
__label__3, かなり
__label__2, かなり ずっと 全く ずっと しばらく 実際
__label__5,
__label__1, ちょうど 初めて もう 二度と いくらか ほとんど どうにか 本当に きちんと
__label__2, たっぷり 特に
__label__5, もっと
__label__2, いざ どうして 本当に
__label__5, 実際 どう よく
__label__1, ちゃんと 初めて きちんと こんなに もう ちょっと もし また
__label__1, なぜ
__label__5, 少し もう少し そのまま
__label__4, たまに ペラペラ ふにゃふにゃ しっかり
__label__1, 又
__label__4, もともと ヒリヒリ ほとんど おそらく ちょうど きちんと 少し ちゃんと
__label__3, よく よく
__label__1, すでに さすが ハッキリ しっかり はっきり しっかり ちゃんと
__label__1,
__label__1, すぐ
__label__4,
__label__4, さほど とても
__label__4, ちょっと いつも
__label__5, 実際 とても 必ず かなり まあ まあ とても そもそも
__label__3, 多々 何とも まあ よっぽど 果たして
__label__5,
__label__1, 全く 実際 きちんと こう 本当に
__label__4, よく もう少し
__label__1, あまり こう こう
__label__3, ある程度
__label__4,
__label__1, かなり ある程度 ずっと 元々 どうしても 元々
__label__1,
__label__2, 少し
__label__4, そんなに 何より
__label__5, とても
__label__5, いかにも
__label__4, いつも 只
__label__3,
__label__5,
__label__3,
__label__4,
__label__1, 早々 かつて なんとか
__label__1, 二度と
__label__2,
__label__4, すぐ
__label__3, よし
__label__5,
__label__5, しばらく どう
__label__4,
__label__2, すぐ 何でも 実際 すぐ 本当に
__label__1, ちゃんと 初めて きちんと こんなに もう ちょっと もし また
__label__5,
__label__4,
__label__1, ぜったい
__label__1, 改めて
__label__1,
__label__1, どうにか
__label__4, ニャンと
__label__1, もう 二度と もっさり どうにも どうせ 所詮 さっさと ガッカリ
__label__2, おそらく さ 極めて 必ず とても 淡々
__label__3, とても ちゃんと たまに
__label__2,
__label__1,
__label__3,
__label__4,
__label__3, まず 勿論 特に 全然 とにかく 特に グルグル いくら とにかく 決して
__label__1,
__label__1, とくに
__label__1, 余り
__label__1,
__label__3,
__label__1,
__label__2, 再度 再度 同時に 特に
__label__1,
__label__4, 全然 とりあえず
__label__5, また
__label__2, 特に
__label__3, ぴったり やや しだいに チクチク かなり なんと なんとも かなり やっぱり
__label__1,
__label__3, とても
__label__1, すでに おそらく また
__label__5, 多少
__label__5, もう
__label__5,
__label__2, あまり
__label__2, よく そろそろ 本当は 堂々 少し いかにも 要するに やっぱり ほぼ まったく すこぶる なぜ こう 所詮 やはり わざわざ よっぽど
__label__4, すっきり
__label__2, あまり
__label__2, いまいち とても
__label__2, いちいち
__label__4, すでに 再度 さらに
__label__4, 同時に すぐ 同時に ちょっと まだ
__label__4, すんなり そんなに
__label__5,
__label__2,
__label__1, すぐ 二度と
__label__1, 思いっきり もう
__label__2, 少し
__label__2, 全然 もう
__label__1, そのまま とても しっかり
__label__1, ふわふわ ちょっと 全く
__label__2, どうも ちょっと もう
__label__4, 何故か
__label__4, 少し
__label__3, かなり あまり なんだか
__label__1, かなり よく
__label__5, ちょうど
__label__3, とても いとも
__label__1, どう
__label__1, よく
__label__1,
__label__1, 依然 ある程度 イライラ 初めて 本当に イライラ
__label__2, アッという間に ゆっくり パクパク
__label__1,
__label__1, もっと
__label__2, わくわく あまり
__label__5,
__label__5, とても
__label__1, あまり
__label__2, あまり もっと
__label__5, かなり これから
__label__5, いつも
__label__1, 二度と
__label__1, 実際 実際 とても
__label__5, いつも ちゃんと
__label__3, すぐ もっと
__label__1, とても 特に ちょっと
__label__1, たびたび
__label__4, いくら
__label__5,
__label__1, とにかく
__label__4,
__label__4, とても
__label__2, わずか ちょっと
__label__5, びく いずれ 本当に
__label__1,
__label__3, さすが やはり どー
__label__2, かなり ピッタリ 少し ツルツル ちょっと 決して サラサラ かなり 歴然と なんとなく もっと
__label__4, 本当に いざ もう もっと やや 時々 もう 実際 ニヤニヤ 実際 もし
__label__5, すぐ
__label__5, ずっと 少し 断然
__label__2,
__label__4,
__label__3,
__label__3, かなり かなり かなり 少し とても 恐らく 本当に もしか 少し
__label__1, どうして 本当に
__label__2,
__label__5,
__label__5, しっかり ようやく ニッコリ
__label__4, 特に 更に やはり サッと 更に やはり
__label__3, 比較的
__label__1,
__label__4, やはり 沢山
__label__1, 結構
__label__4, そう さすが ちょっと 特に そう
__label__2, おそらく 全然
__label__1, ほとんど ひたすら 既に わざわざ そう もう もはや また いつも
__label__2,
__label__2, 全く
__label__3,
__label__1, 多分 どう
__label__3, わざわざ どう
__label__1, とっても やはり
__label__5, 特に
__label__1, 未だ
__label__1, なんと がっかり
__label__1, ずっと
__label__1, ちゃんと
__label__2, すぐ 何でも 実際 すぐ 本当に
__label__4, 本当に とても けっこう それだけ 別に
__label__1,
__label__2, なぜ なんとも
__label__1, 何とか
__label__3, もう少し なんとか やや
__label__1,
__label__3, そこそこ まずまず
__label__4, 必ず 少し
__label__5, まったく
__label__3, ともかく かなり
__label__3,
__label__4, かなり
__label__1, 特に
__label__3, 特に
__label__1, 突然 いつの間にか 色々 もう よほど
__label__1, もっと
__label__1, まったく
__label__4,
__label__1, なぜ
__label__5, よく
__label__1, すでに おそらく また
__label__1, なぜ
__label__4,
__label__2, もう少し よく 次に
__label__5, もっと
__label__2, まったく
__label__3, なかなか すぐ
__label__3, まだ
__label__3, 多少
__label__1, がっかり これから 少々
__label__5, つやつや ピカピカ ある程度
__label__1, なんとか 前もって
__label__1, なぜ とても まったく
__label__1, 全然 全然 全然
__label__2, 少し 何ら
__label__1,
__label__3,
__label__4, ほぼ さすが むしろ いつも かなり
__label__1, あまり ちょっと もっと
__label__2, どうしても 初めて
__label__1,
__label__2, せっかく
__label__1, やや
__label__1, 何故か 実際 まだ 仮に どう こう 色々 やきもき 少し よく
__label__5, ちゃんと 少し ちゃんと ピン かなり
__label__5, なんとか 少し しっかり
__label__4,
__label__2,
__label__1,
__label__3, もっぱら かなり
__label__2, 少し かなり しっかり なかなか 初めて 予め
__label__4, あまり かなり さすが 勿論 まるで 一旦 別途 それ程
__label__1, 後で とりあえず 二度と
__label__4, ちゃんと もはや よく もはや 結構 ようは 言わずもがな ちょいちょい さらに やはり やはり 結構 やはり もう すこし
__label__3, こう 少し
__label__2, ちょっと ずっと
__label__3, なんとか やはり ちょうど うっかり ほぼ 全く 常に 全く 多少 早速 なんとか これから 一応 元々 全く なぜ もっと もっと 少し
__label__4, 少し 少し 特に これから
__label__5,
__label__5,
__label__5, 再度
__label__1,
__label__1, 必ず 必ず 全然
__label__3,
__label__1, まだ ちゃんと
__label__4,
__label__1, ひたすら やたら 本当に とりあえず いきなり もう 特に 初めて
__label__2, とくに やはり
__label__5,
__label__1, どうして こう 全く もはや 全く
__label__5,
__label__3, すぐ よく
__label__1, 初めて
__label__2, サクサク サクサク サクサク
__label__3,
__label__3, まったく 特に
__label__3, 永らく
__label__1, まだ
__label__1, ちょっと
__label__1,
__label__5, しっかり よく 強いて
__label__5, よく こんなに もう少し
__label__1, いくら
__label__5, すぐ 本当に
__label__5, 少し
__label__2, かなり ずっと 全く ずっと しばらく 実際
__label__1,
__label__4, ちょっと
__label__2, もちろん より さんざん 本当に いちいち 却って
__label__4, 本当に
__label__1, 多分 とても がっかり なぜ
__label__4, 敢えて
__label__1, いかにも 再び すっかり 既に まだ
__label__2, いざ 全く なかなか やっと 更に ようやく 全く キチン 時々 ガタン
__label__5,
__label__1, すぐ あまりに
__label__1, いつも 初めて
__label__2, とても もっと
__label__1, いざ
__label__1, いきなり どう
__label__4, ごく とても
__label__1, なぜ
__label__2,
__label__2, 全く おそらく 色々 あんまり
__label__1, ハッキリ
__label__2, やはり やっぱり
__label__3, どう
__label__3, もう少し 少し しっかり 結構 しかして 相変わらず まだしも パッ ただただ むしろ 是非とも
__label__1, あまり かなり
__label__3, まだ あまり
__label__4, まだ
__label__5, いつも
__label__1, 既に もう一度
__label__1, せめて
__label__5,
__label__1, すぐ
__label__1, 全く よく
__label__1,
__label__1,
__label__2, かなり 多少 全く
__label__1, 一応 もしも のんびり しっかり
__label__5, 本当に
__label__1,
__label__4, ヌルヌル
__label__1,
__label__2, もう 本当に
__label__4, そのまま ウロウロ 少し すぐ
__label__3, 実際 やはり
__label__1, まだ すでに
__label__3, もっと 沢山
__label__2, すぐ
__label__2, そう もう
__label__4, 本当に ごく 少し ちょい ちょい 本当は しばらく なかなか
__label__1, とても
__label__1,
__label__3,
__label__2, ずっと 初めて
__label__1,
__label__2, かなり かなり なかなか しっかり
__label__4, いつも
__label__2,
__label__1,
__label__1, 二度と もし
__label__1, とても あっと言う間に
__label__4,
__label__1, まず 次に 何故 必ず とても 到底
__label__5,
__label__2, まず かなり ペラペラ いざ 何故か ただただ もし
__label__1, あまり サッと まず 一度 よく いちいち とても ガッカリ 一度 なんとか そう もう
__label__4, すぐ
__label__4, 比較的 もし もう また
__label__4, 既に より
__label__3, こんなに 実際 すっきり 度々
__label__3, とても ちょっと
__label__1,
__label__4, わざわざ 結構 こまごま やはり もっと
__label__1,
__label__5, ほぼ さ 少し さ すっかり いつも
__label__3, 別途
__label__2,
__label__2,
__label__1, 当然 まったく
__label__4, 特に
__label__2, まあ まあ
__label__1, もう ちょっと
__label__5, ずっと
__label__1, 突然 初めて しっかり 突然 本当に
__label__5, やっぱり
__label__1, 結構
__label__1, 沢山
__label__1,
__label__5, まず すぐ
__label__4, とりあえず ぴったり 断然 そのまま 案外
__label__5, 一気に
__label__2, なかなか ガッカリ
__label__2, なかなか とても
__label__4,
__label__2, あまり 何となく ほぼ かなり とても さらに
__label__2, さして
__label__4, とても
__label__4, それほど 突然 どう 比較的 あまり
__label__4, ずっと まずまず
__label__5, ニャンと 色々 かなり さっと
__label__5,
__label__1,
__label__3, ほぼ どうせ いまいち
__label__3, とても あくまで
__label__2, ちょい
__label__1, 全く
__label__5, しっかり これから
__label__3, すぐ すぐ 結構 そのまま どうも ついに 全く どう かなり 少し まったく なぜ すぐ どう どうも
__label__3, どう
__label__3, 色々
__label__1, 二度と
__label__3, グッ
__label__1,
__label__4, 少し サラサラ これから
__label__2, ぐりぐり
__label__1, すぐ すでに 既に 全く とても さすが 全く ぜひ
__label__1, もう がっかり
__label__5, ずっと 当然 もともと
__label__1,
__label__3, なかなか なんとも
__label__4, これから
__label__5,
__label__5, もちろん
__label__4,
__label__5, とても
__label__1, きちんと
__label__3, とても
__label__2, かなり おそらく これから
__label__1,
__label__5, 元々 別に かなり ヌルヌル
__label__5, 心から 本当に
__label__1,
__label__3,
__label__2, もっさり ちょっと
__label__4,
__label__3, 時々 しばらく
__label__1,
__label__1, 特に
__label__2, しっかり ガッカリ
__label__5, ずっと
__label__4, 少なくとも 本当は もう少し 敢えて
__label__2, まず なぜ ドン 全く さすが よく すこし ガッカリ かなり
__label__2, すぐ
__label__1, どうして
__label__4, どう とても
__label__3, あえて
__label__3, かなり
__label__3,
__label__1,
__label__5,
__label__3, ちょっと よく
__label__1, いつも せっかく いかに どう あまり
__label__2, せめて かなり イライラ
__label__1, 再度 再度 二度と
__label__5,
__label__1, いまいち ずっと イライラ
__label__4, 早速 時々 より さらに
__label__4, 比較的 ある程度
__label__1, どう もう一度
__label__3, 結構 ちょっと なんで よく なんだか 結構
__label__1,
__label__1,
__label__2, よく
__label__1, しっかり
__label__3, やや
__label__5, ちょっと とても たっぷり あまり どうしても
__label__3, まだ
__label__1, 全く 沢山 とにかく なかなか 何故か ちょっと まだ そんなに そう ずっと 何とか やたら とても
__label__1, 何とか
__label__2,
__label__2, 初めて もちろん
__label__2,
__label__4, ずっと ちょっと
__label__1,
__label__5, かなり どうしても 一体 ちゃんと 色々 寧ろ まず とても 本当に すぐ どう 特に いつの間にか ちょっと よく 本当に あまり 別に 色々 本当に 一応 恐らく 別に あまり 実際 本当に どう
__label__3, 少し もともと
__label__1,
__label__2, ちょっと
__label__5,
__label__1, あまり もし ちゃんと すでに ぜんぜん 相変わらず さらに 初めて いっぱい そう もう
__label__3, すぐ まあ
__label__1, 時々 全く
__label__1, あまり あまり
__label__4,
__label__2, せめて
__label__1, そのまま やっぱり いつも
__label__4, まったく そんなに 少し あんなに ほんのり あまり
__label__1, 後で とりあえず 二度と
__label__1, すぐ ついに
__label__2, 相変わらず もはや なにか
__label__1, ほぼ しっかり
__label__3, まだ
__label__3, もっと ごっそり
__label__3, なぜ よく
__label__5,
__label__2,
__label__1,
__label__4, 初めて やはり 一度 ぴったり
__label__3,
__label__5, ずっと やっぱり もう いっぱい
__label__4, 何時も 一応
__label__4, 当然 いかにも
__label__3, 多分 かなり とりあえず どう よく 意外と 一応 きちんと きちんと きちんと
__label__1, 依然 ある程度 イライラ 初めて 本当に イライラ
__label__5, さすが すぐ パッ 本当に 心から 本当に
__label__3, すぐ なかなか
__label__1, 少し
__label__1, がっかり よく
__label__3,
__label__3,
__label__2, まったく ちょっと 常に ちゃんと まったく
__label__4,
__label__5,
__label__2, かなり
__label__1, とりあえず
__label__5, とても やっぱり
__label__1, 初めて まず よく
__label__3, 同時に
__label__3, あまり じっくり
__label__1, もっと 改めて
__label__1,
__label__2,
__label__1, いくら
__label__1,
__label__1, そのまま もっと
__label__3, 少し しっかり
__label__1, 案の定 どうやら
__label__3, サラサラ ほとんど かなり あっさり 特に 一応
__label__1,
__label__5, 全く 案外
__label__3, 多少
__label__1,
__label__4, こう どうにも いつも
__label__5, ザクザク
__label__1, やはり まだまだ 又 あえて 相当 いかに あえて あえて あえて あえて 全く 未だに きちんと 何やら
__label__1, もちろん 結構 若くして 特に
__label__3, すぐ
__label__1,
__label__1, もう
__label__4, やはり もう少し ちょっと やや やはり 色々 ちょっと
__label__4, たまに 特に 本当に 本当に 多少 誠に とりわけ 本当に もう一度 思いっきり 少し
__label__4, ピッタリ もっと
__label__5, とても
__label__5, やはり
__label__5, やっぱり
__label__5, すぐ
__label__1,
__label__4, 常に もしか
__label__3, かなり なんとか
__label__3, 特に それなり
__label__5, よく すぐ しっかり
__label__1, がっかり よく
__label__1, 全く
__label__1, いろいろ
__label__5, ともかく そう なんだか あまり もちろん ぜひ あまり やっと
__label__1,
__label__3, シャカシャカ
__label__4,
__label__1, 全く 全く
__label__1,
__label__4, 特に 本当は とりあえず
__label__2, 特に ずっと
__label__1, 二度と
__label__3,
__label__1, わざわざ
__label__4, 特に 何となく あらためて 少し 早速
__label__2, 古く もはや まるで まったく
__label__1, どうして
__label__5,
__label__1,
__label__5, なかなか ちゃんと
__label__2, 大分 まず さらに 何とも かなり
__label__1, 一気に ごっそり 本当に まったく なんとか
__label__1, すぐ
__label__4, ほんとに 特に
__label__2, 全然 せっかく すぐ
__label__5, 少し
__label__2, とりあえず
__label__4, かなり ぴたっと かえって 全く くれぐれも
__label__5, 未だ 是非 これから
__label__1, 実際
__label__2,
__label__4, やはり 何とも 少し
__label__1, すぐ ちょっと
__label__4,
__label__1,
__label__5,
__label__5, 実際 ある程度 すぐ 全く 少し
__label__1, すぐ
__label__1,
__label__3, まあ まあ 少し
__label__5, 然 常に わずか
__label__5,
__label__3,
__label__1, 単に それほど いかに
__label__2, あまり
__label__1, かなり
__label__5, わざわざ
__label__4, 何とか
__label__2,
__label__1, ずっと 突然 結構
__label__4, ある程度 少し
__label__5, これから
__label__3, きっと
__label__1, よく もう一度 もう 二度と
__label__5, 何より 一応 一度 長らく もう しばらく ざらざら ツルツル
__label__1,
__label__4, あまり
__label__3, あまり
__label__1,
__label__2, いちいち
__label__3,
__label__1,
__label__2, そう なんとか
__label__1, 必ず もしか 少し
__label__4, ほとんど
__label__1, たびたび
__label__2, 全然 殆ど 本当に
__label__5,
__label__1,
__label__1, ピリピリ 全く
__label__3, 一応 ほとんど 何とか
__label__5, ほぼ すぐ
__label__1, 一度
__label__5,
__label__3, 少し 少し サラサラ 丁度
__label__2, そのまま
__label__3, まだまだ 何とも
__label__4,
__label__5, わざわざ つい わざわざ
__label__3, ある程度 当然
__label__1,
__label__4, ペラペラ しっかり
__label__1,
__label__5, 特に いちいち 全く
__label__1, ちゃんと しっかり 極めて 少し
__label__2, なんとなく こんなに まあ ちょっと
__label__1, 全く ちゃんと
__label__3, 少し
__label__1, 思いっきり もう
__label__4,
__label__5, 初めて 実際 しっかり しっかり
__label__4, ちゃんと
__label__1, ちょうど 初めて もう 二度と いくらか ほとんど どうにか 本当に きちんと
__label__2, せいぜい
__label__5, いつも すぐ しっかり とても
__label__3, すぐ
__label__4, ちょうど
__label__5,
__label__3, やはり
__label__5, もともと とにかく
__label__4, とても すぐ もっと
__label__1, なぜ
__label__1, すぐ
__label__5, いつも 少し いつも
__label__4, 実際
__label__2, もう ちょっと
__label__3,
__label__2, ずっと 別に わざわざ ちらほら もっと しっかり
__label__2, かなり 少し
__label__4, よく
__label__1, とくに
__label__3,
__label__3,
__label__2,
__label__2,
__label__1,
__label__2, こんなに 初めて がっかり
__label__1, ピン すぐ ポイ どうも
__label__5,
__label__1, ちゃんと
__label__1, 改めて
__label__4, もっさり 概ね
__label__2, あまりに
__label__4, もう
__label__4, 特に すぐ すぐ なかなか
__label__1, 当然 よく
__label__4, そう
__label__4, さすが
__label__1, どう
__label__4, さすが 引き続き
__label__2, 余りに
__label__4, 早速
__label__4, ある程度 あまり ちらほら 少なくとも すぐ 少し 元々 全く
__label__2, 早速 ワクワク
__label__1, すぐ どう かなり
__label__5,
__label__3, かなり
__label__1, とくに
__label__3, 同時に むしろ 再度 再度 おそらく
__label__1,
__label__5, いつも まだ 少し スッキリ 丁度 とても
__label__5,
__label__3, やはり 全く
__label__5, ほとんど もっと
__label__4, 少し とても
__label__2, かなり なんとか なんで さらに これから もっと もっと もっと まだ 到底 いっそ いきなり いろいろ がっかり まっしぐら
__label__1, 初めて 尚更
__label__5, ぱっと
__label__3,
__label__5, 本当に もちろん
__label__2, まあ まあ つい
__label__2, 勢い よく まんべんなく
__label__2,
__label__5, いろいろ いろいろ
__label__4, まだ これから とても
__label__4, 何とか
__label__4, なかなか 一気に 恐らく 少し 更に
__label__5, 並べて 徐々に すっかり
__label__1, あらかじめ しっかり そう まったく かなり
__label__1, すぐ
__label__3, より
__label__1, とても 本当に ワクワク なかなか イライラ もう 沢山 沢山 あまり 所詮 実際 なかなか イライラ もっと なんだか がっくり こう 多々 なんとなく 多々 ようするに やはり もちろん そう ふと なんで もちろん
__label__2, せめて
__label__3,
__label__1, わざわざ
__label__1, よく 少々 とても 常に ペラペラ おそらく 少し むしろ さらに ほとんど
__label__2, いまだ もう少し ガッカリ 実際 もしも
__label__4, しっかり しっかり しっかり 少し しっかり どうにか
__label__2,
__label__1, やはり
__label__2, よく かなり
__label__1, ちゃんと 初めて きちんと こんなに もう ちょっと もし また
__label__1, なんで 本当に 全く とても いきなり 本当に 何とか
__label__3, 特に
__label__5,
__label__1, よく
__label__1, いくら ちょっと
__label__1, ビリビリ かなり 全く
__label__1, よく 全く
__label__1, とても 本当に ワクワク なかなか イライラ もう 沢山 沢山 あまり 所詮 実際 なかなか イライラ もっと なんだか がっくり こう 多々 なんとなく 多々 ようするに やはり もちろん そう ふと なんで もちろん
__label__1,
__label__4, しっかり
__label__2, 初めて なぜ ハッキリ スッキリ よく
__label__2, 全く
__label__2, 少し どうにか
__label__5, 結構
__label__2, 必ず 実際 実際 一度 特に 一度 もし 再び 再度 とても
__label__2, ピン あまり ピン ピン ピン もう一度 とりあえず
__label__2, あまり おそらく もう
__label__5, とても ほぼ
__label__1, 何故か 実際 まだ 仮に どう こう 色々 やきもき 少し よく
__label__1, 恐らく とても
__label__2, しっかり
__label__2, あえて 結構 うんざり いまいち よく なにせ
__label__1, しばらく
__label__4, なんで 全く さも ほとんど まず ほぼ 難なく 少なくとも たびたび すぐ 色々 まだ とても
__label__4, あまり
__label__4, ほとんど 色々
__label__2, ちょうど
__label__3, すっかり
__label__4, 初めて なかなか
__label__1,
__label__4, 全然 もっと しっかり
__label__4, コンコン チョット たぶん
__label__1, 一気に ごっそり 本当に まったく なんとか
__label__4, ちょっと やはり 一応 あまりに
__label__1, あまり
__label__1, かなり
__label__1, いつも
__label__1,
__label__1,
__label__1, もし
__label__1, ぎりぎり あまり よく
__label__2, 少し イライラ とっても どうして ますます
__label__3, 特に 比較的
__label__1, 何分 果たして こんなに 当然 ガリガリ さらに 多少 特に しばらく 実際 元々 やっぱ 少し
__label__1, しっかり
__label__3, せっかく ちょっと
__label__2, 全く とても
__label__3, 色々 どう
__label__5, 何より
__label__5,
__label__1, そのまま
__label__2, 特に とても
__label__3,
__label__1, すぐ
__label__1, 特に
__label__5, 本当は 特に 少し
__label__1,
__label__4, 少し
__label__1, よく あまりに どう
__label__3, 初めて 特に
