__label__3,
__label__1,
__label__3,
__label__2,
__label__1, また
__label__3,
__label__1,
__label__3,
__label__2, また
__label__4, ただ
__label__4, ただし
__label__4, または
__label__3,
__label__2,
__label__5,
__label__1,
__label__4,
__label__4,
__label__4,
__label__4,
__label__1,
__label__3,
__label__2,
__label__1,
__label__4,
__label__5,
__label__3, しかし
__label__5,
__label__4,
__label__1,
__label__5,
__label__5,
__label__1, しかも
__label__1,
__label__5,
__label__4,
__label__3, また
__label__4,
__label__5,
__label__1,
__label__3,
__label__4, また また 例えば また また また また 例えば あるいは また また また また
__label__3, 及び
__label__4,
__label__5, また
__label__4,
__label__4,
__label__5,
__label__3,
__label__5,
__label__2,
__label__1,
__label__5, ただ
__label__5,
__label__5,
__label__4, ただ
__label__3,
__label__5,
__label__1,
__label__5, しかも
__label__5, 実は
__label__4,
__label__1,
__label__1,
__label__5,
__label__4, また
__label__1,
__label__2,
__label__3,
__label__1, 尚
__label__5,
__label__1, また が また また また
__label__4,
__label__1,
__label__3,
__label__2,
__label__3,
__label__4,
__label__1,
__label__4,
__label__1,
__label__4, なお
__label__5,
__label__5,
__label__2,
__label__1,
__label__4,
__label__3, しかし
__label__1,
__label__1, だから しかも
__label__5,
__label__4,
__label__3,
__label__1,
__label__1, また
__label__4, ただ
__label__4,
__label__1,
__label__1,
__label__1,
__label__1,
__label__5, ただ なお
__label__4,
__label__3,
__label__1,
__label__5,
__label__3,
__label__5,
__label__1,
__label__2, 但し しかし
__label__3,
__label__1,
__label__1, しかし
__label__3, しかし
__label__2,
__label__1,
__label__3,
__label__4,
__label__2,
__label__5,
__label__1,
__label__3, また
__label__3,
__label__5,
__label__4,
__label__4,
__label__4,
__label__5,
__label__2,
__label__5,
__label__2, また
__label__1,
__label__1,
__label__4, でも
__label__1, でも でも
__label__3,
__label__1,
__label__3,
__label__1,
__label__5,
__label__1,
__label__3,
__label__1,
__label__1,
__label__3,
__label__2, また よって
__label__2, なので
__label__3,
__label__4,
__label__3,
__label__5,
__label__4,
__label__1,
__label__2, そして
__label__1,
__label__2,
__label__5,
__label__3,
__label__1,
__label__5,
__label__2,
__label__1, また
__label__1,
__label__3, ただし
__label__5, それで
__label__4,
__label__5,
__label__5,
__label__4,
__label__5,
__label__1,
__label__3,
__label__3,
__label__2,
__label__1, そして
__label__4,
__label__5,
__label__2,
__label__5, すると
__label__5,
__label__1,
__label__1,
__label__4,
__label__2,
__label__2,
__label__1, が
__label__3,
__label__3,
__label__1,
__label__3,
__label__4,
__label__2,
__label__3,
__label__4,
__label__2, けど
__label__1,
__label__1,
__label__1,
__label__5,
__label__4,
__label__5,
__label__1, 一方
__label__5,
__label__3,
__label__2,
__label__5,
__label__1,
__label__2,
__label__4,
__label__3, また
__label__4,
__label__5,
__label__3,
__label__3,
__label__2, また
__label__1, 及び
__label__2,
__label__4,
__label__1,
__label__2,
__label__1,
__label__3,
__label__2,
__label__4, でも
__label__1,
__label__1,
__label__2,
__label__4,
__label__1,
__label__2, しかも
__label__1,
__label__5,
__label__4,
__label__1, また
__label__5,
__label__3, それで
__label__3,
__label__5,
__label__2,
__label__4,
__label__3,
__label__2,
__label__5,
__label__1,
__label__2,
__label__4,
__label__2,
__label__1,
__label__1, つまり
__label__2,
__label__5, また
__label__2,
__label__4,
__label__2, そもそも
__label__2, よって
__label__2,
__label__5,
__label__1,
__label__1,
__label__1,
__label__5,
__label__2,
__label__3,
__label__1,
__label__1,
__label__1, しかし
__label__5,
__label__3,
__label__1,
__label__4, また
__label__4,
__label__3,
__label__5,
__label__4, それでも
__label__3,
__label__1,
__label__1, しかし
__label__1,
__label__1,
__label__5, しかし
__label__5,
__label__1,
__label__3,
__label__2,
__label__1,
__label__3,
__label__2,
__label__3,
__label__1,
__label__3,
__label__3,
__label__4,
__label__5,
__label__3,
__label__2, なので ちなみに それなら
__label__4,
__label__2,
__label__5,
__label__3, また
__label__1,
__label__1,
__label__2,
__label__3,
__label__1,
__label__1,
__label__5,
__label__4,
__label__4, それでも
__label__4, そして
__label__1,
__label__5,
__label__2,
__label__1,
__label__4,
__label__1,
__label__1,
__label__5,
__label__5,
__label__1,
__label__1,
__label__1, まずは
__label__2, よって それでも
__label__3,
__label__1,
__label__4,
__label__3, また
__label__5,
__label__4,
__label__1, しかも
__label__4,
__label__3,
__label__4,
__label__2,
__label__3, ただ
__label__4,
__label__4,
__label__1,
__label__3,
__label__1,
__label__1,
__label__1,
__label__2, または
__label__1,
__label__1, ただ
__label__1,
__label__1,
__label__3,
__label__2,
__label__4, ただし ただ
__label__3,
__label__5,
__label__3,
__label__5,
__label__1,
__label__2,
__label__1,
__label__4, そして
__label__5,
__label__1,
__label__2,
__label__3,
__label__3,
__label__3,
__label__1,
__label__3,
__label__3,
__label__1,
__label__4, しかし
__label__5,
__label__1,
__label__5,
__label__2, そして
__label__5,
__label__4,
__label__5,
__label__2,
__label__3,
__label__5,
__label__1,
__label__2, けど
__label__1,
__label__2,
__label__4, でも
__label__2,
__label__1,
__label__4,
__label__1,
__label__4, 即
__label__1,
__label__4, でも されど
__label__3,
__label__4, ただ
__label__1, 及び
__label__2, そして または また
__label__3, そもそも
__label__1,
__label__3,
__label__5,
__label__3,
__label__3,
__label__3,
__label__5,
__label__2,
__label__1,
__label__4,
__label__2,
__label__4,
__label__3, また
__label__5, それでも
__label__4,
__label__3,
__label__3,
__label__2,
__label__2, 例えば だから つまり そして
__label__4,
__label__5,
__label__1,
__label__1,
__label__1,
__label__1,
__label__3, ただ ただ
__label__2,
__label__1,
__label__3,
__label__5, また
__label__4,
__label__5,
__label__2, また
__label__1,
__label__5,
__label__1,
__label__3, ただ
__label__5,
__label__4, それなのに ただ
__label__1, そもそも
__label__2,
__label__5,
__label__4,
__label__3,
__label__5,
__label__5,
__label__1, ただし ないし
__label__3,
__label__2,
__label__5,
__label__1,
__label__2,
__label__4,
__label__3,
__label__2,
__label__1,
__label__5, ちなみに
__label__5,
__label__3,
__label__4,
__label__4,
__label__4,
__label__2, しかも
__label__5,
__label__1, また
__label__3, 尚
__label__1, ただ
__label__3,
__label__3,
__label__1,
__label__2,
__label__1,
__label__2,
__label__5,
__label__4,
__label__2,
__label__2, また また
__label__1,
__label__1,
__label__5,
__label__5,
__label__3,
__label__1, それとも しかし
__label__3,
__label__4, かつ でも
__label__1,
__label__4,
__label__4, でも
__label__1,
__label__4, そして そして
__label__1,
__label__3, なので
__label__4,
__label__5,
__label__5,
__label__1,
__label__5,
__label__2,
__label__5,
__label__3,
__label__4,
__label__1,
__label__3,
__label__1,
__label__4,
__label__3,
__label__3, しかし
__label__3, ただ
__label__1,
__label__2,
__label__2,
__label__5,
__label__3,
__label__5,
__label__4,
__label__1,
__label__1, また しかし そして
__label__3,
__label__4,
__label__4,
__label__5,
__label__1, 及び
__label__5,
__label__2,
__label__1, 又は
__label__2, また
__label__1, しかし また
__label__4,
__label__5,
__label__1,
__label__4,
__label__5, そして ただし
__label__5,
__label__1,
__label__5,
__label__2,
__label__3,
__label__1,
__label__1,
__label__4,
__label__4, ただ
__label__1,
__label__3, ただ
__label__1,
__label__4, また
__label__1,
__label__1,
__label__4,
__label__1, 及び
__label__1,
__label__3,
__label__3,
__label__3, 及び 反面
__label__2, ただ そもそも
__label__1,
__label__1,
__label__5,
__label__2, そもそも 尚 また また
__label__1,
__label__5, また
__label__4, また
__label__1,
__label__1,
__label__4, でも
__label__1,
__label__2,
__label__4,
__label__1,
__label__5, ちなみに
__label__1,
__label__3,
__label__2, が また
__label__5,
__label__1, 故に
__label__1,
__label__3,
__label__1,
__label__4, しかし
__label__4,
__label__2,
__label__4, しかし
__label__2,
__label__4, また
__label__1, ちなみに
__label__3,
__label__5,
__label__3, 尚
__label__3, ただ
__label__5,
__label__5, ただ
__label__3,
__label__5,
__label__2,
__label__3,
__label__2,
__label__2, そして
__label__2,
__label__4, ただ
__label__3,
__label__3,
__label__4, ただ
__label__2,
__label__1,
__label__5,
__label__2, けど
__label__4,
__label__2,
__label__3,
__label__2,
__label__5, なので
__label__1,
__label__1,
__label__5, でも
__label__2,
__label__2, ただ
__label__1,
__label__5,
__label__1,
__label__3,
__label__4, また なので ただ
__label__3,
__label__4, ただ
__label__1,
__label__5,
__label__1,
__label__3, でも
__label__1,
__label__2,
__label__1,
__label__1,
__label__1, しかも
__label__4,
__label__5,
__label__2,
__label__1,
__label__1, 及び
__label__1,
__label__1,
__label__1,
__label__1,
__label__2,
__label__5, また
__label__1,
__label__5, なので
__label__4,
__label__5,
__label__2,
__label__1,
__label__2,
__label__1,
__label__1, ただ
__label__2,
__label__1,
__label__1, よって
__label__4,
__label__5,
__label__5,
__label__3, ただ
__label__5,
__label__1,
__label__1,
__label__5,
__label__1,
__label__2, また また
__label__1,
__label__1,
__label__1,
__label__3,
__label__5,
__label__4,
__label__3, けれども
__label__3,
__label__5,
__label__4,
__label__5,
__label__2, かつ
__label__1,
__label__1,
__label__4,
__label__1,
__label__5,
__label__3,
__label__4,
__label__4,
__label__4,
__label__3,
__label__3, だから
__label__1,
__label__1,
__label__3,
__label__1,
__label__1,
__label__4,
__label__2,
__label__1,
__label__1,
__label__4, ただ
__label__5,
__label__2,
__label__1,
__label__4, ただ
__label__1,
__label__1,
__label__2, で
__label__2,
__label__2,
__label__3,
__label__3,
__label__4,
__label__1,
__label__1,
__label__1,
__label__1,
__label__4,
__label__4,
__label__1,
__label__1,
__label__1,
__label__5, まずは
__label__1,
__label__5,
__label__2,
__label__1,
__label__3,
__label__1, ただ
__label__1,
__label__3, ちなみに
__label__3, が
__label__1,
__label__3,
__label__5, そこで
__label__3,
__label__5, かつ
__label__2, でも
__label__3, しかも
__label__4,
__label__5,
__label__1, だから
__label__5,
__label__3,
__label__5,
__label__1,
__label__2,
__label__2,
__label__3,
__label__1,
__label__4, ですが
__label__3,
__label__1,
__label__3,
__label__1,
__label__5,
__label__5,
__label__1,
__label__5,
__label__3,
__label__3, しかし
__label__4,
__label__5,
__label__1,
__label__2, しかし そして
__label__5,
__label__4, でも
__label__1,
__label__3, しかし また
__label__1,
__label__3, または
__label__1,
__label__1,
__label__1,
__label__5,
__label__1, けど ちなみに そして
__label__1,
__label__2, そして では また そして
__label__5,
__label__1,
__label__2, また
__label__4, だから
__label__2,
__label__5,
__label__4,
__label__5, 惜しむらくは
__label__4, 但し
__label__5,
__label__1,
__label__5, また
__label__1,
__label__2, また
__label__5,
__label__5,
__label__5,
__label__1,
__label__2,
__label__4,
__label__5, しかし そこで しかし
__label__4,
__label__1,
__label__4, ただ
__label__4,
__label__1,
__label__2,
__label__2,
__label__4,
__label__1,
__label__4,
__label__5, ただ
__label__4,
__label__1,
__label__1,
__label__3,
__label__1, ならば しかも ただ
__label__1, 例えば
__label__5,
__label__4, なので でも
__label__4,
__label__4,
__label__4,
__label__4, が ちなみに
__label__1,
__label__1,
__label__4,
__label__4,
__label__4,
__label__5,
__label__5,
__label__3,
__label__5,
__label__4,
__label__1, また
__label__4, ただ
__label__5,
__label__5,
__label__1, でも
__label__5,
__label__2, でも
__label__3,
__label__5,
__label__1,
__label__3, が また さて また でも
__label__5, また
__label__1,
__label__3, ただ
__label__1,
__label__4,
__label__1,
__label__5,
__label__4,
__label__4, そして
__label__5,
__label__5,
__label__1, それでも
__label__1, それにしても
__label__2, ただ
__label__4, 例えば
__label__5,
__label__1,
__label__4,
__label__4,
__label__5,
__label__1,
__label__3,
__label__4,
__label__4,
__label__5,
__label__5,
__label__5,
__label__4, でも また
__label__5,
__label__4, でも
__label__1,
__label__3, でも
__label__1,
__label__1,
__label__1, しかも
__label__1,
__label__1, また
__label__2,
__label__4,
__label__1,
__label__1,
__label__1,
__label__5,
__label__4,
__label__1, 実は 実は そこで では それでも
__label__5,
__label__1,
__label__1, ならば しかも ただ
__label__1,
__label__2,
__label__2, しかも
__label__5, また
__label__4,
__label__5,
__label__2,
__label__4, しかしながら
__label__1, なので また また
__label__1,
__label__1, 例えば
__label__1,
__label__4,
__label__4,
__label__4,
__label__3,
__label__2,
__label__1,
__label__4,
__label__1, けど
__label__4, でも
__label__2, ただ
__label__2,
__label__1, なので
__label__1,
__label__1,
__label__2,
__label__1,
__label__4,
__label__1,
__label__5,
__label__1,
__label__4,
__label__1,
__label__1,
__label__4,
__label__4,
__label__1,
__label__2, または あるいは
__label__1,
__label__2,
__label__2, また
__label__1,
__label__2, でも
__label__2,
__label__2, でも でも
__label__1,
__label__1, また
__label__5,
__label__1,
__label__1,
__label__1, 一方
__label__3,
__label__3,
__label__1,
__label__1,
__label__1,
__label__5, それから
__label__5,
__label__1,
__label__2, しかし たとえば
__label__1,
__label__3,
__label__3,
__label__1,
__label__1, すなわち それと しかも そして そして また ましてや
__label__2,
__label__5,
__label__3,
__label__1, それとも
__label__2,
__label__5,
__label__1,
__label__1,
__label__2,
__label__3,
__label__1,
__label__2,
__label__1,
__label__1,
__label__5,
__label__4, また
__label__3,
__label__1,
__label__3, 但し
__label__5,
__label__1,
__label__5,
__label__3,
__label__1, そりゃ
__label__1,
__label__1,
__label__3, ただ
__label__3,
__label__4,
__label__2,
__label__5,
__label__4, いや ただ
__label__5, また
__label__5,
__label__1,
__label__1,
__label__1,
__label__2,
__label__1,
__label__3,
__label__2,
__label__3,
__label__2,
__label__1,
__label__2,
__label__1,
__label__5, また
__label__1,
__label__2, そして
__label__1,
__label__1,
__label__1, けど
__label__3, ただ
__label__3,
__label__1,
__label__1,
__label__2,
__label__1,
__label__3, でも
__label__1,
__label__2,
__label__1, そして
__label__1,
__label__5,
__label__2,
__label__3,
__label__2,
__label__4,
__label__3, しかしながら
__label__4, ただ
__label__4,
__label__1, でも
__label__1, けど
__label__4,
__label__3,
__label__1,
__label__5,
__label__1,
__label__5,
__label__1, 及び
__label__1,
__label__2,
__label__1, もしくは だから
__label__1,
__label__2,
__label__2,
__label__4, しかし そしたら
__label__3,
__label__4,
__label__2,
__label__4,
__label__2,
__label__1,
__label__4,
__label__1,
__label__2,
__label__1, でも
__label__1, そして
__label__1,
__label__3, ただし
__label__4,
__label__2,
__label__4,
__label__1,
__label__1,
__label__4,
__label__3,
__label__1,
__label__4,
__label__1,
__label__2, ただ ちなみに
__label__3, ただし
__label__1, が
__label__1, したら
__label__2,
__label__5,
__label__3, ただ
__label__4,
__label__3, また
__label__2,
__label__2,
__label__1, でも でも
__label__5,
__label__4,
__label__2, ただ そして
__label__5,
__label__1, でも でも
__label__2,
__label__4,
__label__1,
__label__3,
__label__2,
__label__1,
__label__5,
__label__4,
__label__5, ただ
__label__1,
__label__5, それでも
__label__1, ただ
__label__1, また しかし そして
__label__5,
__label__4,
__label__2,
__label__5,
__label__3,
__label__4,
__label__1,
__label__3,
__label__4,
__label__1, そして
__label__1,
__label__3,
__label__1,
__label__1, または ただ
__label__3, それで それでは それで
__label__1,
__label__3,
__label__4,
__label__4,
__label__1,
__label__1,
__label__1,
__label__1,
__label__1,
__label__4,
__label__4, ただ
__label__3,
__label__5,
__label__2,
__label__4,
__label__1,
__label__3,
__label__1,
__label__2,
__label__3,
__label__1,
__label__1,
__label__3,
__label__1,
__label__3,
__label__2,
__label__1,
__label__1,
__label__3,
__label__1,
__label__2,
__label__3,
__label__1,
__label__1,
__label__1,
__label__5,
__label__3,
__label__4, 本当は
__label__2,
__label__4,
__label__2,
__label__4,
__label__1,
__label__4,
__label__1,
__label__3, ただ
__label__5,
__label__2,
__label__5,
__label__2,
__label__3,
__label__1,
__label__1,
__label__2,
__label__3, それでも
__label__4,
__label__3, しかも
__label__1,
__label__2,
__label__3,
__label__2,
__label__5,
__label__4,
__label__2,
__label__5,
__label__4, ただ
__label__5,
__label__1, けど
__label__4,
__label__1,
__label__5,
__label__3,
__label__1,
__label__1, そして
__label__2,
__label__1, また だからといって
__label__1, なので
__label__4,
__label__3,
__label__3,
__label__2,
__label__2, それで
__label__5, また
__label__3,
__label__1,
__label__3,
__label__1,
__label__5,
__label__1,
__label__4,
__label__1, しかし
__label__4,
__label__3,
__label__1,
__label__1, が
__label__1, 即
__label__1,
__label__2, それでも
__label__1,
__label__5,
__label__5, また
__label__1,
__label__3,
__label__3,
__label__1,
__label__4, そして
__label__4, つまり
__label__3, だから
__label__5,
__label__1,
__label__1,
__label__1, しかし
__label__3,
__label__2,
__label__2, また
__label__2,
__label__2,
__label__5,
__label__1,
__label__4, ちなみに
__label__3,
__label__1,
__label__1,
__label__1,
__label__5, しかし
__label__5,
__label__3,
__label__4, そして
__label__1,
__label__4,
__label__5,
__label__3,
__label__1,
__label__1, ところが
__label__1,
__label__5, それから
__label__1,
__label__1,
__label__4,
__label__2, また
__label__2,
__label__1,
__label__2, が
__label__4, しかし
__label__3,
__label__2,
__label__2,
__label__2,
__label__1, ましてや
__label__3,
__label__2, また また
__label__2, そして ただし
__label__5,
__label__5,
__label__2,
__label__1,
__label__3, でも
__label__1,
__label__3,
__label__5,
__label__1,
__label__4, ただし 尚
__label__3,
__label__1,
__label__3,
__label__1, しかし 一方
__label__1,
__label__4,
__label__3, あるいは そして また
__label__2, 実は しかも
__label__4,
__label__1, ただ
__label__2,
__label__5, また
__label__3,
__label__4,
__label__4,
__label__2,
__label__1,
__label__2,
__label__5,
__label__4,
__label__2, また
__label__4,
__label__3,
__label__2,
__label__5,
__label__3, で
__label__4, ただ
__label__3,
__label__1, ところが それでは
__label__2,
__label__1,
__label__3,
__label__1,
__label__1,
__label__5,
__label__5,
__label__3,
__label__4,
__label__3, ただ
__label__5,
__label__2,
__label__5, また
__label__2,
__label__1,
__label__1,
__label__5,
__label__1,
__label__1,
__label__5,
__label__1,
__label__4,
__label__4,
__label__1,
__label__1,
__label__1, また
__label__1,
__label__4,
__label__5,
__label__3,
__label__1,
__label__3,
__label__2,
__label__1, 及び
__label__1, しかも なので ちなみに
__label__3, ただ
__label__4,
__label__1,
__label__2,
__label__1,
__label__4,
__label__3,
__label__2,
__label__3,
__label__1, しかも
__label__1, しかし
__label__4,
__label__2,
__label__4, ただ それでも
__label__2, また
__label__1, けど
__label__3,
__label__5,
__label__4,
__label__3,
__label__1,
__label__2,
__label__3,
__label__1, ただ
__label__5,
__label__2, しかし しかも
__label__3,
__label__2,
__label__3,
__label__1,
__label__1,
__label__1,
__label__1,
__label__1,
__label__3,
__label__5,
__label__5,
__label__2,
__label__1,
__label__4,
__label__1,
__label__5,
__label__3,
__label__3,
__label__1,
__label__4,
__label__2,
__label__1,
__label__5,
__label__1,
__label__2,
__label__2,
__label__1,
__label__4, でないと
__label__2,
__label__5, でも
__label__1,
__label__1,
__label__5,
__label__3, ただ
__label__4,
__label__1,
__label__3,
__label__3, でも
__label__4,
__label__1,
__label__4, ただ
__label__1,
__label__2,
__label__5, まずは また
__label__2, しかし
__label__4,
__label__1, なお
__label__4, また
__label__1,
__label__2, しかし しかし
__label__2,
__label__5, ただ
__label__4, なので
__label__4,
__label__4, ただ
__label__2,
__label__2,
__label__5,
__label__5, ただ
__label__1,
__label__2,
__label__2,
__label__3, なので
__label__2,
__label__2,
__label__2, ただ
__label__1, なので
__label__5, また
__label__1,
__label__3,
__label__2,
__label__3,
__label__1,
__label__1,
__label__2,
__label__1, それとも
__label__2, しかし ところが 追って また いや
__label__4,
__label__2,
__label__4,
__label__2,
__label__3,
__label__1,
__label__3,
__label__1,
__label__1, しかし
__label__2,
__label__1,
__label__1, ただ
__label__2,
__label__1,
__label__1, ただ
__label__3,
__label__1,
__label__1,
__label__4, また ちなみに また しかし そもそも
__label__1,
__label__3,
__label__1,
__label__1,
__label__5,
__label__1, しかし そりゃ 故に また
__label__2,
__label__1,
__label__2,
__label__5, ただ
__label__4,
__label__2,
__label__3, が しかしながら
__label__1,
__label__1, まずは ただ
__label__4,
__label__1,
__label__4,
__label__5, そして だって
__label__4,
__label__1,
__label__4,
__label__1,
__label__1,
__label__1,
__label__1,
__label__3,
__label__3,
__label__5,
__label__1, ただし ないし
__label__3,
__label__1,
__label__3, また
__label__1, ただ
__label__3,
__label__3,
__label__5,
__label__1,
__label__3, また
__label__3,
__label__5,
__label__4,
__label__2,
__label__4,
__label__2,
__label__5,
__label__2,
__label__1, ただ
__label__5, しかも
__label__3,
__label__1,
__label__3, しかし
__label__1,
__label__2,
__label__2,
__label__4, また
__label__1,
__label__5, また
__label__4,
__label__3, しかし しかも しかし また
__label__1,
__label__1,
__label__1,
__label__1,
__label__1,
__label__2, でも
__label__5,
__label__4,
__label__5,
__label__1,
__label__4,
__label__4, だが
__label__1,
__label__4, しかし
__label__1,
__label__2,
__label__1,
__label__1,
__label__5,
__label__5,
__label__2,
__label__2, また
__label__1, けど
__label__2,
__label__3,
__label__5,
__label__5,
__label__4,
__label__2, が
__label__1,
__label__3, しかし
__label__5, また
__label__5,
__label__4,
__label__4,
__label__2,
__label__1,
__label__1, また
__label__4,
__label__4,
__label__5, なので
__label__2,
__label__3,
__label__3, ただし
__label__1,
__label__1,
__label__2, が ちなみに
__label__2,
__label__5,
__label__5, ただ
__label__1,
__label__5, それでも
__label__3, また
__label__2,
__label__4,
__label__2,
__label__3,
__label__5,
__label__2,
__label__1,
__label__3,
__label__3,
__label__3, また
__label__2,
__label__4,
__label__3,
__label__1,
__label__3,
__label__1,
__label__4, ただ
__label__5,
__label__5,
__label__4, そして ただ
__label__4,
__label__1,
__label__1, なので
__label__1,
__label__1, でも
__label__1,
__label__2, だが
__label__2,
__label__3,
__label__1,
__label__3,
__label__5,
__label__1,
__label__5, でも
__label__3, ところが
__label__1,
__label__5,
__label__3,
__label__3,
__label__2,
__label__1,
__label__4,
__label__1,
__label__3, ただ
__label__1,
__label__1,
__label__1, いや
__label__1,
__label__1,
__label__2,
__label__4, また
__label__1,
__label__3,
__label__1,
__label__2,
__label__1,
__label__2, そしたら
__label__5,
__label__1, しかし
__label__4,
__label__1, ならば しかも ただ
__label__5,
__label__1,
__label__2, けれど
__label__4,
__label__5,
__label__5, しかし
__label__1, ただ
__label__1,
__label__3,
__label__4,
__label__4,
__label__2,
__label__1, だが
__label__1,
__label__1,
__label__1,
__label__4,
__label__3,
__label__1, それなら
__label__4,
__label__1,
__label__4,
__label__4,
__label__1,
__label__1,
__label__1,
__label__2, でないと でないと
__label__5,
__label__3,
__label__3,
__label__1,
__label__1,
__label__2, また
__label__3,
__label__5,
__label__1,
__label__1,
__label__1,
__label__1,
__label__4,
__label__2,
__label__1,
__label__3,
__label__5,
__label__4,
__label__4,
__label__2,
__label__1,
__label__4,
__label__3,
__label__5, でも
__label__5,
__label__2,
__label__1,
__label__1,
__label__2,
__label__5,
__label__2,
__label__4,
__label__2, ただ
__label__3,
__label__1,
__label__1,
__label__5,
__label__2,
__label__2,
__label__1, ただ
__label__2,
__label__1, また
__label__3,
__label__3, しかし
__label__1,
__label__2, しかし しかも
__label__1,
__label__4,
__label__2,
__label__3,
__label__5,
__label__5,
__label__2,
__label__5,
__label__5,
__label__2,
__label__1,
__label__4, しかし そこで ただし
__label__2,
__label__5,
__label__3,
__label__1,
__label__5,
__label__4,
__label__1,
__label__3,
__label__1,
__label__5,
__label__1,
__label__5, また
__label__3,
__label__1,
__label__1, しかも
__label__2,
__label__1,
__label__2, ただ
__label__1,
__label__2,
__label__1, しかし
__label__2,
__label__5,
__label__1,
__label__1,
__label__4,
__label__1,
__label__5, また
__label__1,
__label__5,
__label__5,
__label__3,
__label__3, でも
__label__2,
__label__4,
__label__1, そして
__label__1,
__label__5,
__label__3,
__label__1, でも
__label__4,
__label__4,
__label__3,
__label__5,
__label__1,
__label__4,
__label__1,
__label__5,
__label__4,
__label__1, ないし
__label__3,
__label__2,
__label__1,
__label__1,
__label__1,
__label__1, しかし
__label__3, ただ
__label__4,
__label__1,
__label__4, しかも
__label__4,
__label__2, また
__label__2, ただ
__label__2,
__label__3,
__label__4, ちなみに
__label__4,
__label__4,
__label__1,
__label__5,
__label__1,
__label__5,
__label__5,
__label__3,
__label__3, いや また
__label__5,
__label__2,
__label__2, ただ
__label__1,
__label__1, そもそも
__label__1,
__label__4,
__label__1,
__label__3,
__label__5,
__label__2,
__label__1,
__label__4,
__label__5, なので
__label__2,
__label__2,
__label__1, しかも
__label__1,
__label__1,
__label__3,
__label__3,
__label__2,
__label__1,
__label__1, ちなみに
__label__4,
__label__2,
__label__2,
__label__1, まずは ただ
__label__1,
__label__4,
__label__5, しかし が
__label__2,
__label__2,
__label__3,
__label__1, そもそも
__label__5,
__label__1, したがって
__label__1,
__label__5,
__label__2, また
__label__3,
__label__4,
__label__1,
__label__2,
__label__1,
__label__3,
__label__4,
__label__1,
__label__2,
__label__1,
__label__3,
__label__2, また
__label__2,
__label__1,
__label__2, そして いや
__label__2,
__label__4,
__label__3,
__label__4,
__label__2, また ただ
__label__2,
__label__4,
__label__1, または ただ
__label__3,
__label__1,
__label__1,
__label__2,
__label__1, なお ちなみに ちなみに
__label__1, 一方
__label__1,
__label__3, ただ
__label__3,
__label__4,
__label__1, しかし
__label__1,
__label__1,
__label__1, したら
__label__1,
__label__1,
__label__3, それでも
__label__3, ただ
__label__5, また
__label__5, もしくは
__label__2, そうしたら
__label__4, また
__label__4,
__label__2, また しかし
__label__1,
__label__4, ただ
__label__1, ならば しかも ただ
__label__2,
__label__1,
__label__1,
__label__1,
__label__3,
__label__4,
__label__1, 若しくは
__label__3,
__label__5,
__label__4,
__label__1, なので
__label__4,
__label__1,
__label__1,
__label__1,
__label__3,
__label__2,
__label__4, しかし
__label__5, また
__label__1,
__label__1, ただ
__label__2,
__label__2,
__label__5,
__label__1,
__label__2,
__label__1,
__label__3,
__label__2,
__label__3, でも 実は
__label__2, それでも
__label__2,
__label__3,
__label__1,
__label__1,
__label__1,
__label__1, まずは
__label__4,
__label__1,
__label__2, そもそも それとも
__label__5,
__label__2,
__label__5, しかし しかし 又は
__label__2,
__label__5,
__label__5,
__label__3, そして
__label__5,
__label__1,
__label__1,
__label__1,
__label__2,
__label__4,
__label__1, ただ ところが 例えば しかし
__label__3, ただし
__label__4,
__label__5,
__label__3,
__label__1, そもそも
__label__1,
__label__2,
__label__5,
__label__5,
__label__1, それでいて
__label__3,
__label__1,
__label__1, でも
__label__1,
__label__3, ただ
__label__3,
__label__3,
__label__4,
__label__3,
__label__2,
__label__3, また
__label__3, ただ また
__label__5, もしくは
__label__3, および
__label__1,
__label__2,
__label__2,
__label__5,
__label__5,
__label__4, しかも すなわち しかし が
__label__5, 実は
__label__5,
__label__5,
__label__1,
__label__3,
__label__3,
__label__3,
__label__3, ただ
__label__1,
__label__1,
__label__4, なので
__label__4,
__label__2, ただし
__label__2,
__label__3,
__label__4,
__label__3, ただ
__label__2,
__label__1,
__label__4,
__label__1,
__label__3, また
__label__3,
__label__4,
__label__5,
__label__4,
__label__1,
__label__3,
__label__2,
__label__2,
__label__3,
__label__3, ただ
__label__5,
__label__1,
__label__1, しかし
__label__1,
__label__1,
__label__4, しかし
__label__5, また
__label__2, しかし
__label__3,
__label__4,
__label__2,
__label__3,
__label__1, それでも
__label__1, 一方
__label__1,
__label__5,
__label__1,
__label__2, ただ
__label__1, しかし 一方
__label__4,
__label__1, また
__label__1,
__label__2,
__label__4,
__label__3,
__label__2, それで
__label__5,
__label__2,
__label__5,
__label__1,
__label__1,
__label__3, また しかし
__label__1,
__label__4, でも
__label__1,
__label__1,
__label__1,
__label__2, しかし ところが 追って また いや
__label__3,
__label__4,
__label__1,
__label__2,
__label__1, ならば しかも ただ
__label__2,
__label__1,
__label__2,
__label__1,
__label__4,
__label__5,
__label__4,
__label__2,
__label__3,
__label__5,
__label__1,
__label__1,
__label__4,
__label__1,
__label__4,
__label__5,
__label__5,
__label__3, しかしながら
__label__1, そして しかも しかし
__label__3,
__label__4, ただ
__label__2,
__label__1,
__label__1, また
__label__5,
__label__2,
__label__1, また
__label__1, 一方
__label__4, しかし でも 因みに
__label__5,
__label__1,
__label__5,
__label__2, けど
__label__3,
__label__3,
__label__1,
__label__1,
__label__5,
__label__1,
__label__1,
__label__1, ましてや
__label__1, ちなみに ただ
__label__1,
__label__1,
__label__1,
__label__1,
__label__3, また ただ
__label__2, ただし
__label__4,
__label__4,
__label__5,
__label__1, もしくは
__label__3,
__label__2,
__label__1, つまり
__label__1,
__label__2,
__label__5,
__label__4,
__label__3, でも
__label__4,
__label__4,
__label__1,
__label__5,
__label__1,
__label__5,
__label__5, また
__label__1, また だからといって
__label__5,
__label__1,
__label__1, だが
__label__1,
__label__2, が それでも
__label__4,
__label__3, でも でも
__label__3,
__label__4,
__label__3,
__label__2, ただ しかし
__label__2, それでも
__label__3,
__label__4,
__label__1, しかし
__label__5,
__label__1,
__label__2,
__label__3,
__label__1,
__label__5,
__label__2,
__label__3,
__label__3,
__label__1,
__label__2,
__label__3,
__label__1, でも そして ただ
__label__2, また
__label__2,
__label__5, が かつ かつ
__label__2,
__label__2,
__label__3,
__label__1,
__label__5,
__label__1,
__label__1,
__label__1,
__label__5,
__label__3,
__label__5,
__label__5,
__label__4,
__label__5,
__label__1, そして
__label__4,
__label__2, ただ
__label__4,
__label__4, しかし
__label__1,
__label__1,
__label__1, ただ
__label__2,
__label__1, 一方
__label__5, でも そして それでも
__label__1,
__label__1,
__label__2,
__label__4, ただ
__label__5,
__label__3, しかし
__label__1, まずは
__label__4,
__label__3,
__label__1,
__label__3,
__label__4,
__label__1,
__label__4,
__label__1,
__label__2, それでも
__label__1,
__label__1,
__label__3,
__label__5,
__label__1,
__label__2, しかし
__label__1,
__label__2,
__label__1,
__label__1,
__label__2,
__label__1,
__label__4,
__label__3, でも
__label__5,
__label__4,
__label__4,
__label__3,
__label__1, でも
__label__1, なお
__label__2,
__label__5,
__label__3,
__label__1,
__label__4,
__label__1, しかし そもそも
__label__3,
__label__1,
__label__3,
__label__5,
__label__1,
__label__3,
__label__1,
__label__5, では
__label__3,
__label__1,
__label__2, また
__label__1,
__label__5,
__label__5,
__label__1,
__label__4, 又は もしくは
__label__2,
__label__2,
__label__2,
__label__3, でも
__label__3,
__label__4,
__label__4,
__label__1,
__label__2,
__label__2,
__label__5,
__label__1, しかも
__label__4,
__label__2,
__label__2,
__label__3,
__label__5,
__label__2,
__label__2, しかし
__label__2,
__label__1,
__label__2,
__label__2,
__label__1,
__label__1, ただ
__label__1,
__label__1,
__label__5,
__label__2,
__label__2, ただ
__label__5, また そして そして よって
__label__2,
__label__1, ただ あるいは
__label__2,
__label__1,
__label__1,
__label__5,
__label__2,
__label__3, また
__label__1, ところが それでは
__label__2, そして または また
__label__1,
__label__1,
__label__4,
__label__4,
__label__1,
__label__4,
__label__2, じゃあ ほな 例えば ただ しかし
__label__1,
__label__1,
__label__1,
__label__3, なので
__label__1,
__label__1,
__label__1,
__label__1,
__label__5,
__label__2,
__label__4,
__label__5, が いや
__label__2, でも しかし
__label__5, そこで ちなみに
__label__5, そこで
__label__3,
__label__1,
__label__5,
__label__2,
__label__1,
__label__5,
__label__3,
__label__3, 但し
__label__3,
__label__1,
__label__4,
__label__1,
__label__1, また だからといって
__label__3,
__label__1,
__label__3,
__label__4, ただ
__label__2,
__label__4,
__label__2,
__label__2,
__label__2,
__label__1,
__label__3,
__label__3, なので
__label__5,
__label__4,
__label__4,
__label__2,
__label__2,
__label__3,
__label__5,
__label__1,
__label__5,
__label__1,
__label__3,
__label__2, また
__label__3, ちなみに
__label__3, 若しくは
__label__4,
__label__3, でも そもそも
__label__3,
__label__1,
__label__3,
__label__2,
__label__3,
__label__5,
__label__2,
__label__4,
__label__4,
__label__2,
__label__1,
__label__2,
__label__5,
__label__2,
__label__2, しかし
__label__4,
__label__5,
__label__3,
__label__5,
__label__4,
__label__3, じゃ そして
__label__1,
__label__4,
__label__5,
__label__1,
__label__1,
__label__1,
__label__2,
__label__1, また
__label__4,
__label__4,
__label__1,
__label__1,
__label__4,
__label__1,
__label__1,
__label__4,
__label__5, また
__label__5, 実は しかしながら そこで
__label__3,
__label__4, こうして
__label__1,
__label__1,
__label__3,
__label__4,
__label__5,
__label__4,
__label__1,
__label__1,
__label__4,
__label__4, ただ
__label__1,
__label__3, ただ
__label__1,
__label__1,
__label__1, しかも
__label__1,
__label__1, また
__label__1,
__label__3, でも
__label__2,
__label__2,
__label__1,
__label__2,
__label__5,
__label__3,
__label__1,
__label__2, また
__label__2,
__label__2, 及び
__label__2, そこで さて しかし
__label__5,
__label__3, しかし そして そこで しかし だが また
__label__3,
__label__2,
__label__2,
__label__5,
__label__1,
__label__2, しかし
__label__1,
__label__4,
__label__3,
__label__2, しかし
__label__1,
__label__4,
__label__1,
__label__5,
__label__1,
__label__1,
__label__5,
__label__3, ちなみに ちなみに
__label__4,
__label__1,
__label__4,
__label__4, ただ
__label__1,
__label__1,
__label__1,
__label__4,
__label__4,
__label__5,
__label__1,
__label__4,
__label__2, しかも
__label__1,
__label__3, しかし
__label__4,
__label__1,
__label__1, そして
__label__3,
__label__1,
__label__2,
__label__3,
__label__1,
__label__1, ならば しかも ただ
__label__2, 但し それだけに
__label__3,
__label__2,
__label__3,
__label__1,
__label__5, しかし 及び ただ
__label__2,
__label__4,
__label__5,
__label__1, また
__label__5, が そもそも それで
__label__3,
__label__4,
__label__5, しかも
__label__4,
__label__1,
__label__1,
__label__4,
__label__2, ただ
__label__4,
__label__2, ただ
__label__2, ただ
__label__2,
__label__1,
__label__2,
__label__2,
__label__2,
__label__4,
__label__5,
__label__2, また
__label__3,
__label__1,
__label__1,
__label__4,
__label__4, ただ
__label__3,
__label__3,
__label__5,
__label__1, でも
__label__4,
__label__1, ただ
__label__2, 例えば 例えば そして
__label__3,
__label__1,
__label__3, また
__label__1,
__label__1,
__label__1,
__label__3,
__label__4, ただ
__label__1,
__label__4,
__label__1, しかも
__label__2,
__label__1,
__label__3,
__label__1, それにしても
__label__2,
__label__1,
__label__3,
__label__1, でも そして ただ
__label__4,
__label__3,
__label__2,
__label__1,
__label__1, しかも
__label__1,
__label__5,
__label__1,
__label__1,
__label__4, ただ
__label__1,
__label__1,
__label__4, ただ
__label__1, ちなみに ただ
__label__1,
__label__2,
__label__5,
__label__5,
__label__1,
__label__2,
__label__1,
__label__5,
__label__5,
__label__1,
__label__4,
__label__2,
__label__5,
__label__5,
__label__1,
__label__1, しかし
__label__3,
__label__3,
__label__5, 例えば かつ
__label__4,
__label__5,
__label__3,
__label__1,
__label__2, また
__label__1,
__label__4,
__label__2,
__label__5, でも
__label__4, よって
__label__1, 及び
__label__1,
__label__1,
__label__3, しかし
__label__5,
__label__5,
__label__1,
__label__1, そして
__label__4,
__label__2,
__label__5,
__label__1,
__label__3,
__label__5,
__label__1,
__label__2,
__label__5,
__label__5, でも
__label__1,
__label__4,
__label__5, また
__label__5,
__label__5, なので
__label__5, ただ また
__label__2,
__label__5,
__label__4,
__label__5,
__label__1,
__label__4,
__label__1,
__label__5,
__label__4,
__label__1, そして そして そして
__label__4,
__label__4,
__label__3,
__label__4, が 因みに
__label__2,
__label__3, また
__label__3,
__label__2,
__label__2,
__label__4,
__label__1,
__label__1, でも
__label__5, 例えば
__label__4,
__label__2,
__label__1,
__label__1,
__label__1,
__label__2,
__label__1, つまり
__label__2,
__label__4, ただ
__label__3,
__label__1,
__label__2,
__label__5,
__label__2, だが
__label__3,
__label__4,
__label__1,
__label__2, また
__label__3,
__label__1,
__label__4,
__label__3,
__label__4,
__label__2, けれど
__label__2,
__label__2,
__label__2,
__label__1,
__label__2,
__label__3,
__label__4,
__label__2,
__label__5,
__label__3, ただ
__label__5,
__label__3,
__label__5, また
__label__1,
__label__5,
__label__1, しかも
__label__3,
__label__5,
__label__3,
__label__4,
__label__1,
__label__1,
__label__3,
__label__2, また ただ
__label__3, でも
__label__3, 即
__label__5,
__label__4,
__label__1, ただし ないし
__label__1,
__label__1,
__label__1, そもそも また
__label__3, いや でも
__label__3,
__label__1, しかし また
__label__3, ただ
__label__4,
__label__5, ただし
__label__1,
__label__3,
__label__4,
__label__5,
__label__5,
__label__5,
__label__2,
__label__4,
__label__5,
__label__1,
__label__2, が
__label__3,
__label__5,
__label__3, ただ
__label__5,
__label__1,
__label__3,
__label__1, また
__label__4,
__label__3,
__label__1,
__label__1, 若しくは
__label__1,
__label__4,
__label__3, ただ ただ
__label__1,
__label__1,
__label__1,
__label__2,
__label__4,
__label__2,
__label__3,
__label__1,
__label__5, そして そして また なぜなら
__label__4,
__label__5,
__label__4,
__label__2,
__label__4,
__label__3,
__label__3,
__label__1,
__label__5,
__label__5,
__label__2,
__label__4, でも
__label__1,
__label__1,
__label__4,
__label__4, また
__label__3,
__label__4, また また
__label__3,
__label__1,
__label__1,
__label__4,
__label__2,
__label__2,
__label__1,
__label__4,
__label__3, ただ しかしながら
__label__1, そして
__label__1, また
__label__4,
__label__1,
__label__2,
__label__5,
__label__3, ただ
__label__4, また
__label__1,
__label__3,
__label__3,
__label__1,
__label__2,
__label__3,
__label__3,
__label__1,
__label__1,
__label__1,
__label__3, でも
__label__5,
__label__1,
__label__2,
__label__2,
__label__2,
__label__1,
__label__3,
__label__3,
__label__1, しかも
__label__1,
__label__4,
__label__5,
__label__3,
__label__2,
__label__3, そこで
__label__1, でも でも
__label__2,
__label__4, が しかし
__label__1, そして
__label__2,
__label__1,
__label__4,
__label__2,
__label__3,
__label__1,
__label__4,
__label__3,
__label__2, でも
__label__2,
__label__3, しかし
__label__1,
__label__1,
__label__1,
__label__4,
__label__2,
__label__4, また
__label__3,
__label__4,
__label__2,
__label__5, そして そして
__label__1,
__label__3, しかも
__label__3,
__label__5,
__label__3,
__label__2, それでも
__label__1,
__label__2,
__label__4,
__label__1, でも
__label__4,
__label__2,
__label__4,
__label__1,
__label__4,
__label__3,
__label__2,
__label__1,
__label__3,
__label__1,
__label__4,
__label__4,
__label__5,
__label__3,
__label__2,
__label__3,
__label__1,
__label__2,
__label__1, そもそも
__label__2,
__label__1,
__label__4,
__label__2,
__label__1,
__label__3,
__label__2, また
__label__2, 例えば
__label__1, 又は
__label__3, また ただし
__label__1,
__label__5,
__label__3,
__label__5,
__label__5,
__label__1,
__label__1, けど
__label__5,
__label__5,
__label__1,
__label__5,
__label__4,
__label__3, でも
__label__3, だけど
__label__2,
__label__5,
__label__1,
__label__1,
__label__2,
__label__5,
__label__1,
__label__2, だから
__label__1,
__label__4, そして
__label__1,
__label__1,
__label__2, 又
__label__3,
__label__4,
__label__4,
__label__1,
__label__5,
__label__3,
__label__1,
__label__5,
__label__4,
__label__1,
__label__4,
__label__2,
__label__1,
__label__1,
__label__1,
__label__2, ただ
__label__2, また
__label__5,
__label__5,
__label__1,
__label__2,
__label__1, そして
__label__1,
__label__4, ただ そして
__label__1, で 実は そもそも
__label__1,
__label__3, しかし
__label__4, 但し
__label__2, また
__label__2, が
__label__4,
__label__3, ただ
__label__5,
__label__4,
__label__3, でも
__label__2, そもそも
__label__4, 若しくは
__label__4,
__label__4,
__label__4, ただ
__label__2,
__label__4,
__label__1,
__label__3, それで
__label__5, ちなみに
__label__1,
__label__4,
__label__4,
__label__1,
__label__2,
__label__3,
__label__1, また
__label__1, それでも
__label__1,
__label__3,
__label__4,
__label__2, それで
__label__1,
__label__3,
__label__3,
__label__1,
__label__4, しかも
__label__4, ちなみに
__label__3,
__label__1, けど
__label__4,
__label__1,
__label__3,
__label__3, ただ
__label__5,
__label__3,
__label__1,
__label__5,
__label__2,
__label__5, 若しくは
__label__1,
__label__1,
__label__1,
__label__2,
__label__5, なお
__label__3,
__label__5,
__label__2,
__label__4,
__label__1,
__label__1, まずは
__label__5, 又
__label__1,
__label__4,
__label__3,
__label__1,
__label__3, 本当は
__label__3, ただし しかし
__label__3,
__label__5, それで
__label__1, また
__label__1,
__label__1,
__label__3,
__label__3, ただ
__label__5,
__label__5,
__label__1, 故に
__label__4, ただ
__label__1,
__label__5,
__label__5,
__label__3, また
__label__1, ちなみに ちなみに
__label__1,
__label__4,
__label__5,
__label__4, ただ
__label__3, だから 一方
__label__3,
__label__5,
__label__2,
__label__5,
__label__1, 及び
__label__1,
__label__5,
__label__2,
__label__3,
__label__4, ただ しかしながら しかも そもそも
__label__4,
__label__4, また
__label__3,
__label__1, すなわち それと しかも そして そして また ましてや
__label__1,
__label__1,
__label__3,
__label__2, ただし
__label__4,
__label__4, しかし
__label__1,
__label__2, しかも
__label__3,
__label__2,
__label__4,
__label__1,
__label__1, しかも
__label__3,
__label__5,
__label__5, ただ
__label__5,
__label__2,
__label__1,
__label__5,
__label__1,
__label__2,
__label__1,
__label__4, それでも
__label__3,
__label__5,
__label__3,
__label__4,
__label__1,
__label__5,
__label__1,
__label__2,
__label__3,
__label__5,
__label__3,
__label__1, なお
__label__3,
__label__4,
__label__5, が
__label__4,
__label__2,
__label__1, しかし そもそも
__label__1, しかし そりゃ 故に また
__label__3,
__label__1,
__label__2, また
__label__2,
__label__1,
__label__3, なので
__label__5,
__label__5,
__label__1,
__label__2, また
__label__1, また
__label__1,
__label__3, ちなみに
__label__5, ただ
__label__2,
__label__1,
__label__1,
__label__1,
__label__4,
__label__2, ただ でも
__label__5, そして しかし いや でも また ないし ただ
__label__1,
__label__1, 及び
__label__2, 例えば つまり
__label__2, しかし
__label__5,
__label__1,
__label__1, ところが また しかし また
__label__1,
__label__1,
__label__2,
__label__1,
__label__4,
__label__1,
__label__4,
__label__2, しかし
__label__3,
__label__1, よって
__label__1, んじゃ
__label__2, また
__label__3,
__label__1,
__label__4,
__label__1,
__label__5,
__label__1,
__label__1,
__label__5,
__label__1, ただし ないし
__label__4,
__label__1,
__label__4,
__label__2,
__label__1, また だからといって
__label__2,
__label__5, そして
__label__3,
__label__1,
__label__2,
__label__2,
__label__5, そして しかし でも
__label__1,
__label__5,
__label__5,
__label__5,
__label__4,
__label__3,
__label__5,
__label__3,
__label__3,
__label__4,
__label__4,
__label__2,
__label__1,
__label__5,
__label__5, 因みに
__label__5,
__label__3,
__label__3, しかし
__label__5,
__label__1,
__label__4,
__label__1,
__label__3,
__label__5,
__label__1, したがって
__label__1,
__label__1,
__label__1,
__label__2,
__label__5,
__label__5,
__label__5,
__label__1,
__label__1, ちなみに ただ
__label__5,
__label__5, また
__label__1,
__label__1,
__label__1,
__label__5,
__label__3, しかし しかし
__label__2,
__label__1,
__label__4,
__label__1, また
__label__3, だが
__label__2,
__label__3,
__label__1,
__label__4, あるいは
__label__2,
__label__5,
__label__4,
__label__1,
__label__1,
__label__4,
__label__2,
__label__2,
__label__2,
__label__4,
__label__3, が が
__label__1,
__label__2, だから
__label__2, が
__label__4, ただ
__label__4, ただ
__label__2,
__label__1,
__label__5,
__label__1, また
__label__1,
__label__5,
__label__2, 故に
__label__1,
__label__5,
__label__1,
__label__1, ちなみに
__label__4,
__label__4,
__label__2,
__label__5,
__label__3, しかも
__label__3, ただ
__label__5,
__label__1,
__label__4,
__label__1, 即
__label__2, また
__label__1,
__label__2,
__label__4,
__label__2,
__label__1, また
__label__1,
__label__5,
__label__4, ただ
__label__1,
__label__4, ただ
__label__3,
__label__5,
__label__3,
__label__4, ちなみに
__label__4,
__label__3,
__label__5,
__label__4,
__label__2,
__label__5,
__label__4, が
__label__4,
__label__4,
__label__5,
__label__2, 及び また また
__label__1, それとも しかし
__label__5,
__label__2,
__label__4,
__label__5,
__label__1,
__label__5, なお なお
__label__5,
__label__5,
__label__1,
__label__3,
__label__1,
__label__1, ちなみに
__label__3,
__label__5,
__label__1,
__label__1,
__label__3,
__label__1,
__label__3,
__label__4, ただ
__label__2,
__label__4, ただし
__label__1, しかも
__label__4,
__label__4,
__label__1,
__label__1,
__label__5,
__label__1, ならば しかも ただ
__label__3,
__label__2,
__label__1,
__label__1,
__label__5,
__label__1, そもそも また
__label__3,
__label__3,
__label__5,
__label__2,
__label__5,
__label__4,
__label__5,
__label__1,
__label__1,
__label__4,
__label__1,
__label__1,
__label__1,
__label__3,
__label__3, けど
__label__2,
__label__1,
__label__3, だから でも
__label__1,
__label__2,
__label__4,
__label__5,
__label__5, また そこで だが
__label__3,
__label__1, また
__label__5,
__label__3,
__label__3, 例えば また ただ
__label__5,
__label__5,
__label__3,
__label__2, また
__label__1, が
__label__1, ただ
__label__2,
__label__1, なので
__label__3,
__label__2,
__label__2,
__label__1, ただ
__label__4,
__label__2,
__label__1,
__label__3,
__label__3,
__label__2,
__label__3,
__label__1,
__label__1,
__label__1,
__label__5,
__label__3,
__label__4,
__label__5,
__label__5,
__label__3,
__label__4,
__label__3, ただ
__label__4,
__label__1,
__label__5,
__label__5,
__label__1,
__label__4, かつ
__label__1,
__label__2,
__label__3,
__label__3,
__label__2,
__label__1,
__label__4,
__label__5, また
__label__4,
__label__4,
__label__3, しかも または
__label__1, また
__label__4,
__label__1, だから しかも
__label__3, ただ
__label__1,
__label__2,
__label__3,
__label__3, でも
__label__3,
__label__1,
__label__1, でも
__label__4,
__label__2, しかしながら
__label__4,
__label__3, が
__label__5,
__label__1,
__label__2,
__label__3,
__label__1, ただ
__label__1,
__label__1,
__label__4,
__label__4,
__label__5, そして
__label__1,
__label__4,
__label__5,
__label__2,
__label__3,
__label__3,
__label__3,
__label__1,
__label__1,
__label__4,
__label__4,
__label__3, ただし
__label__1,
__label__1,
__label__1,
__label__1, しかも
__label__5,
__label__1, また
__label__3,
__label__5,
__label__3,
__label__3, ただ
__label__2, ただ
__label__3,
__label__2,
__label__5,
__label__5, なので あるいは また
__label__1,
__label__3,
__label__1,
__label__4, が
__label__2,
__label__1,
__label__2,
__label__3,
__label__1, 又
__label__3,
__label__2,
__label__3,
__label__1,
__label__1,
__label__1, また
__label__3,
__label__4, また
__label__1, ただ
